<?xml version="1.0" encoding="UTF-8"?>
<coverage generated="1765900681506" clover="3.2.0">
  <project timestamp="1765900681506" name="All files">
    <metrics statements="1139" coveredstatements="940" conditionals="814" coveredconditionals="487" methods="294" coveredmethods="248" elements="2247" coveredelements="1675" complexity="0" loc="1139" ncloc="1139" packages="35" files="89" classes="89"/>
    <package name="src">
      <metrics statements="9" coveredstatements="8" conditionals="4" coveredconditionals="2" methods="2" coveredmethods="2"/>
      <file name="app.module.ts" path="C:\xampp\htdocs\node js-sql server 2\node js-sql server\src\app.module.ts">
        <metrics statements="1" coveredstatements="1" conditionals="0" coveredconditionals="0" methods="0" coveredmethods="0"/>
        <line num="61" count="6" type="stmt"/>
      </file>
      <file name="main.ts" path="C:\xampp\htdocs\node js-sql server 2\node js-sql server\src\main.ts">
        <metrics statements="8" coveredstatements="7" conditionals="4" coveredconditionals="2" methods="2" coveredmethods="2"/>
        <line num="31" count="1" type="stmt"/>
        <line num="32" count="1" type="cond" truecount="1" falsecount="1"/>
        <line num="33" count="1" type="stmt"/>
        <line num="37" count="1" type="stmt"/>
        <line num="38" count="1" type="stmt"/>
        <line num="39" count="1" type="stmt"/>
        <line num="42" count="1" type="cond" truecount="1" falsecount="1"/>
        <line num="43" count="0" type="stmt"/>
      </file>
    </package>
    <package name="src.application.contracts">
      <metrics statements="0" coveredstatements="0" conditionals="0" coveredconditionals="0" methods="0" coveredmethods="0"/>
      <file name="Auth.ts" path="C:\xampp\htdocs\node js-sql server 2\node js-sql server\src\application\contracts\Auth.ts">
        <metrics statements="0" coveredstatements="0" conditionals="0" coveredconditionals="0" methods="0" coveredmethods="0"/>
      </file>
    </package>
    <package name="src.application.dtos">
      <metrics statements="26" coveredstatements="24" conditionals="10" coveredconditionals="4" methods="2" coveredmethods="2"/>
      <file name="AuthDTOs.ts" path="C:\xampp\htdocs\node js-sql server 2\node js-sql server\src\application\dtos\AuthDTOs.ts">
        <metrics statements="3" coveredstatements="3" conditionals="0" coveredconditionals="0" methods="0" coveredmethods="0"/>
        <line num="10" count="8" type="stmt"/>
        <line num="17" count="8" type="stmt"/>
        <line num="23" count="8" type="stmt"/>
      </file>
      <file name="NinoDTOs.ts" path="C:\xampp\htdocs\node js-sql server 2\node js-sql server\src\application\dtos\NinoDTOs.ts">
        <metrics statements="7" coveredstatements="7" conditionals="0" coveredconditionals="0" methods="0" coveredmethods="0"/>
        <line num="12" count="9" type="stmt"/>
        <line num="14" count="9" type="stmt"/>
        <line num="36" count="9" type="stmt"/>
        <line num="37" count="9" type="stmt"/>
        <line num="38" count="9" type="stmt"/>
        <line num="40" count="9" type="stmt"/>
        <line num="45" count="9" type="stmt"/>
      </file>
      <file name="OrganizacionDTOs.ts" path="C:\xampp\htdocs\node js-sql server 2\node js-sql server\src\application\dtos\OrganizacionDTOs.ts">
        <metrics statements="9" coveredstatements="7" conditionals="10" coveredconditionals="4" methods="2" coveredmethods="2"/>
        <line num="10" count="9" type="stmt"/>
        <line num="21" count="9" type="stmt"/>
        <line num="22" count="5" type="cond" truecount="2" falsecount="3"/>
        <line num="23" count="0" type="stmt"/>
        <line num="31" count="9" type="stmt"/>
        <line num="33" count="9" type="stmt"/>
        <line num="34" count="6" type="cond" truecount="2" falsecount="3"/>
        <line num="35" count="0" type="stmt"/>
        <line num="46" count="9" type="stmt"/>
      </file>
      <file name="PeriodoDTOs.ts" path="C:\xampp\htdocs\node js-sql server 2\node js-sql server\src\application\dtos\PeriodoDTOs.ts">
        <metrics statements="3" coveredstatements="3" conditionals="0" coveredconditionals="0" methods="0" coveredmethods="0"/>
        <line num="10" count="9" type="stmt"/>
        <line num="18" count="9" type="stmt"/>
        <line num="19" count="9" type="stmt"/>
      </file>
      <file name="PersonaDTOs.ts" path="C:\xampp\htdocs\node js-sql server 2\node js-sql server\src\application\dtos\PersonaDTOs.ts">
        <metrics statements="4" coveredstatements="4" conditionals="0" coveredconditionals="0" methods="0" coveredmethods="0"/>
        <line num="12" count="9" type="stmt"/>
        <line num="14" count="9" type="stmt"/>
        <line num="32" count="9" type="stmt"/>
        <line num="33" count="9" type="stmt"/>
      </file>
    </package>
    <package name="src.application.repositories">
      <metrics statements="0" coveredstatements="0" conditionals="0" coveredconditionals="0" methods="0" coveredmethods="0"/>
      <file name="LogRepository.ts" path="C:\xampp\htdocs\node js-sql server 2\node js-sql server\src\application\repositories\LogRepository.ts">
        <metrics statements="0" coveredstatements="0" conditionals="0" coveredconditionals="0" methods="0" coveredmethods="0"/>
      </file>
      <file name="NinoRepository.ts" path="C:\xampp\htdocs\node js-sql server 2\node js-sql server\src\application\repositories\NinoRepository.ts">
        <metrics statements="0" coveredstatements="0" conditionals="0" coveredconditionals="0" methods="0" coveredmethods="0"/>
      </file>
      <file name="OrganizacionRepository.ts" path="C:\xampp\htdocs\node js-sql server 2\node js-sql server\src\application\repositories\OrganizacionRepository.ts">
        <metrics statements="0" coveredstatements="0" conditionals="0" coveredconditionals="0" methods="0" coveredmethods="0"/>
      </file>
      <file name="PeriodoRepository.ts" path="C:\xampp\htdocs\node js-sql server 2\node js-sql server\src\application\repositories\PeriodoRepository.ts">
        <metrics statements="0" coveredstatements="0" conditionals="0" coveredconditionals="0" methods="0" coveredmethods="0"/>
      </file>
      <file name="PersonaRepository.ts" path="C:\xampp\htdocs\node js-sql server 2\node js-sql server\src\application\repositories\PersonaRepository.ts">
        <metrics statements="0" coveredstatements="0" conditionals="0" coveredconditionals="0" methods="0" coveredmethods="0"/>
      </file>
      <file name="UserRepository.ts" path="C:\xampp\htdocs\node js-sql server 2\node js-sql server\src\application\repositories\UserRepository.ts">
        <metrics statements="0" coveredstatements="0" conditionals="0" coveredconditionals="0" methods="0" coveredmethods="0"/>
      </file>
    </package>
    <package name="src.application.use-cases.auth">
      <metrics statements="24" coveredstatements="22" conditionals="5" coveredconditionals="5" methods="6" coveredmethods="4"/>
      <file name="LoginUseCase.ts" path="C:\xampp\htdocs\node js-sql server 2\node js-sql server\src\application\use-cases\auth\LoginUseCase.ts">
        <metrics statements="18" coveredstatements="16" conditionals="5" coveredconditionals="5" methods="4" coveredmethods="2"/>
        <line num="25" count="7" type="stmt"/>
        <line num="27" count="7" type="stmt"/>
        <line num="28" count="7" type="stmt"/>
        <line num="29" count="7" type="stmt"/>
        <line num="30" count="7" type="cond" truecount="1" falsecount="0"/>
        <line num="38" count="3" type="stmt"/>
        <line num="39" count="3" type="stmt"/>
        <line num="40" count="3" type="cond" truecount="2" falsecount="0"/>
        <line num="41" count="1" type="stmt"/>
        <line num="44" count="2" type="stmt"/>
        <line num="45" count="2" type="cond" truecount="2" falsecount="0"/>
        <line num="46" count="1" type="stmt"/>
        <line num="49" count="1" type="stmt"/>
        <line num="51" count="1" type="stmt"/>
        <line num="56" count="1" type="stmt"/>
        <line num="64" count="0" type="stmt"/>
        <line num="68" count="1" type="stmt"/>
        <line num="74" count="0" type="stmt"/>
      </file>
      <file name="RefreshTokenUseCase.ts" path="C:\xampp\htdocs\node js-sql server 2\node js-sql server\src\application\use-cases\auth\RefreshTokenUseCase.ts">
        <metrics statements="6" coveredstatements="6" conditionals="0" coveredconditionals="0" methods="2" coveredmethods="2"/>
        <line num="21" count="7" type="stmt"/>
        <line num="22" count="5" type="stmt"/>
        <line num="29" count="1" type="stmt"/>
        <line num="30" count="1" type="stmt"/>
        <line num="31" count="1" type="stmt"/>
        <line num="33" count="1" type="stmt"/>
      </file>
    </package>
    <package name="src.application.use-cases.logs">
      <metrics statements="7" coveredstatements="7" conditionals="0" coveredconditionals="0" methods="3" coveredmethods="3"/>
      <file name="LogActivityUseCase.ts" path="C:\xampp\htdocs\node js-sql server 2\node js-sql server\src\application\use-cases\logs\LogActivityUseCase.ts">
        <metrics statements="7" coveredstatements="7" conditionals="0" coveredconditionals="0" methods="3" coveredmethods="3"/>
        <line num="32" count="23" type="stmt"/>
        <line num="33" count="28" type="stmt"/>
        <line num="40" count="25" type="stmt"/>
        <line num="48" count="23" type="stmt"/>
        <line num="50" count="24" type="stmt"/>
        <line num="51" count="24" type="stmt"/>
        <line num="67" count="23" type="stmt"/>
      </file>
    </package>
    <package name="src.application.use-cases.ninos">
      <metrics statements="87" coveredstatements="83" conditionals="76" coveredconditionals="60" methods="14" coveredmethods="14"/>
      <file name="AutoInhabilitarNinosUseCase.ts" path="C:\xampp\htdocs\node js-sql server 2\node js-sql server\src\application\use-cases\ninos\AutoInhabilitarNinosUseCase.ts">
        <metrics statements="6" coveredstatements="6" conditionals="4" coveredconditionals="4" methods="2" coveredmethods="2"/>
        <line num="26" count="7" type="stmt"/>
        <line num="28" count="6" type="stmt"/>
        <line num="29" count="6" type="cond" truecount="1" falsecount="0"/>
        <line num="38" count="2" type="stmt"/>
        <line num="40" count="2" type="stmt"/>
        <line num="52" count="2" type="stmt"/>
      </file>
      <file name="CreateNinoUseCase.ts" path="C:\xampp\htdocs\node js-sql server 2\node js-sql server\src\application\use-cases\ninos\CreateNinoUseCase.ts">
        <metrics statements="22" coveredstatements="20" conditionals="25" coveredconditionals="18" methods="2" coveredmethods="2"/>
        <line num="25" count="7" type="stmt"/>
        <line num="27" count="7" type="stmt"/>
        <line num="28" count="7" type="stmt"/>
        <line num="29" count="7" type="cond" truecount="1" falsecount="0"/>
        <line num="37" count="3" type="stmt"/>
        <line num="40" count="3" type="cond" truecount="5" falsecount="3"/>
        <line num="42" count="3" type="cond" truecount="1" falsecount="1"/>
        <line num="43" count="0" type="stmt"/>
        <line num="46" count="2" type="stmt"/>
        <line num="52" count="3" type="stmt"/>
        <line num="53" count="2" type="cond" truecount="1" falsecount="1"/>
        <line num="54" count="0" type="stmt"/>
        <line num="57" count="2" type="cond" truecount="1" falsecount="1"/>
        <line num="58" count="3" type="stmt"/>
        <line num="60" count="3" type="cond" truecount="2" falsecount="0"/>
        <line num="61" count="2" type="stmt"/>
        <line num="62" count="2" type="cond" truecount="4" falsecount="0"/>
        <line num="64" count="1" type="stmt"/>
        <line num="72" count="2" type="cond" truecount="2" falsecount="0"/>
        <line num="73" count="3" type="stmt"/>
        <line num="75" count="2" type="stmt"/>
        <line num="88" count="2" type="stmt"/>
      </file>
      <file name="GetNinoUseCase.ts" path="C:\xampp\htdocs\node js-sql server 2\node js-sql server\src\application\use-cases\ninos\GetNinoUseCase.ts">
        <metrics statements="6" coveredstatements="6" conditionals="2" coveredconditionals="2" methods="2" coveredmethods="2"/>
        <line num="21" count="7" type="stmt"/>
        <line num="22" count="6" type="stmt"/>
        <line num="29" count="2" type="stmt"/>
        <line num="30" count="2" type="cond" truecount="2" falsecount="0"/>
        <line num="31" count="1" type="stmt"/>
        <line num="33" count="1" type="stmt"/>
      </file>
      <file name="InhabilitarNinoUseCase.ts" path="C:\xampp\htdocs\node js-sql server 2\node js-sql server\src\application\use-cases\ninos\InhabilitarNinoUseCase.ts">
        <metrics statements="9" coveredstatements="9" conditionals="3" coveredconditionals="3" methods="2" coveredmethods="2"/>
        <line num="28" count="7" type="stmt"/>
        <line num="30" count="6" type="stmt"/>
        <line num="31" count="6" type="cond" truecount="1" falsecount="0"/>
        <line num="40" count="2" type="stmt"/>
        <line num="41" count="2" type="cond" truecount="2" falsecount="0"/>
        <line num="42" count="1" type="stmt"/>
        <line num="44" count="1" type="stmt"/>
        <line num="46" count="1" type="stmt"/>
        <line num="55" count="1" type="stmt"/>
      </file>
      <file name="ListNinosUseCase.ts" path="C:\xampp\htdocs\node js-sql server 2\node js-sql server\src\application\use-cases\ninos\ListNinosUseCase.ts">
        <metrics statements="3" coveredstatements="3" conditionals="0" coveredconditionals="0" methods="2" coveredmethods="2"/>
        <line num="20" count="7" type="stmt"/>
        <line num="21" count="5" type="stmt"/>
        <line num="28" count="1" type="stmt"/>
      </file>
      <file name="RestaurarNinoUseCase.ts" path="C:\xampp\htdocs\node js-sql server 2\node js-sql server\src\application\use-cases\ninos\RestaurarNinoUseCase.ts">
        <metrics statements="9" coveredstatements="9" conditionals="3" coveredconditionals="3" methods="2" coveredmethods="2"/>
        <line num="22" count="7" type="stmt"/>
        <line num="24" count="6" type="stmt"/>
        <line num="25" count="6" type="cond" truecount="1" falsecount="0"/>
        <line num="34" count="2" type="stmt"/>
        <line num="35" count="2" type="cond" truecount="2" falsecount="0"/>
        <line num="36" count="1" type="stmt"/>
        <line num="38" count="1" type="stmt"/>
        <line num="40" count="1" type="stmt"/>
        <line num="49" count="1" type="stmt"/>
      </file>
      <file name="UpdateNinoUseCase.ts" path="C:\xampp\htdocs\node js-sql server 2\node js-sql server\src\application\use-cases\ninos\UpdateNinoUseCase.ts">
        <metrics statements="32" coveredstatements="30" conditionals="39" coveredconditionals="30" methods="2" coveredmethods="2"/>
        <line num="26" count="7" type="stmt"/>
        <line num="28" count="7" type="stmt"/>
        <line num="29" count="7" type="stmt"/>
        <line num="30" count="7" type="cond" truecount="1" falsecount="0"/>
        <line num="39" count="3" type="stmt"/>
        <line num="40" count="3" type="cond" truecount="2" falsecount="0"/>
        <line num="41" count="1" type="stmt"/>
        <line num="43" count="2" type="stmt"/>
        <line num="46" count="2" type="cond" truecount="2" falsecount="0"/>
        <line num="49" count="3" type="cond" truecount="2" falsecount="0"/>
        <line num="50" count="3" type="cond" truecount="1" falsecount="1"/>
        <line num="51" count="3" type="cond" truecount="2" falsecount="2"/>
        <line num="52" count="0" type="stmt"/>
        <line num="55" count="2" type="cond" truecount="2" falsecount="0"/>
        <line num="56" count="3" type="cond" truecount="3" falsecount="0"/>
        <line num="57" count="3" type="stmt"/>
        <line num="62" count="3" type="stmt"/>
        <line num="63" count="3" type="stmt"/>
        <line num="65" count="3" type="cond" truecount="1" falsecount="1"/>
        <line num="66" count="0" type="stmt"/>
        <line num="68" count="2" type="stmt"/>
        <line num="70" count="2" type="cond" truecount="1" falsecount="1"/>
        <line num="71" count="2" type="cond" truecount="1" falsecount="1"/>
        <line num="73" count="2" type="stmt"/>
        <line num="75" count="2" type="cond" truecount="2" falsecount="0"/>
        <line num="76" count="1" type="stmt"/>
        <line num="77" count="1" type="cond" truecount="3" falsecount="1"/>
        <line num="78" count="1" type="stmt"/>
        <line num="79" count="1" type="stmt"/>
        <line num="83" count="2" type="stmt"/>
        <line num="85" count="2" type="stmt"/>
        <line num="94" count="2" type="stmt"/>
      </file>
    </package>
    <package name="src.application.use-cases.organizaciones">
      <metrics statements="49" coveredstatements="37" conditionals="38" coveredconditionals="11" methods="15" coveredmethods="12"/>
      <file name="CreateOrganizacionConProvidenciaUseCase.ts" path="C:\xampp\htdocs\node js-sql server 2\node js-sql server\src\application\use-cases\organizaciones\CreateOrganizacionConProvidenciaUseCase.ts">
        <metrics statements="13" coveredstatements="2" conditionals="24" coveredconditionals="0" methods="4" coveredmethods="1"/>
        <line num="11" count="6" type="stmt"/>
        <line num="12" count="4" type="stmt"/>
        <line num="15" count="0" type="stmt"/>
        <line num="16" count="0" type="stmt"/>
        <line num="17" count="0" type="stmt"/>
        <line num="18" count="0" type="stmt"/>
        <line num="20" count="0" type="stmt"/>
        <line num="21" count="0" type="stmt"/>
        <line num="26" count="0" type="cond" truecount="0" falsecount="2"/>
        <line num="27" count="0" type="stmt"/>
        <line num="29" count="0" type="stmt"/>
        <line num="32" count="0" type="stmt"/>
        <line num="45" count="0" type="stmt"/>
      </file>
      <file name="CreateOrganizacionUseCase.ts" path="C:\xampp\htdocs\node js-sql server 2\node js-sql server\src\application\use-cases\organizaciones\CreateOrganizacionUseCase.ts">
        <metrics statements="9" coveredstatements="8" conditionals="6" coveredconditionals="3" methods="3" coveredmethods="3"/>
        <line num="23" count="7" type="stmt"/>
        <line num="25" count="7" type="stmt"/>
        <line num="26" count="7" type="cond" truecount="1" falsecount="0"/>
        <line num="35" count="3" type="stmt"/>
        <line num="36" count="3" type="cond" truecount="2" falsecount="3"/>
        <line num="37" count="0" type="stmt"/>
        <line num="39" count="2" type="stmt"/>
        <line num="40" count="2" type="stmt"/>
        <line num="52" count="2" type="stmt"/>
      </file>
      <file name="DeleteOrganizacionUseCase.ts" path="C:\xampp\htdocs\node js-sql server 2\node js-sql server\src\application\use-cases\organizaciones\DeleteOrganizacionUseCase.ts">
        <metrics statements="8" coveredstatements="8" conditionals="3" coveredconditionals="3" methods="2" coveredmethods="2"/>
        <line num="22" count="7" type="stmt"/>
        <line num="24" count="7" type="stmt"/>
        <line num="25" count="7" type="cond" truecount="1" falsecount="0"/>
        <line num="33" count="2" type="stmt"/>
        <line num="34" count="2" type="cond" truecount="2" falsecount="0"/>
        <line num="35" count="1" type="stmt"/>
        <line num="37" count="1" type="stmt"/>
        <line num="39" count="1" type="stmt"/>
      </file>
      <file name="GetOrganizacionUseCase.ts" path="C:\xampp\htdocs\node js-sql server 2\node js-sql server\src\application\use-cases\organizaciones\GetOrganizacionUseCase.ts">
        <metrics statements="6" coveredstatements="6" conditionals="2" coveredconditionals="2" methods="2" coveredmethods="2"/>
        <line num="21" count="7" type="stmt"/>
        <line num="22" count="8" type="stmt"/>
        <line num="30" count="5" type="stmt"/>
        <line num="31" count="5" type="cond" truecount="2" falsecount="0"/>
        <line num="32" count="2" type="stmt"/>
        <line num="34" count="3" type="stmt"/>
      </file>
      <file name="ListOrganizacionesUseCase.ts" path="C:\xampp\htdocs\node js-sql server 2\node js-sql server\src\application\use-cases\organizaciones\ListOrganizacionesUseCase.ts">
        <metrics statements="3" coveredstatements="3" conditionals="0" coveredconditionals="0" methods="2" coveredmethods="2"/>
        <line num="20" count="6" type="stmt"/>
        <line num="21" count="6" type="stmt"/>
        <line num="29" count="3" type="stmt"/>
      </file>
      <file name="UpdateOrganizacionUseCase.ts" path="C:\xampp\htdocs\node js-sql server 2\node js-sql server\src\application\use-cases\organizaciones\UpdateOrganizacionUseCase.ts">
        <metrics statements="10" coveredstatements="10" conditionals="3" coveredconditionals="3" methods="2" coveredmethods="2"/>
        <line num="23" count="7" type="stmt"/>
        <line num="25" count="8" type="stmt"/>
        <line num="26" count="8" type="cond" truecount="1" falsecount="0"/>
        <line num="36" count="5" type="stmt"/>
        <line num="37" count="5" type="cond" truecount="2" falsecount="0"/>
        <line num="38" count="2" type="stmt"/>
        <line num="40" count="3" type="stmt"/>
        <line num="41" count="3" type="stmt"/>
        <line num="43" count="2" type="stmt"/>
        <line num="51" count="2" type="stmt"/>
      </file>
    </package>
    <package name="src.application.use-cases.periodos">
      <metrics statements="87" coveredstatements="73" conditionals="53" coveredconditionals="41" methods="18" coveredmethods="17"/>
      <file name="ActivatePeriodoUseCase.ts" path="C:\xampp\htdocs\node js-sql server 2\node js-sql server\src\application\use-cases\periodos\ActivatePeriodoUseCase.ts">
        <metrics statements="12" coveredstatements="12" conditionals="9" coveredconditionals="9" methods="2" coveredmethods="2"/>
        <line num="22" count="8" type="stmt"/>
        <line num="24" count="8" type="stmt"/>
        <line num="25" count="8" type="cond" truecount="1" falsecount="0"/>
        <line num="33" count="4" type="stmt"/>
        <line num="34" count="4" type="cond" truecount="2" falsecount="0"/>
        <line num="35" count="2" type="stmt"/>
        <line num="38" count="2" type="stmt"/>
        <line num="43" count="2" type="cond" truecount="2" falsecount="0"/>
        <line num="44" count="1" type="stmt"/>
        <line num="47" count="1" type="stmt"/>
        <line num="49" count="1" type="stmt"/>
        <line num="56" count="1" type="stmt"/>
      </file>
      <file name="ClosePeriodoUseCase.ts" path="C:\xampp\htdocs\node js-sql server 2\node js-sql server\src\application\use-cases\periodos\ClosePeriodoUseCase.ts">
        <metrics statements="9" coveredstatements="8" conditionals="3" coveredconditionals="2" methods="2" coveredmethods="2"/>
        <line num="22" count="7" type="stmt"/>
        <line num="24" count="5" type="stmt"/>
        <line num="25" count="5" type="cond" truecount="1" falsecount="0"/>
        <line num="33" count="1" type="stmt"/>
        <line num="34" count="1" type="cond" truecount="1" falsecount="1"/>
        <line num="35" count="0" type="stmt"/>
        <line num="37" count="1" type="stmt"/>
        <line num="39" count="1" type="stmt"/>
        <line num="46" count="1" type="stmt"/>
      </file>
      <file name="CreatePeriodoUseCase.ts" path="C:\xampp\htdocs\node js-sql server 2\node js-sql server\src\application\use-cases\periodos\CreatePeriodoUseCase.ts">
        <metrics statements="21" coveredstatements="17" conditionals="11" coveredconditionals="6" methods="5" coveredmethods="5"/>
        <line num="23" count="7" type="stmt"/>
        <line num="25" count="6" type="stmt"/>
        <line num="26" count="6" type="cond" truecount="1" falsecount="0"/>
        <line num="34" count="2" type="stmt"/>
        <line num="36" count="2" type="stmt"/>
        <line num="37" count="2" type="stmt"/>
        <line num="39" count="2" type="stmt"/>
        <line num="42" count="1" type="cond" truecount="1" falsecount="1"/>
        <line num="43" count="0" type="stmt"/>
        <line num="46" count="1" type="stmt"/>
        <line num="47" count="1" type="stmt"/>
        <line num="58" count="1" type="stmt"/>
        <line num="68" count="1" type="stmt"/>
        <line num="69" count="1" type="stmt"/>
        <line num="71" count="1" type="cond" truecount="1" falsecount="1"/>
        <line num="72" count="0" type="stmt"/>
        <line num="73" count="1" type="cond" truecount="1" falsecount="1"/>
        <line num="74" count="0" type="stmt"/>
        <line num="75" count="0" type="stmt"/>
        <line num="77" count="1" type="stmt"/>
        <line num="80" count="1" type="stmt"/>
      </file>
      <file name="GetPeriodoUseCase.ts" path="C:\xampp\htdocs\node js-sql server 2\node js-sql server\src\application\use-cases\periodos\GetPeriodoUseCase.ts">
        <metrics statements="6" coveredstatements="2" conditionals="2" coveredconditionals="0" methods="2" coveredmethods="1"/>
        <line num="21" count="6" type="stmt"/>
        <line num="22" count="4" type="stmt"/>
        <line num="29" count="0" type="stmt"/>
        <line num="30" count="0" type="cond" truecount="0" falsecount="2"/>
        <line num="31" count="0" type="stmt"/>
        <line num="33" count="0" type="stmt"/>
      </file>
      <file name="ListPeriodosUseCase.ts" path="C:\xampp\htdocs\node js-sql server 2\node js-sql server\src\application\use-cases\periodos\ListPeriodosUseCase.ts">
        <metrics statements="3" coveredstatements="3" conditionals="0" coveredconditionals="0" methods="2" coveredmethods="2"/>
        <line num="20" count="7" type="stmt"/>
        <line num="21" count="5" type="stmt"/>
        <line num="28" count="1" type="stmt"/>
      </file>
      <file name="OpenPeriodoUseCase.ts" path="C:\xampp\htdocs\node js-sql server 2\node js-sql server\src\application\use-cases\periodos\OpenPeriodoUseCase.ts">
        <metrics statements="12" coveredstatements="11" conditionals="9" coveredconditionals="8" methods="2" coveredmethods="2"/>
        <line num="22" count="7" type="stmt"/>
        <line num="24" count="6" type="stmt"/>
        <line num="25" count="6" type="cond" truecount="1" falsecount="0"/>
        <line num="33" count="2" type="stmt"/>
        <line num="34" count="2" type="cond" truecount="2" falsecount="0"/>
        <line num="35" count="1" type="stmt"/>
        <line num="38" count="1" type="stmt"/>
        <line num="43" count="1" type="cond" truecount="1" falsecount="1"/>
        <line num="44" count="0" type="stmt"/>
        <line num="47" count="1" type="stmt"/>
        <line num="49" count="1" type="stmt"/>
        <line num="56" count="1" type="stmt"/>
      </file>
      <file name="UpdatePeriodoUseCase.ts" path="C:\xampp\htdocs\node js-sql server 2\node js-sql server\src\application\use-cases\periodos\UpdatePeriodoUseCase.ts">
        <metrics statements="24" coveredstatements="20" conditionals="19" coveredconditionals="16" methods="3" coveredmethods="3"/>
        <line num="23" count="7" type="stmt"/>
        <line num="25" count="7" type="stmt"/>
        <line num="26" count="7" type="cond" truecount="1" falsecount="0"/>
        <line num="35" count="3" type="stmt"/>
        <line num="36" count="3" type="cond" truecount="2" falsecount="0"/>
        <line num="37" count="1" type="stmt"/>
        <line num="39" count="2" type="stmt"/>
        <line num="40" count="2" type="stmt"/>
        <line num="44" count="3" type="stmt"/>
        <line num="50" count="3" type="stmt"/>
        <line num="55" count="1" type="cond" truecount="1" falsecount="1"/>
        <line num="56" count="0" type="stmt"/>
        <line num="59" count="1" type="stmt"/>
        <line num="61" count="1" type="stmt"/>
        <line num="69" count="1" type="stmt"/>
        <line num="77" count="1" type="stmt"/>
        <line num="78" count="1" type="stmt"/>
        <line num="80" count="1" type="cond" truecount="1" falsecount="1"/>
        <line num="81" count="0" type="stmt"/>
        <line num="82" count="1" type="cond" truecount="1" falsecount="1"/>
        <line num="83" count="0" type="stmt"/>
        <line num="84" count="0" type="stmt"/>
        <line num="86" count="1" type="stmt"/>
        <line num="89" count="1" type="stmt"/>
      </file>
    </package>
    <package name="src.application.use-cases.personas">
      <metrics statements="45" coveredstatements="44" conditionals="14" coveredconditionals="13" methods="14" coveredmethods="14"/>
      <file name="CreatePersonaUseCase.ts" path="C:\xampp\htdocs\node js-sql server 2\node js-sql server\src\application\use-cases\personas\CreatePersonaUseCase.ts">
        <metrics statements="9" coveredstatements="9" conditionals="2" coveredconditionals="2" methods="3" coveredmethods="3"/>
        <line num="22" count="7" type="stmt"/>
        <line num="24" count="7" type="stmt"/>
        <line num="25" count="7" type="cond" truecount="1" falsecount="0"/>
        <line num="34" count="3" type="stmt"/>
        <line num="35" count="3" type="cond" truecount="1" falsecount="0"/>
        <line num="36" count="3" type="stmt"/>
        <line num="38" count="3" type="stmt"/>
        <line num="46" count="2" type="stmt"/>
        <line num="58" count="2" type="stmt"/>
      </file>
      <file name="DeletePersonaUseCase.ts" path="C:\xampp\htdocs\node js-sql server 2\node js-sql server\src\application\use-cases\personas\DeletePersonaUseCase.ts">
        <metrics statements="16" coveredstatements="15" conditionals="7" coveredconditionals="6" methods="5" coveredmethods="5"/>
        <line num="23" count="7" type="stmt"/>
        <line num="25" count="8" type="stmt"/>
        <line num="26" count="8" type="cond" truecount="1" falsecount="0"/>
        <line num="35" count="4" type="stmt"/>
        <line num="36" count="4" type="cond" truecount="2" falsecount="0"/>
        <line num="37" count="1" type="stmt"/>
        <line num="40" count="3" type="stmt"/>
        <line num="41" count="3" type="stmt"/>
        <line num="43" count="3" type="cond" truecount="2" falsecount="0"/>
        <line num="44" count="1" type="stmt"/>
        <line num="47" count="2" type="stmt"/>
        <line num="49" count="2" type="stmt"/>
        <line num="57" count="2" type="stmt"/>
        <line num="63" count="6" type="cond" truecount="1" falsecount="1"/>
        <line num="64" count="0" type="stmt"/>
        <line num="66" count="6" type="stmt"/>
      </file>
      <file name="GetPersonaUseCase.ts" path="C:\xampp\htdocs\node js-sql server 2\node js-sql server\src\application\use-cases\personas\GetPersonaUseCase.ts">
        <metrics statements="6" coveredstatements="6" conditionals="2" coveredconditionals="2" methods="2" coveredmethods="2"/>
        <line num="21" count="7" type="stmt"/>
        <line num="22" count="8" type="stmt"/>
        <line num="29" count="5" type="stmt"/>
        <line num="30" count="5" type="cond" truecount="2" falsecount="0"/>
        <line num="31" count="2" type="stmt"/>
        <line num="33" count="3" type="stmt"/>
      </file>
      <file name="ListPersonasUseCase.ts" path="C:\xampp\htdocs\node js-sql server 2\node js-sql server\src\application\use-cases\personas\ListPersonasUseCase.ts">
        <metrics statements="3" coveredstatements="3" conditionals="0" coveredconditionals="0" methods="2" coveredmethods="2"/>
        <line num="20" count="7" type="stmt"/>
        <line num="21" count="8" type="stmt"/>
        <line num="28" count="4" type="stmt"/>
      </file>
      <file name="UpdatePersonaUseCase.ts" path="C:\xampp\htdocs\node js-sql server 2\node js-sql server\src\application\use-cases\personas\UpdatePersonaUseCase.ts">
        <metrics statements="11" coveredstatements="11" conditionals="3" coveredconditionals="3" methods="2" coveredmethods="2"/>
        <line num="23" count="7" type="stmt"/>
        <line num="25" count="8" type="stmt"/>
        <line num="26" count="8" type="cond" truecount="1" falsecount="0"/>
        <line num="35" count="3" type="stmt"/>
        <line num="36" count="3" type="cond" truecount="2" falsecount="0"/>
        <line num="37" count="1" type="stmt"/>
        <line num="39" count="2" type="stmt"/>
        <line num="40" count="2" type="stmt"/>
        <line num="41" count="2" type="stmt"/>
        <line num="43" count="1" type="stmt"/>
        <line num="54" count="1" type="stmt"/>
      </file>
    </package>
    <package name="src.config">
      <metrics statements="16" coveredstatements="16" conditionals="4" coveredconditionals="2" methods="1" coveredmethods="1"/>
      <file name="auth.ts" path="C:\xampp\htdocs\node js-sql server 2\node js-sql server\src\config\auth.ts">
        <metrics statements="9" coveredstatements="9" conditionals="2" coveredconditionals="1" methods="1" coveredmethods="1"/>
        <line num="20" count="10" type="stmt"/>
        <line num="21" count="10" type="stmt"/>
        <line num="23" count="10" type="stmt"/>
        <line num="24" count="10" type="stmt"/>
        <line num="26" count="10" type="stmt"/>
        <line num="27" count="10" type="stmt"/>
        <line num="34" count="10" type="cond" truecount="1" falsecount="1"/>
        <line num="35" count="10" type="stmt"/>
        <line num="43" count="10" type="stmt"/>
      </file>
      <file name="env.ts" path="C:\xampp\htdocs\node js-sql server 2\node js-sql server\src\config\env.ts">
        <metrics statements="2" coveredstatements="2" conditionals="0" coveredconditionals="0" methods="0" coveredmethods="0"/>
        <line num="19" count="57" type="stmt"/>
        <line num="43" count="57" type="stmt"/>
      </file>
      <file name="module-alias.ts" path="C:\xampp\htdocs\node js-sql server 2\node js-sql server\src\config\module-alias.ts">
        <metrics statements="5" coveredstatements="5" conditionals="2" coveredconditionals="1" methods="0" coveredmethods="0"/>
        <line num="21" count="1" type="stmt"/>
        <line num="22" count="1" type="stmt"/>
        <line num="23" count="1" type="stmt"/>
        <line num="24" count="1" type="cond" truecount="1" falsecount="1"/>
        <line num="26" count="1" type="stmt"/>
      </file>
    </package>
    <package name="src.domain">
      <metrics statements="10" coveredstatements="10" conditionals="0" coveredconditionals="0" methods="5" coveredmethods="3"/>
      <file name="access-control.ts" path="C:\xampp\htdocs\node js-sql server 2\node js-sql server\src\domain\access-control.ts">
        <metrics statements="10" coveredstatements="10" conditionals="0" coveredconditionals="0" methods="5" coveredmethods="3"/>
        <line num="8" count="10" type="stmt"/>
        <line num="11" count="10" type="stmt"/>
        <line num="14" count="10" type="stmt"/>
        <line num="27" count="10" type="stmt"/>
        <line num="28" count="720" type="stmt"/>
        <line num="30" count="10" type="stmt"/>
        <line num="32" count="10" type="stmt"/>
        <line num="33" count="30" type="stmt"/>
        <line num="35" count="10" type="stmt"/>
        <line num="68" count="10" type="stmt"/>
      </file>
    </package>
    <package name="src.domain.services">
      <metrics statements="9" coveredstatements="8" conditionals="11" coveredconditionals="9" methods="3" coveredmethods="3"/>
      <file name="ninoRules.ts" path="C:\xampp\htdocs\node js-sql server 2\node js-sql server\src\domain\services\ninoRules.ts">
        <metrics statements="9" coveredstatements="8" conditionals="11" coveredconditionals="9" methods="3" coveredmethods="3"/>
        <line num="12" count="11" type="stmt"/>
        <line num="15" count="6" type="cond" truecount="1" falsecount="1"/>
        <line num="16" count="0" type="stmt"/>
        <line num="18" count="6" type="stmt"/>
        <line num="22" count="1" type="stmt"/>
        <line num="23" count="1" type="cond" truecount="2" falsecount="0"/>
        <line num="30" count="3" type="cond" truecount="1" falsecount="1"/>
        <line num="31" count="3" type="cond" truecount="2" falsecount="0"/>
        <line num="32" count="3" type="stmt"/>
      </file>
    </package>
    <package name="src.infra.auth">
      <metrics statements="8" coveredstatements="8" conditionals="4" coveredconditionals="3" methods="2" coveredmethods="2"/>
      <file name="PasetoService.ts" path="C:\xampp\htdocs\node js-sql server 2\node js-sql server\src\infra\auth\PasetoService.ts">
        <metrics statements="8" coveredstatements="8" conditionals="4" coveredconditionals="3" methods="2" coveredmethods="2"/>
        <line num="16" count="7" type="stmt"/>
        <line num="19" count="7" type="stmt"/>
        <line num="21" count="1" type="cond" truecount="1" falsecount="1"/>
        <line num="22" count="1" type="stmt"/>
        <line num="26" count="2" type="stmt"/>
        <line num="27" count="2" type="cond" truecount="2" falsecount="0"/>
        <line num="28" count="1" type="stmt"/>
        <line num="30" count="1" type="stmt"/>
      </file>
    </package>
    <package name="src.infra.cache">
      <metrics statements="29" coveredstatements="26" conditionals="18" coveredconditionals="11" methods="7" coveredmethods="6"/>
      <file name="cache.module.ts" path="C:\xampp\htdocs\node js-sql server 2\node js-sql server\src\infra\cache\cache.module.ts">
        <metrics statements="1" coveredstatements="1" conditionals="0" coveredconditionals="0" methods="0" coveredmethods="0"/>
        <line num="17" count="6" type="stmt"/>
      </file>
      <file name="redis.service.ts" path="C:\xampp\htdocs\node js-sql server 2\node js-sql server\src\infra\cache\redis.service.ts">
        <metrics statements="28" coveredstatements="25" conditionals="18" coveredconditionals="11" methods="7" coveredmethods="6"/>
        <line num="15" count="7" type="stmt"/>
        <line num="16" count="7" type="stmt"/>
        <line num="20" count="7" type="cond" truecount="4" falsecount="0"/>
        <line num="21" count="2" type="cond" truecount="1" falsecount="1"/>
        <line num="29" count="2" type="stmt"/>
        <line num="30" count="0" type="stmt"/>
        <line num="33" count="5" type="stmt"/>
        <line num="34" count="5" type="stmt"/>
        <line num="39" count="1" type="stmt"/>
        <line num="43" count="3" type="cond" truecount="2" falsecount="0"/>
        <line num="44" count="1" type="stmt"/>
        <line num="46" count="2" type="stmt"/>
        <line num="47" count="2" type="stmt"/>
        <line num="49" count="1" type="stmt"/>
        <line num="50" count="1" type="stmt"/>
        <line num="55" count="3" type="cond" truecount="1" falsecount="1"/>
        <line num="56" count="0" type="stmt"/>
        <line num="58" count="3" type="stmt"/>
        <line num="59" count="3" type="cond" truecount="2" falsecount="0"/>
        <line num="60" count="1" type="stmt"/>
        <line num="62" count="2" type="stmt"/>
        <line num="65" count="1" type="stmt"/>
        <line num="70" count="2" type="cond" truecount="1" falsecount="1"/>
        <line num="71" count="0" type="stmt"/>
        <line num="73" count="2" type="stmt"/>
        <line num="74" count="2" type="stmt"/>
        <line num="76" count="1" type="stmt"/>
        <line num="81" count="5" type="stmt"/>
      </file>
    </package>
    <package name="src.infra.database">
      <metrics statements="153" coveredstatements="135" conditionals="64" coveredconditionals="42" methods="26" coveredmethods="25"/>
      <file name="database.module.ts" path="C:\xampp\htdocs\node js-sql server 2\node js-sql server\src\infra\database\database.module.ts">
        <metrics statements="1" coveredstatements="1" conditionals="0" coveredconditionals="0" methods="0" coveredmethods="0"/>
        <line num="17" count="6" type="stmt"/>
      </file>
      <file name="seed.ts" path="C:\xampp\htdocs\node js-sql server 2\node js-sql server\src\infra\database\seed.ts">
        <metrics statements="152" coveredstatements="134" conditionals="64" coveredconditionals="42" methods="26" coveredmethods="25"/>
        <line num="26" count="1" type="stmt"/>
        <line num="29" count="1" type="stmt"/>
        <line num="31" count="1" type="stmt"/>
        <line num="32" count="24" type="stmt"/>
        <line num="33" count="24" type="stmt"/>
        <line num="39" count="24" type="stmt"/>
        <line num="42" count="1" type="stmt"/>
        <line num="46" count="1" type="stmt"/>
        <line num="48" count="1" type="stmt"/>
        <line num="49" count="5" type="stmt"/>
        <line num="55" count="5" type="stmt"/>
        <line num="56" count="72" type="stmt"/>
        <line num="57" count="5" type="cond" truecount="2" falsecount="0"/>
        <line num="58" count="4" type="stmt"/>
        <line num="59" count="72" type="stmt"/>
        <line num="63" count="5" type="stmt"/>
        <line num="66" count="1" type="stmt"/>
        <line num="70" count="1" type="stmt"/>
        <line num="71" count="1" type="stmt"/>
        <line num="72" count="1" type="stmt"/>
        <line num="84" count="1" type="stmt"/>
        <line num="85" count="1" type="stmt"/>
        <line num="93" count="1" type="cond" truecount="1" falsecount="1"/>
        <line num="94" count="0" type="stmt"/>
        <line num="96" count="1" type="stmt"/>
        <line num="101" count="1" type="stmt"/>
        <line num="103" count="1" type="stmt"/>
        <line num="105" count="4" type="stmt"/>
        <line num="113" count="4" type="stmt"/>
        <line num="117" count="1" type="stmt"/>
        <line num="122" count="1" type="stmt"/>
        <line num="124" count="2" type="stmt"/>
        <line num="132" count="2" type="stmt"/>
        <line num="136" count="1" type="stmt"/>
        <line num="142" count="1" type="stmt"/>
        <line num="144" count="1" type="stmt"/>
        <line num="145" count="3" type="stmt"/>
        <line num="146" count="3" type="cond" truecount="1" falsecount="1"/>
        <line num="147" count="0" type="stmt"/>
        <line num="148" count="0" type="stmt"/>
        <line num="149" count="0" type="stmt"/>
        <line num="152" count="3" type="stmt"/>
        <line num="153" count="3" type="stmt"/>
        <line num="156" count="3" type="stmt"/>
        <line num="160" count="1" type="stmt"/>
        <line num="202" count="1" type="stmt"/>
        <line num="203" count="1" type="stmt"/>
        <line num="204" count="3" type="cond" truecount="1" falsecount="1"/>
        <line num="205" count="3" type="stmt"/>
        <line num="206" count="3" type="cond" truecount="2" falsecount="2"/>
        <line num="208" count="3" type="stmt"/>
        <line num="224" count="3" type="cond" truecount="1" falsecount="1"/>
        <line num="225" count="0" type="stmt"/>
        <line num="226" count="0" type="stmt"/>
        <line num="228" count="3" type="stmt"/>
        <line num="229" count="3" type="stmt"/>
        <line num="233" count="1" type="stmt"/>
        <line num="237" count="1" type="stmt"/>
        <line num="258" count="1" type="stmt"/>
        <line num="260" count="1" type="stmt"/>
        <line num="261" count="2" type="stmt"/>
        <line num="262" count="2" type="stmt"/>
        <line num="274" count="2" type="stmt"/>
        <line num="275" count="2" type="cond" truecount="1" falsecount="1"/>
        <line num="276" count="0" type="stmt"/>
        <line num="277" count="0" type="stmt"/>
        <line num="279" count="2" type="stmt"/>
        <line num="280" count="2" type="stmt"/>
        <line num="284" count="1" type="stmt"/>
        <line num="288" count="1" type="stmt"/>
        <line num="294" count="1" type="stmt"/>
        <line num="296" count="3" type="stmt"/>
        <line num="297" count="3" type="stmt"/>
        <line num="298" count="3" type="cond" truecount="3" falsecount="1"/>
        <line num="299" count="0" type="stmt"/>
        <line num="302" count="3" type="stmt"/>
        <line num="303" count="3" type="stmt"/>
        <line num="305" count="3" type="stmt"/>
        <line num="322" count="1" type="stmt"/>
        <line num="339" count="1" type="stmt"/>
        <line num="341" count="1" type="stmt"/>
        <line num="342" count="2" type="stmt"/>
        <line num="343" count="2" type="stmt"/>
        <line num="344" count="2" type="stmt"/>
        <line num="345" count="2" type="cond" truecount="1" falsecount="1"/>
        <line num="346" count="0" type="stmt"/>
        <line num="347" count="0" type="stmt"/>
        <line num="349" count="2" type="stmt"/>
        <line num="350" count="2" type="stmt"/>
        <line num="354" count="1" type="stmt"/>
        <line num="358" count="1" type="stmt"/>
        <line num="364" count="1" type="stmt"/>
        <line num="366" count="3" type="stmt"/>
        <line num="367" count="3" type="stmt"/>
        <line num="368" count="3" type="cond" truecount="3" falsecount="1"/>
        <line num="369" count="0" type="stmt"/>
        <line num="372" count="3" type="stmt"/>
        <line num="374" count="3" type="stmt"/>
        <line num="384" count="1" type="stmt"/>
        <line num="441" count="1" type="stmt"/>
        <line num="443" count="1" type="stmt"/>
        <line num="444" count="1" type="cond" truecount="1" falsecount="1"/>
        <line num="446" count="1" type="stmt"/>
        <line num="447" count="3" type="stmt"/>
        <line num="448" count="3" type="stmt"/>
        <line num="449" count="3" type="stmt"/>
        <line num="450" count="3" type="cond" truecount="3" falsecount="1"/>
        <line num="451" count="0" type="stmt"/>
        <line num="454" count="3" type="cond" truecount="3" falsecount="1"/>
        <line num="456" count="3" type="cond" truecount="1" falsecount="1"/>
        <line num="462" count="3" type="cond" truecount="2" falsecount="0"/>
        <line num="464" count="3" type="stmt"/>
        <line num="486" count="3" type="stmt"/>
        <line num="487" count="3" type="cond" truecount="2" falsecount="0"/>
        <line num="488" count="2" type="stmt"/>
        <line num="489" count="2" type="stmt"/>
        <line num="491" count="1" type="stmt"/>
        <line num="492" count="1" type="stmt"/>
        <line num="496" count="1" type="stmt"/>
        <line num="500" count="1" type="stmt"/>
        <line num="505" count="1" type="stmt"/>
        <line num="507" count="2" type="stmt"/>
        <line num="508" count="2" type="stmt"/>
        <line num="509" count="2" type="cond" truecount="3" falsecount="1"/>
        <line num="510" count="0" type="stmt"/>
        <line num="513" count="2" type="stmt"/>
        <line num="523" count="1" type="stmt"/>
        <line num="524" count="1" type="stmt"/>
        <line num="526" count="1" type="stmt"/>
        <line num="528" count="1" type="stmt"/>
        <line num="529" count="1" type="stmt"/>
        <line num="530" count="1" type="stmt"/>
        <line num="531" count="1" type="stmt"/>
        <line num="532" count="1" type="cond" truecount="1" falsecount="1"/>
        <line num="533" count="0" type="stmt"/>
        <line num="536" count="1" type="stmt"/>
        <line num="537" count="1" type="stmt"/>
        <line num="538" count="1" type="stmt"/>
        <line num="539" count="1" type="stmt"/>
        <line num="540" count="1" type="stmt"/>
        <line num="541" count="1" type="stmt"/>
        <line num="542" count="1" type="stmt"/>
        <line num="543" count="1" type="stmt"/>
        <line num="544" count="1" type="stmt"/>
        <line num="545" count="1" type="stmt"/>
        <line num="546" count="1" type="stmt"/>
        <line num="548" count="1" type="stmt"/>
        <line num="550" count="1" type="stmt"/>
        <line num="554" count="1" type="cond" truecount="1" falsecount="1"/>
        <line num="555" count="0" type="stmt"/>
        <line num="556" count="0" type="stmt"/>
        <line num="557" count="0" type="stmt"/>
      </file>
    </package>
    <package name="src.infra.database.prisma">
      <metrics statements="18" coveredstatements="11" conditionals="10" coveredconditionals="7" methods="3" coveredmethods="3"/>
      <file name="prisma.service.ts" path="C:\xampp\htdocs\node js-sql server 2\node js-sql server\src\infra\database\prisma\prisma.service.ts">
        <metrics statements="18" coveredstatements="11" conditionals="10" coveredconditionals="7" methods="3" coveredmethods="3"/>
        <line num="13" count="57" type="stmt"/>
        <line num="14" count="57" type="cond" truecount="1" falsecount="1"/>
        <line num="15" count="0" type="stmt"/>
        <line num="19" count="57" type="stmt"/>
        <line num="20" count="57" type="stmt"/>
        <line num="23" count="2" type="stmt"/>
        <line num="25" count="2" type="cond" truecount="3" falsecount="1"/>
        <line num="26" count="0" type="stmt"/>
        <line num="29" count="2" type="stmt"/>
        <line num="35" count="2" type="stmt"/>
        <line num="39" count="2" type="cond" truecount="3" falsecount="1"/>
        <line num="40" count="2" type="stmt"/>
        <line num="43" count="0" type="stmt"/>
        <line num="44" count="0" type="stmt"/>
        <line num="45" count="0" type="stmt"/>
        <line num="47" count="0" type="stmt"/>
        <line num="48" count="0" type="stmt"/>
        <line num="49" count="2" type="stmt"/>
      </file>
    </package>
    <package name="src.infra.database.repositories">
      <metrics statements="231" coveredstatements="176" conditionals="362" coveredconditionals="202" methods="80" coveredmethods="67"/>
      <file name="FeatureFlaggedOrganizacionRepository.ts" path="C:\xampp\htdocs\node js-sql server 2\node js-sql server\src\infra\database\repositories\FeatureFlaggedOrganizacionRepository.ts">
        <metrics statements="8" coveredstatements="8" conditionals="2" coveredconditionals="2" methods="6" coveredmethods="6"/>
        <line num="12" count="2" type="stmt"/>
        <line num="13" count="2" type="stmt"/>
        <line num="17" count="2" type="cond" truecount="2" falsecount="0"/>
        <line num="18" count="2" type="stmt"/>
        <line num="22" count="1" type="stmt"/>
        <line num="26" count="2" type="stmt"/>
        <line num="30" count="1" type="stmt"/>
        <line num="34" count="1" type="stmt"/>
      </file>
      <file name="FeatureFlaggedPersonaRepository.ts" path="C:\xampp\htdocs\node js-sql server 2\node js-sql server\src\infra\database\repositories\FeatureFlaggedPersonaRepository.ts">
        <metrics statements="8" coveredstatements="8" conditionals="2" coveredconditionals="2" methods="6" coveredmethods="6"/>
        <line num="12" count="2" type="stmt"/>
        <line num="13" count="2" type="stmt"/>
        <line num="17" count="2" type="cond" truecount="2" falsecount="0"/>
        <line num="18" count="2" type="stmt"/>
        <line num="22" count="1" type="stmt"/>
        <line num="26" count="2" type="stmt"/>
        <line num="30" count="2" type="stmt"/>
        <line num="34" count="1" type="stmt"/>
      </file>
      <file name="PrismaLogRepository.ts" path="C:\xampp\htdocs\node js-sql server 2\node js-sql server\src\infra\database\repositories\PrismaLogRepository.ts">
        <metrics statements="6" coveredstatements="6" conditionals="24" coveredconditionals="15" methods="4" coveredmethods="4"/>
        <line num="23" count="7" type="stmt"/>
        <line num="24" count="6" type="stmt"/>
        <line num="27" count="2" type="stmt"/>
        <line num="28" count="2" type="stmt"/>
        <line num="32" count="2" type="stmt"/>
        <line num="45" count="2" type="stmt"/>
      </file>
      <file name="PrismaNinoRepository.ts" path="C:\xampp\htdocs\node js-sql server 2\node js-sql server\src\infra\database\repositories\PrismaNinoRepository.ts">
        <metrics statements="72" coveredstatements="42" conditionals="139" coveredconditionals="44" methods="20" coveredmethods="14"/>
        <line num="16" count="7" type="cond" truecount="3" falsecount="1"/>
        <line num="17" count="15" type="cond" truecount="2" falsecount="0"/>
        <line num="18" count="7" type="stmt"/>
        <line num="19" count="2" type="cond" truecount="1" falsecount="1"/>
        <line num="20" count="2" type="cond" truecount="2" falsecount="0"/>
        <line num="21" count="1" type="stmt"/>
        <line num="23" count="7" type="cond" truecount="1" falsecount="1"/>
        <line num="26" count="7" type="stmt"/>
        <line num="27" count="9" type="stmt"/>
        <line num="38" count="1" type="stmt"/>
        <line num="40" count="1" type="cond" truecount="1" falsecount="1"/>
        <line num="41" count="1" type="stmt"/>
        <line num="44" count="1" type="cond" truecount="1" falsecount="1"/>
        <line num="45" count="1" type="stmt"/>
        <line num="48" count="1" type="cond" truecount="1" falsecount="1"/>
        <line num="49" count="1" type="stmt"/>
        <line num="52" count="1" type="cond" truecount="2" falsecount="2"/>
        <line num="53" count="1" type="cond" truecount="1" falsecount="1"/>
        <line num="54" count="1" type="cond" truecount="1" falsecount="1"/>
        <line num="55" count="1" type="stmt"/>
        <line num="60" count="1" type="stmt"/>
        <line num="61" count="1" type="stmt"/>
        <line num="65" count="0" type="stmt"/>
        <line num="66" count="0" type="cond" truecount="0" falsecount="2"/>
        <line num="70" count="0" type="stmt"/>
        <line num="74" count="0" type="stmt"/>
        <line num="78" count="0" type="stmt"/>
        <line num="83" count="0" type="stmt"/>
        <line num="87" count="2" type="stmt"/>
        <line num="88" count="2" type="cond" truecount="2" falsecount="0"/>
        <line num="89" count="1" type="stmt"/>
        <line num="92" count="1" type="cond" truecount="3" falsecount="1"/>
        <line num="93" count="1" type="stmt"/>
        <line num="96" count="0" type="stmt"/>
        <line num="101" count="0" type="stmt"/>
        <line num="105" count="0" type="stmt"/>
        <line num="110" count="0" type="stmt"/>
        <line num="117" count="2" type="stmt"/>
        <line num="118" count="2" type="stmt"/>
        <line num="120" count="2" type="stmt"/>
        <line num="121" count="2" type="stmt"/>
        <line num="122" count="2" type="cond" truecount="1" falsecount="1"/>
        <line num="123" count="2" type="stmt"/>
        <line num="124" count="2" type="cond" truecount="2" falsecount="0"/>
        <line num="127" count="2" type="cond" truecount="2" falsecount="0"/>
        <line num="128" count="1" type="stmt"/>
        <line num="131" count="1" type="stmt"/>
        <line num="132" count="1" type="stmt"/>
        <line num="134" count="1" type="stmt"/>
        <line num="135" count="1" type="stmt"/>
        <line num="140" count="1" type="stmt"/>
        <line num="144" count="0" type="stmt"/>
        <line num="166" count="0" type="stmt"/>
        <line num="168" count="0" type="cond" truecount="0" falsecount="2"/>
        <line num="169" count="0" type="cond" truecount="0" falsecount="4"/>
        <line num="170" count="0" type="cond" truecount="0" falsecount="2"/>
        <line num="171" count="0" type="cond" truecount="0" falsecount="4"/>
        <line num="172" count="0" type="cond" truecount="0" falsecount="4"/>
        <line num="173" count="0" type="cond" truecount="0" falsecount="4"/>
        <line num="174" count="0" type="cond" truecount="0" falsecount="4"/>
        <line num="175" count="0" type="cond" truecount="0" falsecount="4"/>
        <line num="176" count="0" type="cond" truecount="0" falsecount="4"/>
        <line num="177" count="0" type="cond" truecount="0" falsecount="2"/>
        <line num="178" count="0" type="cond" truecount="0" falsecount="2"/>
        <line num="179" count="0" type="cond" truecount="0" falsecount="4"/>
        <line num="180" count="0" type="cond" truecount="0" falsecount="2"/>
        <line num="181" count="0" type="cond" truecount="0" falsecount="2"/>
        <line num="182" count="0" type="cond" truecount="0" falsecount="4"/>
        <line num="183" count="0" type="cond" truecount="0" falsecount="4"/>
        <line num="184" count="0" type="cond" truecount="0" falsecount="2"/>
        <line num="186" count="0" type="stmt"/>
        <line num="190" count="3" type="stmt"/>
      </file>
      <file name="PrismaOrganizacionRepository.ts" path="C:\xampp\htdocs\node js-sql server 2\node js-sql server\src\infra\database\repositories\PrismaOrganizacionRepository.ts">
        <metrics statements="35" coveredstatements="30" conditionals="46" coveredconditionals="38" methods="13" coveredmethods="11"/>
        <line num="28" count="7" type="stmt"/>
        <line num="29" count="14" type="stmt"/>
        <line num="32" count="5" type="stmt"/>
        <line num="34" count="5" type="cond" truecount="1" falsecount="1"/>
        <line num="35" count="5" type="stmt"/>
        <line num="38" count="5" type="cond" truecount="2" falsecount="0"/>
        <line num="39" count="2" type="stmt"/>
        <line num="42" count="5" type="stmt"/>
        <line num="48" count="0" type="stmt"/>
        <line num="49" count="0" type="stmt"/>
        <line num="52" count="1069" type="stmt"/>
        <line num="56" count="8" type="stmt"/>
        <line num="59" count="0" type="stmt"/>
        <line num="60" count="0" type="stmt"/>
        <line num="62" count="8" type="cond" truecount="2" falsecount="0"/>
        <line num="66" count="2" type="stmt"/>
        <line num="70" count="2" type="stmt"/>
        <line num="74" count="3" type="stmt"/>
        <line num="80" count="1" type="cond" truecount="3" falsecount="1"/>
        <line num="81" count="1" type="stmt"/>
        <line num="83" count="0" type="stmt"/>
        <line num="86" count="2" type="stmt"/>
        <line num="90" count="1" type="stmt"/>
        <line num="94" count="1078" type="stmt"/>
        <line num="111" count="2" type="stmt"/>
        <line num="124" count="3" type="stmt"/>
        <line num="126" count="3" type="cond" truecount="1" falsecount="1"/>
        <line num="127" count="3" type="cond" truecount="1" falsecount="1"/>
        <line num="128" count="3" type="cond" truecount="1" falsecount="1"/>
        <line num="129" count="3" type="cond" truecount="2" falsecount="0"/>
        <line num="130" count="3" type="cond" truecount="1" falsecount="1"/>
        <line num="131" count="3" type="cond" truecount="1" falsecount="1"/>
        <line num="132" count="3" type="cond" truecount="1" falsecount="1"/>
        <line num="133" count="3" type="cond" truecount="2" falsecount="0"/>
        <line num="135" count="3" type="stmt"/>
      </file>
      <file name="PrismaPeriodoRepository.ts" path="C:\xampp\htdocs\node js-sql server 2\node js-sql server\src\infra\database\repositories\PrismaPeriodoRepository.ts">
        <metrics statements="34" coveredstatements="17" conditionals="40" coveredconditionals="12" methods="15" coveredmethods="10"/>
        <line num="23" count="7" type="stmt"/>
        <line num="24" count="8" type="stmt"/>
        <line num="27" count="1" type="stmt"/>
        <line num="32" count="1" type="stmt"/>
        <line num="33" count="1" type="stmt"/>
        <line num="37" count="0" type="stmt"/>
        <line num="38" count="0" type="cond" truecount="0" falsecount="2"/>
        <line num="42" count="0" type="cond" truecount="0" falsecount="2"/>
        <line num="43" count="0" type="cond" truecount="0" falsecount="2"/>
        <line num="45" count="0" type="stmt"/>
        <line num="53" count="0" type="cond" truecount="0" falsecount="2"/>
        <line num="57" count="1" type="stmt"/>
        <line num="58" count="1" type="stmt"/>
        <line num="62" count="0" type="stmt"/>
        <line num="63" count="0" type="stmt"/>
        <line num="67" count="1" type="stmt"/>
        <line num="69" count="1" type="stmt"/>
        <line num="74" count="1" type="stmt"/>
        <line num="77" count="1" type="stmt"/>
        <line num="81" count="0" type="stmt"/>
        <line num="82" count="0" type="stmt"/>
        <line num="87" count="1" type="stmt"/>
        <line num="89" count="1" type="stmt"/>
        <line num="90" count="1" type="stmt"/>
        <line num="93" count="1" type="stmt"/>
        <line num="97" count="1" type="stmt"/>
        <line num="107" count="0" type="stmt"/>
        <line num="108" count="0" type="cond" truecount="0" falsecount="2"/>
        <line num="109" count="0" type="cond" truecount="0" falsecount="4"/>
        <line num="110" count="0" type="cond" truecount="0" falsecount="4"/>
        <line num="111" count="0" type="cond" truecount="0" falsecount="2"/>
        <line num="112" count="0" type="cond" truecount="0" falsecount="2"/>
        <line num="113" count="0" type="stmt"/>
        <line num="119" count="4" type="stmt"/>
      </file>
      <file name="PrismaPersonaRepository.ts" path="C:\xampp\htdocs\node js-sql server 2\node js-sql server\src\infra\database\repositories\PrismaPersonaRepository.ts">
        <metrics statements="61" coveredstatements="58" conditionals="102" coveredconditionals="83" methods="14" coveredmethods="14"/>
        <line num="23" count="7" type="stmt"/>
        <line num="27" count="7" type="stmt"/>
        <line num="28" count="9" type="cond" truecount="1" falsecount="1"/>
        <line num="29" count="9" type="stmt"/>
        <line num="32" count="7" type="stmt"/>
        <line num="33" count="9" type="cond" truecount="2" falsecount="0"/>
        <line num="41" count="7" type="stmt"/>
        <line num="42" count="17" type="stmt"/>
        <line num="45" count="3" type="stmt"/>
        <line num="47" count="3" type="cond" truecount="1" falsecount="1"/>
        <line num="48" count="3" type="stmt"/>
        <line num="53" count="3" type="cond" truecount="1" falsecount="1"/>
        <line num="54" count="3" type="stmt"/>
        <line num="55" count="3" type="stmt"/>
        <line num="62" count="3" type="stmt"/>
        <line num="68" count="3" type="stmt"/>
        <line num="73" count="6" type="stmt"/>
        <line num="78" count="6" type="cond" truecount="2" falsecount="0"/>
        <line num="82" count="4" type="stmt"/>
        <line num="83" count="4" type="stmt"/>
        <line num="84" count="3" type="stmt"/>
        <line num="92" count="3" type="stmt"/>
        <line num="96" count="3" type="stmt"/>
        <line num="97" count="3" type="stmt"/>
        <line num="98" count="3" type="stmt"/>
        <line num="108" count="1" type="cond" truecount="3" falsecount="1"/>
        <line num="109" count="1" type="stmt"/>
        <line num="111" count="0" type="stmt"/>
        <line num="114" count="2" type="stmt"/>
        <line num="118" count="2" type="stmt"/>
        <line num="122" count="12" type="stmt"/>
        <line num="154" count="3" type="stmt"/>
        <line num="173" count="3" type="stmt"/>
        <line num="175" count="3" type="cond" truecount="2" falsecount="0"/>
        <line num="176" count="3" type="cond" truecount="1" falsecount="1"/>
        <line num="177" count="3" type="cond" truecount="1" falsecount="1"/>
        <line num="178" count="3" type="cond" truecount="1" falsecount="1"/>
        <line num="179" count="3" type="cond" truecount="1" falsecount="1"/>
        <line num="180" count="3" type="cond" truecount="1" falsecount="1"/>
        <line num="181" count="3" type="cond" truecount="1" falsecount="1"/>
        <line num="182" count="3" type="cond" truecount="2" falsecount="0"/>
        <line num="183" count="3" type="cond" truecount="1" falsecount="1"/>
        <line num="184" count="3" type="cond" truecount="1" falsecount="1"/>
        <line num="185" count="3" type="cond" truecount="1" falsecount="1"/>
        <line num="186" count="3" type="cond" truecount="1" falsecount="1"/>
        <line num="187" count="3" type="cond" truecount="1" falsecount="1"/>
        <line num="188" count="3" type="cond" truecount="1" falsecount="1"/>
        <line num="190" count="3" type="stmt"/>
        <line num="194" count="7" type="cond" truecount="1" falsecount="1"/>
        <line num="195" count="0" type="stmt"/>
        <line num="198" count="7" type="cond" truecount="2" falsecount="0"/>
        <line num="199" count="2" type="stmt"/>
        <line num="202" count="5" type="stmt"/>
        <line num="203" count="5" type="cond" truecount="2" falsecount="0"/>
        <line num="204" count="1" type="stmt"/>
        <line num="207" count="4" type="cond" truecount="1" falsecount="1"/>
        <line num="208" count="0" type="stmt"/>
        <line num="211" count="4" type="stmt"/>
        <line num="212" count="4" type="cond" truecount="2" falsecount="0"/>
        <line num="213" count="1" type="stmt"/>
        <line num="216" count="3" type="stmt"/>
      </file>
      <file name="PrismaUserRepository.ts" path="C:\xampp\htdocs\node js-sql server 2\node js-sql server\src\infra\database\repositories\PrismaUserRepository.ts">
        <metrics statements="7" coveredstatements="7" conditionals="7" coveredconditionals="6" methods="2" coveredmethods="2"/>
        <line num="14" count="7" type="stmt"/>
        <line num="15" count="6" type="stmt"/>
        <line num="19" count="3" type="stmt"/>
        <line num="24" count="3" type="cond" truecount="5" falsecount="0"/>
        <line num="25" count="2" type="stmt"/>
        <line num="28" count="1" type="cond" truecount="1" falsecount="1"/>
        <line num="32" count="3" type="stmt"/>
      </file>
    </package>
    <package name="src.infra.jobs">
      <metrics statements="10" coveredstatements="7" conditionals="2" coveredconditionals="1" methods="2" coveredmethods="1"/>
      <file name="autoInhabilitarJob.ts" path="C:\xampp\htdocs\node js-sql server 2\node js-sql server\src\infra\jobs\autoInhabilitarJob.ts">
        <metrics statements="10" coveredstatements="7" conditionals="2" coveredconditionals="1" methods="2" coveredmethods="1"/>
        <line num="15" count="2" type="stmt"/>
        <line num="17" count="2" type="stmt"/>
        <line num="18" count="2" type="stmt"/>
        <line num="19" count="2" type="stmt"/>
        <line num="20" count="1" type="stmt"/>
        <line num="22" count="2" type="stmt"/>
        <line num="26" count="1" type="cond" truecount="1" falsecount="1"/>
        <line num="27" count="0" type="stmt"/>
        <line num="28" count="0" type="stmt"/>
        <line num="29" count="0" type="stmt"/>
      </file>
    </package>
    <package name="src.infra.reporting">
      <metrics statements="38" coveredstatements="1" conditionals="28" coveredconditionals="0" methods="13" coveredmethods="0"/>
      <file name="reporting.service.ts" path="C:\xampp\htdocs\node js-sql server 2\node js-sql server\src\infra\reporting\reporting.service.ts">
        <metrics statements="38" coveredstatements="1" conditionals="28" coveredconditionals="0" methods="13" coveredmethods="0"/>
        <line num="28" count="6" type="stmt"/>
        <line num="47" count="0" type="stmt"/>
        <line num="49" count="0" type="stmt"/>
        <line num="52" count="0" type="stmt"/>
        <line num="70" count="0" type="stmt"/>
        <line num="72" count="0" type="stmt"/>
        <line num="73" count="0" type="stmt"/>
        <line num="75" count="0" type="stmt"/>
        <line num="76" count="0" type="stmt"/>
        <line num="77" count="0" type="stmt"/>
        <line num="78" count="0" type="stmt"/>
        <line num="79" count="0" type="stmt"/>
        <line num="80" count="0" type="stmt"/>
        <line num="87" count="0" type="stmt"/>
        <line num="88" count="0" type="stmt"/>
        <line num="89" count="0" type="cond" truecount="0" falsecount="2"/>
        <line num="91" count="0" type="cond" truecount="0" falsecount="2"/>
        <line num="92" count="0" type="stmt"/>
        <line num="93" count="0" type="stmt"/>
        <line num="94" count="0" type="cond" truecount="0" falsecount="2"/>
        <line num="97" count="0" type="stmt"/>
        <line num="98" count="0" type="stmt"/>
        <line num="99" count="0" type="stmt"/>
        <line num="101" count="0" type="stmt"/>
        <line num="102" count="0" type="stmt"/>
        <line num="104" count="0" type="stmt"/>
        <line num="105" count="0" type="cond" truecount="0" falsecount="2"/>
        <line num="108" count="0" type="stmt"/>
        <line num="109" count="0" type="cond" truecount="0" falsecount="2"/>
        <line num="113" count="0" type="cond" truecount="0" falsecount="2"/>
        <line num="114" count="0" type="stmt"/>
        <line num="115" count="0" type="stmt"/>
        <line num="116" count="0" type="stmt"/>
        <line num="120" count="0" type="cond" truecount="0" falsecount="2"/>
        <line num="121" count="0" type="cond" truecount="0" falsecount="4"/>
        <line num="122" count="0" type="cond" truecount="0" falsecount="4"/>
        <line num="123" count="0" type="cond" truecount="0" falsecount="4"/>
        <line num="124" count="0" type="stmt"/>
      </file>
    </package>
    <package name="src.infra.security">
      <metrics statements="3" coveredstatements="3" conditionals="0" coveredconditionals="0" methods="2" coveredmethods="2"/>
      <file name="BcryptProvider.ts" path="C:\xampp\htdocs\node js-sql server 2\node js-sql server\src\infra\security\BcryptProvider.ts">
        <metrics statements="3" coveredstatements="3" conditionals="0" coveredconditionals="0" methods="2" coveredmethods="2"/>
        <line num="14" count="7" type="stmt"/>
        <line num="16" count="1" type="stmt"/>
        <line num="20" count="1" type="stmt"/>
      </file>
    </package>
    <package name="src.modules.auth">
      <metrics statements="24" coveredstatements="19" conditionals="6" coveredconditionals="3" methods="6" coveredmethods="5"/>
      <file name="auth.controller.ts" path="C:\xampp\htdocs\node js-sql server 2\node js-sql server\src\modules\auth\auth.controller.ts">
        <metrics statements="16" coveredstatements="15" conditionals="4" coveredconditionals="3" methods="4" coveredmethods="4"/>
        <line num="39" count="7" type="stmt"/>
        <line num="41" count="7" type="stmt"/>
        <line num="42" count="7" type="stmt"/>
        <line num="47" count="7" type="stmt"/>
        <line num="51" count="1" type="stmt"/>
        <line num="52" count="1" type="stmt"/>
        <line num="53" count="1" type="stmt"/>
        <line num="58" count="7" type="stmt"/>
        <line num="63" count="2" type="cond" truecount="2" falsecount="0"/>
        <line num="64" count="2" type="cond" truecount="1" falsecount="1"/>
        <line num="65" count="0" type="stmt"/>
        <line num="68" count="2" type="stmt"/>
        <line num="69" count="2" type="stmt"/>
        <line num="70" count="2" type="stmt"/>
        <line num="74" count="3" type="stmt"/>
        <line num="79" count="3" type="stmt"/>
      </file>
      <file name="auth.module.ts" path="C:\xampp\htdocs\node js-sql server 2\node js-sql server\src\modules\auth\auth.module.ts">
        <metrics statements="1" coveredstatements="1" conditionals="0" coveredconditionals="0" methods="0" coveredmethods="0"/>
        <line num="41" count="6" type="stmt"/>
      </file>
      <file name="roles.controller.ts" path="C:\xampp\htdocs\node js-sql server 2\node js-sql server\src\modules\auth\roles.controller.ts">
        <metrics statements="7" coveredstatements="3" conditionals="2" coveredconditionals="0" methods="2" coveredmethods="1"/>
        <line num="9" count="6" type="stmt"/>
        <line num="10" count="4" type="stmt"/>
        <line num="14" count="6" type="stmt"/>
        <line num="15" count="0" type="stmt"/>
        <line num="17" count="0" type="cond" truecount="0" falsecount="2"/>
        <line num="19" count="0" type="stmt"/>
        <line num="22" count="0" type="stmt"/>
      </file>
    </package>
    <package name="src.modules.auth.decorators">
      <metrics statements="10" coveredstatements="10" conditionals="7" coveredconditionals="6" methods="4" coveredmethods="4"/>
      <file name="auth-user.decorator.ts" path="C:\xampp\htdocs\node js-sql server 2\node js-sql server\src\modules\auth\decorators\auth-user.decorator.ts">
        <metrics statements="3" coveredstatements="3" conditionals="0" coveredconditionals="0" methods="1" coveredmethods="1"/>
        <line num="12" count="7" type="stmt"/>
        <line num="13" count="2" type="stmt"/>
        <line num="14" count="2" type="stmt"/>
      </file>
      <file name="permissions.decorator.ts" path="C:\xampp\htdocs\node js-sql server 2\node js-sql server\src\modules\auth\decorators\permissions.decorator.ts">
        <metrics statements="5" coveredstatements="5" conditionals="7" coveredconditionals="6" methods="2" coveredmethods="2"/>
        <line num="12" count="12" type="stmt"/>
        <line num="26" count="203" type="stmt"/>
        <line num="33" count="203" type="cond" truecount="5" falsecount="0"/>
        <line num="34" count="84" type="stmt"/>
        <line num="37" count="119" type="stmt"/>
      </file>
      <file name="public.decorator.ts" path="C:\xampp\htdocs\node js-sql server 2\node js-sql server\src\modules\auth\decorators\public.decorator.ts">
        <metrics statements="2" coveredstatements="2" conditionals="0" coveredconditionals="0" methods="1" coveredmethods="1"/>
        <line num="10" count="8" type="stmt"/>
        <line num="11" count="20" type="stmt"/>
      </file>
    </package>
    <package name="src.modules.auth.guards">
      <metrics statements="45" coveredstatements="43" conditionals="26" coveredconditionals="23" methods="7" coveredmethods="7"/>
      <file name="paseto-auth.guard.ts" path="C:\xampp\htdocs\node js-sql server 2\node js-sql server\src\modules\auth\guards\paseto-auth.guard.ts">
        <metrics statements="23" coveredstatements="22" conditionals="12" coveredconditionals="11" methods="2" coveredmethods="2"/>
        <line num="18" count="7" type="stmt"/>
        <line num="23" count="9" type="stmt"/>
        <line num="24" count="9" type="stmt"/>
        <line num="26" count="9" type="cond" truecount="2" falsecount="0"/>
        <line num="30" count="5" type="stmt"/>
        <line num="35" count="5" type="cond" truecount="2" falsecount="0"/>
        <line num="36" count="1" type="stmt"/>
        <line num="39" count="4" type="stmt"/>
        <line num="40" count="4" type="stmt"/>
        <line num="41" count="4" type="cond" truecount="2" falsecount="0"/>
        <line num="44" count="5" type="stmt"/>
        <line num="45" count="5" type="cond" truecount="2" falsecount="0"/>
        <line num="47" count="5" type="cond" truecount="2" falsecount="0"/>
        <line num="48" count="1" type="stmt"/>
        <line num="51" count="3" type="stmt"/>
        <line num="52" count="3" type="stmt"/>
        <line num="53" count="2" type="stmt"/>
        <line num="54" count="2" type="cond" truecount="1" falsecount="1"/>
        <line num="55" count="0" type="stmt"/>
        <line num="58" count="2" type="stmt"/>
        <line num="59" count="2" type="stmt"/>
        <line num="60" count="2" type="stmt"/>
        <line num="62" count="1" type="stmt"/>
      </file>
      <file name="permissions.guard.ts" path="C:\xampp\htdocs\node js-sql server 2\node js-sql server\src\modules\auth\guards\permissions.guard.ts">
        <metrics statements="22" coveredstatements="21" conditionals="14" coveredconditionals="12" methods="5" coveredmethods="5"/>
        <line num="17" count="7" type="stmt"/>
        <line num="18" count="9" type="stmt"/>
        <line num="21" count="5" type="stmt"/>
        <line num="26" count="5" type="cond" truecount="2" falsecount="0"/>
        <line num="27" count="1" type="stmt"/>
        <line num="30" count="4" type="stmt"/>
        <line num="32" count="4" type="cond" truecount="1" falsecount="1"/>
        <line num="33" count="0" type="stmt"/>
        <line num="36" count="4" type="stmt"/>
        <line num="37" count="4" type="stmt"/>
        <line num="39" count="4" type="cond" truecount="2" falsecount="0"/>
        <line num="40" count="1" type="stmt"/>
        <line num="44" count="3" type="cond" truecount="2" falsecount="0"/>
        <line num="45" count="2" type="stmt"/>
        <line num="46" count="3" type="stmt"/>
        <line num="48" count="5" type="cond" truecount="2" falsecount="0"/>
        <line num="49" count="1" type="cond" truecount="1" falsecount="1"/>
        <line num="50" count="1" type="stmt"/>
        <line num="53" count="2" type="stmt"/>
        <line num="57" count="4" type="cond" truecount="2" falsecount="0"/>
        <line num="58" count="1" type="stmt"/>
        <line num="61" count="3" type="stmt"/>
      </file>
    </package>
    <package name="src.modules.auth.services">
      <metrics statements="45" coveredstatements="34" conditionals="23" coveredconditionals="10" methods="13" coveredmethods="10"/>
      <file name="authorization.service.ts" path="C:\xampp\htdocs\node js-sql server 2\node js-sql server\src\modules\auth\services\authorization.service.ts">
        <metrics statements="36" coveredstatements="31" conditionals="19" coveredconditionals="10" methods="10" coveredmethods="9"/>
        <line num="15" count="7" type="stmt"/>
        <line num="16" count="7" type="stmt"/>
        <line num="19" count="7" type="stmt"/>
        <line num="21" count="9" type="stmt"/>
        <line num="22" count="9" type="stmt"/>
        <line num="26" count="2" type="stmt"/>
        <line num="31" count="2" type="cond" truecount="2" falsecount="0"/>
        <line num="32" count="1" type="stmt"/>
        <line num="35" count="1" type="cond" truecount="1" falsecount="1"/>
        <line num="36" count="1" type="stmt"/>
        <line num="44" count="2" type="stmt"/>
        <line num="46" count="1" type="stmt"/>
        <line num="55" count="1" type="stmt"/>
        <line num="63" count="0" type="stmt"/>
        <line num="68" count="0" type="cond" truecount="0" falsecount="4"/>
        <line num="70" count="0" type="stmt"/>
        <line num="73" count="0" type="cond" truecount="0" falsecount="2"/>
        <line num="74" count="0" type="stmt"/>
        <line num="79" count="1" type="stmt"/>
        <line num="80" count="1" type="stmt"/>
        <line num="82" count="1" type="stmt"/>
        <line num="83" count="1" type="stmt"/>
        <line num="84" count="2" type="stmt"/>
        <line num="87" count="1" type="stmt"/>
        <line num="91" count="3" type="stmt"/>
        <line num="92" count="3" type="stmt"/>
        <line num="94" count="3" type="cond" truecount="2" falsecount="0"/>
        <line num="95" count="2" type="stmt"/>
        <line num="96" count="2" type="stmt"/>
        <line num="102" count="2" type="stmt"/>
        <line num="113" count="2" type="cond" truecount="2" falsecount="0"/>
        <line num="114" count="1" type="stmt"/>
        <line num="117" count="1" type="cond" truecount="1" falsecount="1"/>
        <line num="118" count="2" type="stmt"/>
        <line num="121" count="3" type="stmt"/>
        <line num="123" count="1" type="stmt"/>
      </file>
      <file name="role-admin.service.ts" path="C:\xampp\htdocs\node js-sql server 2\node js-sql server\src\modules\auth\services\role-admin.service.ts">
        <metrics statements="9" coveredstatements="3" conditionals="4" coveredconditionals="0" methods="3" coveredmethods="1"/>
        <line num="8" count="6" type="stmt"/>
        <line num="10" count="4" type="stmt"/>
        <line num="11" count="4" type="stmt"/>
        <line num="20" count="0" type="stmt"/>
        <line num="23" count="0" type="stmt"/>
        <line num="25" count="0" type="cond" truecount="0" falsecount="2"/>
        <line num="26" count="0" type="stmt"/>
        <line num="29" count="0" type="cond" truecount="0" falsecount="2"/>
        <line num="32" count="0" type="stmt"/>
      </file>
    </package>
    <package name="src.modules.logs">
      <metrics statements="1" coveredstatements="1" conditionals="0" coveredconditionals="0" methods="0" coveredmethods="0"/>
      <file name="logs.module.ts" path="C:\xampp\htdocs\node js-sql server 2\node js-sql server\src\modules\logs\logs.module.ts">
        <metrics statements="1" coveredstatements="1" conditionals="0" coveredconditionals="0" methods="0" coveredmethods="0"/>
        <line num="18" count="6" type="stmt"/>
      </file>
    </package>
    <package name="src.modules.ninos">
      <metrics statements="34" coveredstatements="30" conditionals="18" coveredconditionals="7" methods="11" coveredmethods="10"/>
      <file name="ninos.controller.ts" path="C:\xampp\htdocs\node js-sql server 2\node js-sql server\src\modules\ninos\ninos.controller.ts">
        <metrics statements="33" coveredstatements="29" conditionals="18" coveredconditionals="7" methods="11" coveredmethods="10"/>
        <line num="48" count="7" type="stmt"/>
        <line num="50" count="6" type="stmt"/>
        <line num="51" count="6" type="stmt"/>
        <line num="52" count="6" type="stmt"/>
        <line num="53" count="6" type="stmt"/>
        <line num="54" count="6" type="stmt"/>
        <line num="55" count="6" type="stmt"/>
        <line num="56" count="6" type="stmt"/>
        <line num="61" count="7" type="stmt"/>
        <line num="66" count="3" type="stmt"/>
        <line num="75" count="7" type="stmt"/>
        <line num="76" count="1" type="stmt"/>
        <line num="81" count="7" type="stmt"/>
        <line num="82" count="1" type="stmt"/>
        <line num="87" count="7" type="stmt"/>
        <line num="91" count="1" type="stmt"/>
        <line num="96" count="7" type="stmt"/>
        <line num="100" count="1" type="stmt"/>
        <line num="105" count="7" type="stmt"/>
        <line num="106" count="1" type="stmt"/>
        <line num="111" count="7" type="stmt"/>
        <line num="112" count="1" type="stmt"/>
        <line num="116" count="6" type="cond" truecount="2" falsecount="0"/>
        <line num="117" count="5" type="stmt"/>
        <line num="118" count="5" type="cond" truecount="2" falsecount="0"/>
        <line num="122" count="0" type="cond" truecount="0" falsecount="2"/>
        <line num="123" count="0" type="cond" truecount="0" falsecount="4"/>
        <line num="124" count="0" type="cond" truecount="0" falsecount="4"/>
        <line num="125" count="0" type="stmt"/>
        <line num="129" count="3" type="cond" truecount="2" falsecount="0"/>
        <line num="130" count="2" type="stmt"/>
        <line num="131" count="2" type="stmt"/>
        <line num="132" count="2" type="cond" truecount="1" falsecount="1"/>
      </file>
      <file name="ninos.module.ts" path="C:\xampp\htdocs\node js-sql server 2\node js-sql server\src\modules\ninos\ninos.module.ts">
        <metrics statements="1" coveredstatements="1" conditionals="0" coveredconditionals="0" methods="0" coveredmethods="0"/>
        <line num="40" count="6" type="stmt"/>
      </file>
    </package>
    <package name="src.modules.organizaciones">
      <metrics statements="28" coveredstatements="23" conditionals="4" coveredconditionals="4" methods="7" coveredmethods="6"/>
      <file name="organizaciones.controller.ts" path="C:\xampp\htdocs\node js-sql server 2\node js-sql server\src\modules\organizaciones\organizaciones.controller.ts">
        <metrics statements="27" coveredstatements="22" conditionals="4" coveredconditionals="4" methods="7" coveredmethods="6"/>
        <line num="35" count="7" type="stmt"/>
        <line num="37" count="7" type="stmt"/>
        <line num="38" count="7" type="stmt"/>
        <line num="39" count="7" type="stmt"/>
        <line num="40" count="7" type="stmt"/>
        <line num="41" count="7" type="stmt"/>
        <line num="42" count="7" type="stmt"/>
        <line num="47" count="7" type="stmt"/>
        <line num="48" count="6" type="cond" truecount="2" falsecount="0"/>
        <line num="49" count="6" type="cond" truecount="2" falsecount="0"/>
        <line num="50" count="6" type="stmt"/>
        <line num="51" count="6" type="stmt"/>
        <line num="53" count="0" type="stmt"/>
        <line num="54" count="0" type="stmt"/>
        <line num="60" count="7" type="stmt"/>
        <line num="61" count="2" type="stmt"/>
        <line num="66" count="7" type="stmt"/>
        <line num="69" count="0" type="stmt"/>
        <line num="74" count="7" type="stmt"/>
        <line num="75" count="4" type="stmt"/>
        <line num="76" count="4" type="stmt"/>
        <line num="78" count="0" type="stmt"/>
        <line num="79" count="0" type="stmt"/>
        <line num="85" count="7" type="stmt"/>
        <line num="89" count="3" type="stmt"/>
        <line num="95" count="7" type="stmt"/>
        <line num="96" count="1" type="stmt"/>
      </file>
      <file name="organizaciones.module.ts" path="C:\xampp\htdocs\node js-sql server 2\node js-sql server\src\modules\organizaciones\organizaciones.module.ts">
        <metrics statements="1" coveredstatements="1" conditionals="0" coveredconditionals="0" methods="0" coveredmethods="0"/>
        <line num="37" count="6" type="stmt"/>
      </file>
    </package>
    <package name="src.modules.periodos">
      <metrics statements="23" coveredstatements="22" conditionals="2" coveredconditionals="2" methods="8" coveredmethods="7"/>
      <file name="periodos.controller.ts" path="C:\xampp\htdocs\node js-sql server 2\node js-sql server\src\modules\periodos\periodos.controller.ts">
        <metrics statements="22" coveredstatements="21" conditionals="2" coveredconditionals="2" methods="8" coveredmethods="7"/>
        <line num="34" count="7" type="stmt"/>
        <line num="36" count="6" type="stmt"/>
        <line num="37" count="6" type="stmt"/>
        <line num="38" count="6" type="stmt"/>
        <line num="39" count="6" type="stmt"/>
        <line num="40" count="6" type="stmt"/>
        <line num="41" count="6" type="stmt"/>
        <line num="42" count="6" type="stmt"/>
        <line num="47" count="7" type="stmt"/>
        <line num="48" count="0" type="stmt"/>
        <line num="53" count="7" type="stmt"/>
        <line num="54" count="3" type="stmt"/>
        <line num="62" count="7" type="stmt"/>
        <line num="63" count="1" type="stmt"/>
        <line num="68" count="7" type="stmt"/>
        <line num="69" count="1" type="stmt"/>
        <line num="74" count="7" type="stmt"/>
        <line num="75" count="1" type="stmt"/>
        <line num="80" count="7" type="stmt"/>
        <line num="81" count="1" type="stmt"/>
        <line num="86" count="7" type="stmt"/>
        <line num="87" count="1" type="stmt"/>
      </file>
      <file name="periodos.module.ts" path="C:\xampp\htdocs\node js-sql server 2\node js-sql server\src\modules\periodos\periodos.module.ts">
        <metrics statements="1" coveredstatements="1" conditionals="0" coveredconditionals="0" methods="0" coveredmethods="0"/>
        <line num="39" count="6" type="stmt"/>
      </file>
    </package>
    <package name="src.modules.personas">
      <metrics statements="20" coveredstatements="19" conditionals="8" coveredconditionals="7" methods="6" coveredmethods="6"/>
      <file name="personas.controller.ts" path="C:\xampp\htdocs\node js-sql server 2\node js-sql server\src\modules\personas\personas.controller.ts">
        <metrics statements="19" coveredstatements="18" conditionals="8" coveredconditionals="7" methods="6" coveredmethods="6"/>
        <line num="34" count="7" type="stmt"/>
        <line num="36" count="6" type="stmt"/>
        <line num="37" count="6" type="stmt"/>
        <line num="38" count="6" type="stmt"/>
        <line num="39" count="6" type="stmt"/>
        <line num="40" count="6" type="stmt"/>
        <line num="45" count="7" type="stmt"/>
        <line num="46" count="5" type="cond" truecount="2" falsecount="0"/>
        <line num="47" count="5" type="stmt"/>
        <line num="55" count="7" type="stmt"/>
        <line num="56" count="2" type="stmt"/>
        <line num="61" count="7" type="stmt"/>
        <line num="62" count="3" type="stmt"/>
        <line num="67" count="7" type="stmt"/>
        <line num="68" count="1" type="stmt"/>
        <line num="74" count="7" type="stmt"/>
        <line num="75" count="2" type="cond" truecount="1" falsecount="1"/>
        <line num="76" count="0" type="stmt"/>
        <line num="79" count="2" type="stmt"/>
      </file>
      <file name="personas.module.ts" path="C:\xampp\htdocs\node js-sql server 2\node js-sql server\src\modules\personas\personas.module.ts">
        <metrics statements="1" coveredstatements="1" conditionals="0" coveredconditionals="0" methods="0" coveredmethods="0"/>
        <line num="35" count="6" type="stmt"/>
      </file>
    </package>
    <package name="src.modules.reportes">
      <metrics statements="34" coveredstatements="24" conditionals="10" coveredconditionals="6" methods="9" coveredmethods="7"/>
      <file name="reportes.controller.ts" path="C:\xampp\htdocs\node js-sql server 2\node js-sql server\src\modules\reportes\reportes.controller.ts">
        <metrics statements="33" coveredstatements="23" conditionals="10" coveredconditionals="6" methods="9" coveredmethods="7"/>
        <line num="25" count="7" type="stmt"/>
        <line num="27" count="6" type="stmt"/>
        <line num="28" count="6" type="stmt"/>
        <line num="33" count="7" type="stmt"/>
        <line num="34" count="2" type="stmt"/>
        <line num="35" count="2" type="stmt"/>
        <line num="40" count="7" type="stmt"/>
        <line num="45" count="2" type="stmt"/>
        <line num="46" count="2" type="stmt"/>
        <line num="51" count="7" type="stmt"/>
        <line num="57" count="0" type="stmt"/>
        <line num="58" count="0" type="stmt"/>
        <line num="59" count="0" type="stmt"/>
        <line num="60" count="0" type="stmt"/>
        <line num="61" count="0" type="stmt"/>
        <line num="66" count="7" type="stmt"/>
        <line num="72" count="0" type="stmt"/>
        <line num="73" count="0" type="stmt"/>
        <line num="74" count="0" type="stmt"/>
        <line num="75" count="0" type="stmt"/>
        <line num="76" count="0" type="stmt"/>
        <line num="84" count="2" type="stmt"/>
        <line num="90" count="2" type="stmt"/>
        <line num="91" count="2" type="stmt"/>
        <line num="92" count="2" type="cond" truecount="1" falsecount="1"/>
        <line num="93" count="2" type="stmt"/>
        <line num="102" count="4" type="cond" truecount="1" falsecount="1"/>
        <line num="103" count="4" type="stmt"/>
        <line num="104" count="4" type="cond" truecount="2" falsecount="0"/>
        <line num="108" count="2" type="cond" truecount="1" falsecount="1"/>
        <line num="109" count="2" type="stmt"/>
        <line num="110" count="2" type="stmt"/>
        <line num="111" count="2" type="cond" truecount="1" falsecount="1"/>
      </file>
      <file name="reportes.module.ts" path="C:\xampp\htdocs\node js-sql server 2\node js-sql server\src\modules\reportes\reportes.module.ts">
        <metrics statements="1" coveredstatements="1" conditionals="0" coveredconditionals="0" methods="0" coveredmethods="0"/>
        <line num="20" count="6" type="stmt"/>
      </file>
    </package>
    <package name="src.modules.shared">
      <metrics statements="3" coveredstatements="3" conditionals="0" coveredconditionals="0" methods="1" coveredmethods="1"/>
      <file name="health.controller.ts" path="C:\xampp\htdocs\node js-sql server 2\node js-sql server\src\modules\shared\health.controller.ts">
        <metrics statements="3" coveredstatements="3" conditionals="0" coveredconditionals="0" methods="1" coveredmethods="1"/>
        <line num="20" count="6" type="stmt"/>
        <line num="23" count="6" type="stmt"/>
        <line num="24" count="1" type="stmt"/>
      </file>
    </package>
    <package name="src.modules.shared.pipes">
      <metrics statements="7" coveredstatements="7" conditionals="4" coveredconditionals="3" methods="2" coveredmethods="2"/>
      <file name="zod-validation.pipe.ts" path="C:\xampp\htdocs\node js-sql server 2\node js-sql server\src\modules\shared\pipes\zod-validation.pipe.ts">
        <metrics statements="7" coveredstatements="7" conditionals="4" coveredconditionals="3" methods="2" coveredmethods="2"/>
        <line num="12" count="12" type="stmt"/>
        <line num="13" count="92" type="stmt"/>
        <line num="16" count="16" type="stmt"/>
        <line num="17" count="16" type="cond" truecount="2" falsecount="0"/>
        <line num="18" count="1" type="stmt"/>
        <line num="19" count="1" type="cond" truecount="1" falsecount="1"/>
        <line num="21" count="15" type="stmt"/>
      </file>
    </package>
    <package name="src.shared">
      <metrics statements="2" coveredstatements="2" conditionals="2" coveredconditionals="2" methods="1" coveredmethods="1"/>
      <file name="logger.ts" path="C:\xampp\htdocs\node js-sql server 2\node js-sql server\src\shared\logger.ts">
        <metrics statements="2" coveredstatements="2" conditionals="2" coveredconditionals="2" methods="1" coveredmethods="1"/>
        <line num="17" count="3" type="stmt"/>
        <line num="32" count="1" type="stmt"/>
      </file>
    </package>
    <package name="src.shared.errors">
      <metrics statements="4" coveredstatements="4" conditionals="1" coveredconditionals="1" methods="1" coveredmethods="1"/>
      <file name="AppError.ts" path="C:\xampp\htdocs\node js-sql server 2\node js-sql server\src\shared\errors\AppError.ts">
        <metrics statements="4" coveredstatements="4" conditionals="1" coveredconditionals="1" methods="1" coveredmethods="1"/>
        <line num="10" count="28" type="stmt"/>
        <line num="11" count="28" type="cond" truecount="1" falsecount="0"/>
        <line num="12" count="28" type="stmt"/>
        <line num="14" count="28" type="stmt"/>
      </file>
    </package>
  </project>
</coverage>
