{"C:\\Users\\Pablo\\OneDrive\\Documentos\\GitHub\\apinavidad\\src\\app.module.ts": {"path":"C:\\Users\\Pablo\\OneDrive\\Documentos\\GitHub\\apinavidad\\src\\app.module.ts","statementMap":{"0":{"start":{"line":61,"column":7},"end":{"line":61,"column":null}},"1":{"start":{"line":61,"column":13},"end":{"line":61,"column":23}}},"fnMap":{},"branchMap":{},"s":{"0":6,"1":6},"f":{},"b":{},"meta":{"lastBranch":0,"lastFunction":0,"lastStatement":2,"seen":{"s:61:7:61:Infinity":0,"s:61:13:61:23":1}}}
,"C:\\Users\\Pablo\\OneDrive\\Documentos\\GitHub\\apinavidad\\src\\main.ts": {"path":"C:\\Users\\Pablo\\OneDrive\\Documentos\\GitHub\\apinavidad\\src\\main.ts","statementMap":{"0":{"start":{"line":31,"column":14},"end":{"line":31,"column":null}},"1":{"start":{"line":32,"column":25},"end":{"line":32,"column":null}},"2":{"start":{"line":32,"column":91},"end":{"line":32,"column":103}},"3":{"start":{"line":33,"column":2},"end":{"line":36,"column":null}},"4":{"start":{"line":37,"column":2},"end":{"line":37,"column":null}},"5":{"start":{"line":38,"column":2},"end":{"line":38,"column":null}},"6":{"start":{"line":39,"column":2},"end":{"line":39,"column":null}},"7":{"start":{"line":42,"column":0},"end":{"line":44,"column":null}},"8":{"start":{"line":43,"column":2},"end":{"line":43,"column":null}}},"fnMap":{"0":{"name":"bootstrap","decl":{"start":{"line":30,"column":22},"end":{"line":30,"column":34}},"loc":{"start":{"line":30,"column":34},"end":{"line":40,"column":null}},"line":30},"1":{"name":"(anonymous_1)","decl":{"start":{"line":32,"column":80},"end":{"line":32,"column":81}},"loc":{"start":{"line":32,"column":91},"end":{"line":32,"column":103}},"line":32}},"branchMap":{"0":{"loc":{"start":{"line":32,"column":25},"end":{"line":32,"column":null}},"type":"cond-expr","locations":[{"start":{"line":32,"column":46},"end":{"line":32,"column":107}},{"start":{"line":32,"column":107},"end":{"line":32,"column":null}}],"line":32},"1":{"loc":{"start":{"line":42,"column":0},"end":{"line":44,"column":null}},"type":"if","locations":[{"start":{"line":42,"column":0},"end":{"line":44,"column":null}},{"start":{},"end":{}}],"line":42}},"s":{"0":1,"1":1,"2":1,"3":1,"4":1,"5":1,"6":1,"7":1,"8":0},"f":{"0":1,"1":1},"b":{"0":[1,0],"1":[0,1]},"meta":{"lastBranch":2,"lastFunction":2,"lastStatement":9,"seen":{"f:30:22:30:34":0,"s:31:14:31:Infinity":0,"s:32:25:32:Infinity":1,"b:32:46:32:107:32:107:32:Infinity":0,"f:32:80:32:81":1,"s:32:91:32:103":2,"s:33:2:36:Infinity":3,"s:37:2:37:Infinity":4,"s:38:2:38:Infinity":5,"s:39:2:39:Infinity":6,"b:42:0:44:Infinity:undefined:undefined:undefined:undefined":1,"s:42:0:44:Infinity":7,"s:43:2:43:Infinity":8}}}
,"C:\\Users\\Pablo\\OneDrive\\Documentos\\GitHub\\apinavidad\\src\\application\\contracts\\Auth.ts": {"path":"C:\\Users\\Pablo\\OneDrive\\Documentos\\GitHub\\apinavidad\\src\\application\\contracts\\Auth.ts","statementMap":{},"fnMap":{},"branchMap":{},"s":{},"f":{},"b":{},"meta":{"lastBranch":0,"lastFunction":0,"lastStatement":0,"seen":{}}}
,"C:\\Users\\Pablo\\OneDrive\\Documentos\\GitHub\\apinavidad\\src\\application\\dtos\\AuthDTOs.ts": {"path":"C:\\Users\\Pablo\\OneDrive\\Documentos\\GitHub\\apinavidad\\src\\application\\dtos\\AuthDTOs.ts","statementMap":{"0":{"start":{"line":10,"column":27},"end":{"line":13,"column":null}},"1":{"start":{"line":17,"column":34},"end":{"line":19,"column":null}},"2":{"start":{"line":23,"column":36},"end":{"line":25,"column":null}}},"fnMap":{},"branchMap":{},"s":{"0":8,"1":8,"2":8},"f":{},"b":{},"meta":{"lastBranch":0,"lastFunction":0,"lastStatement":3,"seen":{"s:10:27:13:Infinity":0,"s:17:34:19:Infinity":1,"s:23:36:25:Infinity":2}}}
,"C:\\Users\\Pablo\\OneDrive\\Documentos\\GitHub\\apinavidad\\src\\application\\dtos\\NinoDTOs.ts": {"path":"C:\\Users\\Pablo\\OneDrive\\Documentos\\GitHub\\apinavidad\\src\\application\\dtos\\NinoDTOs.ts","statementMap":{"0":{"start":{"line":12,"column":20},"end":{"line":12,"column":null}},"1":{"start":{"line":14,"column":23},"end":{"line":32,"column":null}},"2":{"start":{"line":34,"column":30},"end":{"line":34,"column":null}},"3":{"start":{"line":35,"column":32},"end":{"line":35,"column":null}},"4":{"start":{"line":36,"column":32},"end":{"line":36,"column":null}},"5":{"start":{"line":38,"column":37},"end":{"line":41,"column":null}},"6":{"start":{"line":43,"column":37},"end":{"line":46,"column":null}}},"fnMap":{},"branchMap":{},"s":{"0":9,"1":9,"2":9,"3":9,"4":9,"5":9,"6":9},"f":{},"b":{},"meta":{"lastBranch":0,"lastFunction":0,"lastStatement":7,"seen":{"s:12:20:12:Infinity":0,"s:14:23:32:Infinity":1,"s:34:30:34:Infinity":2,"s:35:32:35:Infinity":3,"s:36:32:36:Infinity":4,"s:38:37:41:Infinity":5,"s:43:37:46:Infinity":6}}}
,"C:\\Users\\Pablo\\OneDrive\\Documentos\\GitHub\\apinavidad\\src\\application\\dtos\\OrganizacionDTOs.ts": {"path":"C:\\Users\\Pablo\\OneDrive\\Documentos\\GitHub\\apinavidad\\src\\application\\dtos\\OrganizacionDTOs.ts","statementMap":{"0":{"start":{"line":10,"column":38},"end":{"line":20,"column":null}},"1":{"start":{"line":22,"column":40},"end":{"line":22,"column":null}},"2":{"start":{"line":23,"column":40},"end":{"line":23,"column":null}}},"fnMap":{},"branchMap":{},"s":{"0":9,"1":9,"2":9},"f":{},"b":{},"meta":{"lastBranch":0,"lastFunction":0,"lastStatement":3,"seen":{"s:10:38:20:Infinity":0,"s:22:40:22:Infinity":1,"s:23:40:23:Infinity":2}}}
,"C:\\Users\\Pablo\\OneDrive\\Documentos\\GitHub\\apinavidad\\src\\application\\dtos\\PeriodoDTOs.ts": {"path":"C:\\Users\\Pablo\\OneDrive\\Documentos\\GitHub\\apinavidad\\src\\application\\dtos\\PeriodoDTOs.ts","statementMap":{"0":{"start":{"line":10,"column":33},"end":{"line":17,"column":null}},"1":{"start":{"line":19,"column":35},"end":{"line":19,"column":null}},"2":{"start":{"line":20,"column":35},"end":{"line":20,"column":null}}},"fnMap":{},"branchMap":{},"s":{"0":9,"1":9,"2":9},"f":{},"b":{},"meta":{"lastBranch":0,"lastFunction":0,"lastStatement":3,"seen":{"s:10:33:17:Infinity":0,"s:19:35:19:Infinity":1,"s:20:35:20:Infinity":2}}}
,"C:\\Users\\Pablo\\OneDrive\\Documentos\\GitHub\\apinavidad\\src\\application\\dtos\\PersonaDTOs.ts": {"path":"C:\\Users\\Pablo\\OneDrive\\Documentos\\GitHub\\apinavidad\\src\\application\\dtos\\PersonaDTOs.ts","statementMap":{"0":{"start":{"line":12,"column":20},"end":{"line":12,"column":null}},"1":{"start":{"line":14,"column":33},"end":{"line":30,"column":null}},"2":{"start":{"line":32,"column":35},"end":{"line":32,"column":null}},"3":{"start":{"line":33,"column":35},"end":{"line":33,"column":null}}},"fnMap":{},"branchMap":{},"s":{"0":9,"1":9,"2":9,"3":9},"f":{},"b":{},"meta":{"lastBranch":0,"lastFunction":0,"lastStatement":4,"seen":{"s:12:20:12:Infinity":0,"s:14:33:30:Infinity":1,"s:32:35:32:Infinity":2,"s:33:35:33:Infinity":3}}}
,"C:\\Users\\Pablo\\OneDrive\\Documentos\\GitHub\\apinavidad\\src\\application\\repositories\\LogRepository.ts": {"path":"C:\\Users\\Pablo\\OneDrive\\Documentos\\GitHub\\apinavidad\\src\\application\\repositories\\LogRepository.ts","statementMap":{},"fnMap":{},"branchMap":{},"s":{},"f":{},"b":{},"meta":{"lastBranch":0,"lastFunction":0,"lastStatement":0,"seen":{}}}
,"C:\\Users\\Pablo\\OneDrive\\Documentos\\GitHub\\apinavidad\\src\\application\\repositories\\NinoRepository.ts": {"path":"C:\\Users\\Pablo\\OneDrive\\Documentos\\GitHub\\apinavidad\\src\\application\\repositories\\NinoRepository.ts","statementMap":{},"fnMap":{},"branchMap":{},"s":{},"f":{},"b":{},"meta":{"lastBranch":0,"lastFunction":0,"lastStatement":0,"seen":{}}}
,"C:\\Users\\Pablo\\OneDrive\\Documentos\\GitHub\\apinavidad\\src\\application\\repositories\\OrganizacionRepository.ts": {"path":"C:\\Users\\Pablo\\OneDrive\\Documentos\\GitHub\\apinavidad\\src\\application\\repositories\\OrganizacionRepository.ts","statementMap":{},"fnMap":{},"branchMap":{},"s":{},"f":{},"b":{},"meta":{"lastBranch":0,"lastFunction":0,"lastStatement":0,"seen":{}}}
,"C:\\Users\\Pablo\\OneDrive\\Documentos\\GitHub\\apinavidad\\src\\application\\repositories\\PeriodoRepository.ts": {"path":"C:\\Users\\Pablo\\OneDrive\\Documentos\\GitHub\\apinavidad\\src\\application\\repositories\\PeriodoRepository.ts","statementMap":{},"fnMap":{},"branchMap":{},"s":{},"f":{},"b":{},"meta":{"lastBranch":0,"lastFunction":0,"lastStatement":0,"seen":{}}}
,"C:\\Users\\Pablo\\OneDrive\\Documentos\\GitHub\\apinavidad\\src\\application\\repositories\\PersonaRepository.ts": {"path":"C:\\Users\\Pablo\\OneDrive\\Documentos\\GitHub\\apinavidad\\src\\application\\repositories\\PersonaRepository.ts","statementMap":{},"fnMap":{},"branchMap":{},"s":{},"f":{},"b":{},"meta":{"lastBranch":0,"lastFunction":0,"lastStatement":0,"seen":{}}}
,"C:\\Users\\Pablo\\OneDrive\\Documentos\\GitHub\\apinavidad\\src\\application\\repositories\\UserRepository.ts": {"path":"C:\\Users\\Pablo\\OneDrive\\Documentos\\GitHub\\apinavidad\\src\\application\\repositories\\UserRepository.ts","statementMap":{},"fnMap":{},"branchMap":{},"s":{},"f":{},"b":{},"meta":{"lastBranch":0,"lastFunction":0,"lastStatement":0,"seen":{}}}
,"C:\\Users\\Pablo\\OneDrive\\Documentos\\GitHub\\apinavidad\\src\\application\\use-cases\\auth\\LoginUseCase.ts": {"path":"C:\\Users\\Pablo\\OneDrive\\Documentos\\GitHub\\apinavidad\\src\\application\\use-cases\\auth\\LoginUseCase.ts","statementMap":{"0":{"start":{"line":25,"column":7},"end":{"line":78,"column":null}},"1":{"start":{"line":27,"column":21},"end":{"line":27,"column":null}},"2":{"start":{"line":28,"column":21},"end":{"line":28,"column":null}},"3":{"start":{"line":29,"column":21},"end":{"line":29,"column":null}},"4":{"start":{"line":30,"column":21},"end":{"line":30,"column":62}},"5":{"start":{"line":38,"column":20},"end":{"line":38,"column":null}},"6":{"start":{"line":39,"column":17},"end":{"line":39,"column":null}},"7":{"start":{"line":40,"column":4},"end":{"line":42,"column":null}},"8":{"start":{"line":41,"column":6},"end":{"line":41,"column":null}},"9":{"start":{"line":44,"column":18},"end":{"line":44,"column":null}},"10":{"start":{"line":45,"column":4},"end":{"line":47,"column":null}},"11":{"start":{"line":46,"column":6},"end":{"line":46,"column":null}},"12":{"start":{"line":49,"column":25},"end":{"line":49,"column":null}},"13":{"start":{"line":51,"column":40},"end":{"line":54,"column":null}},"14":{"start":{"line":56,"column":4},"end":{"line":66,"column":null}},"15":{"start":{"line":64,"column":40},"end":{"line":64,"column":48}},"16":{"start":{"line":68,"column":4},"end":{"line":76,"column":null}},"17":{"start":{"line":74,"column":40},"end":{"line":74,"column":48}},"18":{"start":{"line":25,"column":13},"end":{"line":25,"column":26}}},"fnMap":{"0":{"name":"(anonymous_0)","decl":{"start":{"line":26,"column":2},"end":{"line":26,"column":null}},"loc":{"start":{"line":31,"column":4},"end":{"line":31,"column":null}},"line":31},"1":{"name":"(anonymous_1)","decl":{"start":{"line":37,"column":8},"end":{"line":37,"column":16}},"loc":{"start":{"line":37,"column":32},"end":{"line":77,"column":null}},"line":37},"2":{"name":"(anonymous_2)","decl":{"start":{"line":64,"column":30},"end":{"line":64,"column":31}},"loc":{"start":{"line":64,"column":40},"end":{"line":64,"column":48}},"line":64},"3":{"name":"(anonymous_3)","decl":{"start":{"line":74,"column":30},"end":{"line":74,"column":31}},"loc":{"start":{"line":74,"column":40},"end":{"line":74,"column":48}},"line":74}},"branchMap":{"0":{"loc":{"start":{"line":30,"column":21},"end":{"line":30,"column":null}},"type":"default-arg","locations":[{"start":{"line":30,"column":62},"end":{"line":30,"column":null}}],"line":30},"1":{"loc":{"start":{"line":40,"column":4},"end":{"line":42,"column":null}},"type":"if","locations":[{"start":{"line":40,"column":4},"end":{"line":42,"column":null}},{"start":{},"end":{}}],"line":40},"2":{"loc":{"start":{"line":45,"column":4},"end":{"line":47,"column":null}},"type":"if","locations":[{"start":{"line":45,"column":4},"end":{"line":47,"column":null}},{"start":{},"end":{}}],"line":45}},"s":{"0":7,"1":7,"2":7,"3":7,"4":7,"5":3,"6":3,"7":3,"8":1,"9":2,"10":2,"11":1,"12":1,"13":1,"14":1,"15":0,"16":1,"17":0,"18":7},"f":{"0":7,"1":3,"2":0,"3":0},"b":{"0":[7],"1":[1,2],"2":[1,1]},"meta":{"lastBranch":3,"lastFunction":4,"lastStatement":19,"seen":{"s:25:7:78:Infinity":0,"f:26:2:26:Infinity":0,"b:30:62:30:Infinity":0,"s:27:21:27:Infinity":1,"s:28:21:28:Infinity":2,"s:29:21:29:Infinity":3,"s:30:21:30:62":4,"f:37:8:37:16":1,"s:38:20:38:Infinity":5,"s:39:17:39:Infinity":6,"b:40:4:42:Infinity:undefined:undefined:undefined:undefined":1,"s:40:4:42:Infinity":7,"s:41:6:41:Infinity":8,"s:44:18:44:Infinity":9,"b:45:4:47:Infinity:undefined:undefined:undefined:undefined":2,"s:45:4:47:Infinity":10,"s:46:6:46:Infinity":11,"s:49:25:49:Infinity":12,"s:51:40:54:Infinity":13,"s:56:4:66:Infinity":14,"f:64:30:64:31":2,"s:64:40:64:48":15,"s:68:4:76:Infinity":16,"f:74:30:74:31":3,"s:74:40:74:48":17,"s:25:13:25:26":18}}}
,"C:\\Users\\Pablo\\OneDrive\\Documentos\\GitHub\\apinavidad\\src\\application\\use-cases\\auth\\RefreshTokenUseCase.ts": {"path":"C:\\Users\\Pablo\\OneDrive\\Documentos\\GitHub\\apinavidad\\src\\application\\use-cases\\auth\\RefreshTokenUseCase.ts","statementMap":{"0":{"start":{"line":21,"column":7},"end":{"line":38,"column":null}},"1":{"start":{"line":22,"column":31},"end":{"line":22,"column":61}},"2":{"start":{"line":29,"column":20},"end":{"line":29,"column":null}},"3":{"start":{"line":30,"column":21},"end":{"line":30,"column":null}},"4":{"start":{"line":31,"column":23},"end":{"line":31,"column":null}},"5":{"start":{"line":33,"column":4},"end":{"line":36,"column":null}},"6":{"start":{"line":21,"column":13},"end":{"line":21,"column":33}}},"fnMap":{"0":{"name":"(anonymous_0)","decl":{"start":{"line":22,"column":2},"end":{"line":22,"column":31}},"loc":{"start":{"line":22,"column":61},"end":{"line":22,"column":null}},"line":22},"1":{"name":"(anonymous_1)","decl":{"start":{"line":28,"column":8},"end":{"line":28,"column":16}},"loc":{"start":{"line":28,"column":31},"end":{"line":37,"column":null}},"line":28}},"branchMap":{},"s":{"0":7,"1":5,"2":1,"3":1,"4":1,"5":1,"6":7},"f":{"0":5,"1":1},"b":{},"meta":{"lastBranch":0,"lastFunction":2,"lastStatement":7,"seen":{"s:21:7:38:Infinity":0,"f:22:2:22:31":0,"s:22:31:22:61":1,"f:28:8:28:16":1,"s:29:20:29:Infinity":2,"s:30:21:30:Infinity":3,"s:31:23:31:Infinity":4,"s:33:4:36:Infinity":5,"s:21:13:21:33":6}}}
,"C:\\Users\\Pablo\\OneDrive\\Documentos\\GitHub\\apinavidad\\src\\application\\use-cases\\logs\\LogActivityUseCase.ts": {"path":"C:\\Users\\Pablo\\OneDrive\\Documentos\\GitHub\\apinavidad\\src\\application\\use-cases\\logs\\LogActivityUseCase.ts","statementMap":{"0":{"start":{"line":32,"column":7},"end":{"line":45,"column":null}},"1":{"start":{"line":33,"column":31},"end":{"line":33,"column":61}},"2":{"start":{"line":40,"column":4},"end":{"line":43,"column":null}},"3":{"start":{"line":32,"column":13},"end":{"line":32,"column":32}},"4":{"start":{"line":48,"column":41},"end":{"line":65,"column":null}},"5":{"start":{"line":50,"column":16},"end":{"line":50,"column":null}},"6":{"start":{"line":51,"column":4},"end":{"line":63,"column":null}},"7":{"start":{"line":67,"column":31},"end":{"line":67,"column":null}}},"fnMap":{"0":{"name":"(anonymous_0)","decl":{"start":{"line":33,"column":2},"end":{"line":33,"column":31}},"loc":{"start":{"line":33,"column":61},"end":{"line":33,"column":null}},"line":33},"1":{"name":"(anonymous_1)","decl":{"start":{"line":39,"column":2},"end":{"line":39,"column":10}},"loc":{"start":{"line":39,"column":27},"end":{"line":44,"column":null}},"line":39},"2":{"name":"(anonymous_2)","decl":{"start":{"line":49,"column":8},"end":{"line":49,"column":36}},"loc":{"start":{"line":49,"column":36},"end":{"line":64,"column":null}},"line":49}},"branchMap":{},"s":{"0":23,"1":28,"2":25,"3":23,"4":23,"5":24,"6":24,"7":23},"f":{"0":28,"1":25,"2":24},"b":{},"meta":{"lastBranch":0,"lastFunction":3,"lastStatement":8,"seen":{"s:32:7:45:Infinity":0,"f:33:2:33:31":0,"s:33:31:33:61":1,"f:39:2:39:10":1,"s:40:4:43:Infinity":2,"s:32:13:32:32":3,"s:48:41:65:Infinity":4,"f:49:8:49:36":2,"s:50:16:50:Infinity":5,"s:51:4:63:Infinity":6,"s:67:31:67:Infinity":7}}}
,"C:\\Users\\Pablo\\OneDrive\\Documentos\\GitHub\\apinavidad\\src\\application\\use-cases\\ninos\\AutoInhabilitarNinosUseCase.ts": {"path":"C:\\Users\\Pablo\\OneDrive\\Documentos\\GitHub\\apinavidad\\src\\application\\use-cases\\ninos\\AutoInhabilitarNinosUseCase.ts","statementMap":{"0":{"start":{"line":26,"column":7},"end":{"line":54,"column":null}},"1":{"start":{"line":28,"column":21},"end":{"line":28,"column":null}},"2":{"start":{"line":29,"column":21},"end":{"line":29,"column":62}},"3":{"start":{"line":38,"column":19},"end":{"line":38,"column":null}},"4":{"start":{"line":40,"column":4},"end":{"line":50,"column":null}},"5":{"start":{"line":52,"column":4},"end":{"line":52,"column":null}},"6":{"start":{"line":26,"column":13},"end":{"line":26,"column":41}}},"fnMap":{"0":{"name":"(anonymous_0)","decl":{"start":{"line":27,"column":2},"end":{"line":27,"column":null}},"loc":{"start":{"line":30,"column":4},"end":{"line":30,"column":null}},"line":30},"1":{"name":"(anonymous_1)","decl":{"start":{"line":37,"column":8},"end":{"line":37,"column":16}},"loc":{"start":{"line":37,"column":66},"end":{"line":53,"column":null}},"line":37}},"branchMap":{"0":{"loc":{"start":{"line":29,"column":21},"end":{"line":29,"column":null}},"type":"default-arg","locations":[{"start":{"line":29,"column":62},"end":{"line":29,"column":null}}],"line":29},"1":{"loc":{"start":{"line":37,"column":18},"end":{"line":37,"column":48}},"type":"default-arg","locations":[{"start":{"line":37,"column":36},"end":{"line":37,"column":48}}],"line":37},"2":{"loc":{"start":{"line":41,"column":14},"end":{"line":41,"column":null}},"type":"cond-expr","locations":[{"start":{"line":41,"column":23},"end":{"line":41,"column":55}},{"start":{"line":41,"column":55},"end":{"line":41,"column":null}}],"line":41}},"s":{"0":7,"1":6,"2":6,"3":2,"4":2,"5":2,"6":7},"f":{"0":6,"1":2},"b":{"0":[6],"1":[2],"2":[1,1]},"meta":{"lastBranch":3,"lastFunction":2,"lastStatement":7,"seen":{"s:26:7:54:Infinity":0,"f:27:2:27:Infinity":0,"b:29:62:29:Infinity":0,"s:28:21:28:Infinity":1,"s:29:21:29:62":2,"f:37:8:37:16":1,"b:37:36:37:48":1,"s:38:19:38:Infinity":3,"s:40:4:50:Infinity":4,"b:41:23:41:55:41:55:41:Infinity":2,"s:52:4:52:Infinity":5,"s:26:13:26:41":6}}}
,"C:\\Users\\Pablo\\OneDrive\\Documentos\\GitHub\\apinavidad\\src\\application\\use-cases\\ninos\\CreateNinoUseCase.ts": {"path":"C:\\Users\\Pablo\\OneDrive\\Documentos\\GitHub\\apinavidad\\src\\application\\use-cases\\ninos\\CreateNinoUseCase.ts","statementMap":{"0":{"start":{"line":25,"column":7},"end":{"line":90,"column":null}},"1":{"start":{"line":27,"column":21},"end":{"line":27,"column":null}},"2":{"start":{"line":28,"column":21},"end":{"line":28,"column":null}},"3":{"start":{"line":29,"column":21},"end":{"line":29,"column":62}},"4":{"start":{"line":37,"column":20},"end":{"line":37,"column":null}},"5":{"start":{"line":40,"column":6},"end":{"line":40,"column":null}},"6":{"start":{"line":42,"column":4},"end":{"line":44,"column":null}},"7":{"start":{"line":43,"column":6},"end":{"line":43,"column":null}},"8":{"start":{"line":46,"column":24},"end":{"line":50,"column":null}},"9":{"start":{"line":52,"column":20},"end":{"line":52,"column":null}},"10":{"start":{"line":53,"column":4},"end":{"line":55,"column":null}},"11":{"start":{"line":54,"column":6},"end":{"line":54,"column":null}},"12":{"start":{"line":57,"column":28},"end":{"line":57,"column":null}},"13":{"start":{"line":58,"column":24},"end":{"line":58,"column":null}},"14":{"start":{"line":60,"column":4},"end":{"line":70,"column":null}},"15":{"start":{"line":61,"column":12},"end":{"line":61,"column":null}},"16":{"start":{"line":62,"column":6},"end":{"line":69,"column":null}},"17":{"start":{"line":64,"column":8},"end":{"line":68,"column":null}},"18":{"start":{"line":72,"column":24},"end":{"line":72,"column":null}},"19":{"start":{"line":73,"column":20},"end":{"line":73,"column":null}},"20":{"start":{"line":75,"column":4},"end":{"line":86,"column":null}},"21":{"start":{"line":88,"column":4},"end":{"line":88,"column":null}},"22":{"start":{"line":25,"column":13},"end":{"line":25,"column":31}}},"fnMap":{"0":{"name":"(anonymous_0)","decl":{"start":{"line":26,"column":2},"end":{"line":26,"column":null}},"loc":{"start":{"line":30,"column":4},"end":{"line":30,"column":null}},"line":30},"1":{"name":"(anonymous_1)","decl":{"start":{"line":36,"column":8},"end":{"line":36,"column":16}},"loc":{"start":{"line":36,"column":31},"end":{"line":89,"column":null}},"line":36}},"branchMap":{"0":{"loc":{"start":{"line":29,"column":21},"end":{"line":29,"column":null}},"type":"default-arg","locations":[{"start":{"line":29,"column":62},"end":{"line":29,"column":null}}],"line":29},"1":{"loc":{"start":{"line":40,"column":6},"end":{"line":40,"column":null}},"type":"binary-expr","locations":[{"start":{"line":40,"column":6},"end":{"line":40,"column":35}},{"start":{"line":40,"column":35},"end":{"line":40,"column":null}}],"line":40},"2":{"loc":{"start":{"line":40,"column":35},"end":{"line":40,"column":null}},"type":"cond-expr","locations":[{"start":{"line":40,"column":63},"end":{"line":40,"column":96}},{"start":{"line":40,"column":96},"end":{"line":40,"column":null}}],"line":40},"3":{"loc":{"start":{"line":40,"column":35},"end":{"line":40,"column":63}},"type":"binary-expr","locations":[{"start":{"line":40,"column":35},"end":{"line":40,"column":50}},{"start":{"line":40,"column":50},"end":{"line":40,"column":63}}],"line":40},"4":{"loc":{"start":{"line":40,"column":96},"end":{"line":40,"column":null}},"type":"binary-expr","locations":[{"start":{"line":40,"column":96},"end":{"line":40,"column":111}},{"start":{"line":40,"column":111},"end":{"line":40,"column":null}}],"line":40},"5":{"loc":{"start":{"line":42,"column":4},"end":{"line":44,"column":null}},"type":"if","locations":[{"start":{"line":42,"column":4},"end":{"line":44,"column":null}},{"start":{},"end":{}}],"line":42},"6":{"loc":{"start":{"line":49,"column":14},"end":{"line":49,"column":null}},"type":"binary-expr","locations":[{"start":{"line":49,"column":14},"end":{"line":49,"column":32}},{"start":{"line":49,"column":32},"end":{"line":49,"column":null}}],"line":49},"7":{"loc":{"start":{"line":53,"column":4},"end":{"line":55,"column":null}},"type":"if","locations":[{"start":{"line":53,"column":4},"end":{"line":55,"column":null}},{"start":{},"end":{}}],"line":53},"8":{"loc":{"start":{"line":57,"column":28},"end":{"line":57,"column":null}},"type":"binary-expr","locations":[{"start":{"line":57,"column":28},"end":{"line":57,"column":52}},{"start":{"line":57,"column":52},"end":{"line":57,"column":null}}],"line":57},"9":{"loc":{"start":{"line":60,"column":4},"end":{"line":70,"column":null}},"type":"if","locations":[{"start":{"line":60,"column":4},"end":{"line":70,"column":null}},{"start":{},"end":{}}],"line":60},"10":{"loc":{"start":{"line":62,"column":6},"end":{"line":69,"column":null}},"type":"if","locations":[{"start":{"line":62,"column":6},"end":{"line":69,"column":null}},{"start":{},"end":{}}],"line":62},"11":{"loc":{"start":{"line":62,"column":10},"end":{"line":62,"column":45}},"type":"binary-expr","locations":[{"start":{"line":62,"column":10},"end":{"line":62,"column":27}},{"start":{"line":62,"column":27},"end":{"line":62,"column":45}}],"line":62},"12":{"loc":{"start":{"line":72,"column":24},"end":{"line":72,"column":null}},"type":"cond-expr","locations":[{"start":{"line":72,"column":57},"end":{"line":72,"column":72}},{"start":{"line":72,"column":72},"end":{"line":72,"column":null}}],"line":72}},"s":{"0":7,"1":7,"2":7,"3":7,"4":3,"5":3,"6":3,"7":0,"8":2,"9":3,"10":2,"11":0,"12":2,"13":3,"14":3,"15":2,"16":2,"17":1,"18":2,"19":3,"20":2,"21":2,"22":7},"f":{"0":7,"1":3},"b":{"0":[7],"1":[3,2],"2":[2,0],"3":[2,2],"4":[0,0],"5":[0,3],"6":[2,0],"7":[0,2],"8":[2,0],"9":[2,1],"10":[1,1],"11":[2,2],"12":[1,1]},"meta":{"lastBranch":13,"lastFunction":2,"lastStatement":23,"seen":{"s:25:7:90:Infinity":0,"f:26:2:26:Infinity":0,"b:29:62:29:Infinity":0,"s:27:21:27:Infinity":1,"s:28:21:28:Infinity":2,"s:29:21:29:62":3,"f:36:8:36:16":1,"s:37:20:37:Infinity":4,"s:40:6:40:Infinity":5,"b:40:6:40:35:40:35:40:Infinity":1,"b:40:63:40:96:40:96:40:Infinity":2,"b:40:35:40:50:40:50:40:63":3,"b:40:96:40:111:40:111:40:Infinity":4,"b:42:4:44:Infinity:undefined:undefined:undefined:undefined":5,"s:42:4:44:Infinity":6,"s:43:6:43:Infinity":7,"s:46:24:50:Infinity":8,"b:49:14:49:32:49:32:49:Infinity":6,"s:52:20:52:Infinity":9,"b:53:4:55:Infinity:undefined:undefined:undefined:undefined":7,"s:53:4:55:Infinity":10,"s:54:6:54:Infinity":11,"s:57:28:57:Infinity":12,"b:57:28:57:52:57:52:57:Infinity":8,"s:58:24:58:Infinity":13,"b:60:4:70:Infinity:undefined:undefined:undefined:undefined":9,"s:60:4:70:Infinity":14,"s:61:12:61:Infinity":15,"b:62:6:69:Infinity:undefined:undefined:undefined:undefined":10,"s:62:6:69:Infinity":16,"b:62:10:62:27:62:27:62:45":11,"s:64:8:68:Infinity":17,"s:72:24:72:Infinity":18,"b:72:57:72:72:72:72:72:Infinity":12,"s:73:20:73:Infinity":19,"s:75:4:86:Infinity":20,"s:88:4:88:Infinity":21,"s:25:13:25:31":22}}}
,"C:\\Users\\Pablo\\OneDrive\\Documentos\\GitHub\\apinavidad\\src\\application\\use-cases\\ninos\\GetNinoUseCase.ts": {"path":"C:\\Users\\Pablo\\OneDrive\\Documentos\\GitHub\\apinavidad\\src\\application\\use-cases\\ninos\\GetNinoUseCase.ts","statementMap":{"0":{"start":{"line":21,"column":7},"end":{"line":35,"column":null}},"1":{"start":{"line":22,"column":31},"end":{"line":22,"column":63}},"2":{"start":{"line":29,"column":17},"end":{"line":29,"column":null}},"3":{"start":{"line":30,"column":4},"end":{"line":32,"column":null}},"4":{"start":{"line":31,"column":6},"end":{"line":31,"column":null}},"5":{"start":{"line":33,"column":4},"end":{"line":33,"column":null}},"6":{"start":{"line":21,"column":13},"end":{"line":21,"column":28}}},"fnMap":{"0":{"name":"(anonymous_0)","decl":{"start":{"line":22,"column":2},"end":{"line":22,"column":31}},"loc":{"start":{"line":22,"column":63},"end":{"line":22,"column":null}},"line":22},"1":{"name":"(anonymous_1)","decl":{"start":{"line":28,"column":8},"end":{"line":28,"column":16}},"loc":{"start":{"line":28,"column":28},"end":{"line":34,"column":null}},"line":28}},"branchMap":{"0":{"loc":{"start":{"line":30,"column":4},"end":{"line":32,"column":null}},"type":"if","locations":[{"start":{"line":30,"column":4},"end":{"line":32,"column":null}},{"start":{},"end":{}}],"line":30}},"s":{"0":7,"1":6,"2":2,"3":2,"4":1,"5":1,"6":7},"f":{"0":6,"1":2},"b":{"0":[1,1]},"meta":{"lastBranch":1,"lastFunction":2,"lastStatement":7,"seen":{"s:21:7:35:Infinity":0,"f:22:2:22:31":0,"s:22:31:22:63":1,"f:28:8:28:16":1,"s:29:17:29:Infinity":2,"b:30:4:32:Infinity:undefined:undefined:undefined:undefined":0,"s:30:4:32:Infinity":3,"s:31:6:31:Infinity":4,"s:33:4:33:Infinity":5,"s:21:13:21:28":6}}}
,"C:\\Users\\Pablo\\OneDrive\\Documentos\\GitHub\\apinavidad\\src\\application\\use-cases\\ninos\\InhabilitarNinoUseCase.ts": {"path":"C:\\Users\\Pablo\\OneDrive\\Documentos\\GitHub\\apinavidad\\src\\application\\use-cases\\ninos\\InhabilitarNinoUseCase.ts","statementMap":{"0":{"start":{"line":28,"column":7},"end":{"line":57,"column":null}},"1":{"start":{"line":30,"column":21},"end":{"line":30,"column":null}},"2":{"start":{"line":31,"column":21},"end":{"line":31,"column":62}},"3":{"start":{"line":40,"column":17},"end":{"line":40,"column":null}},"4":{"start":{"line":41,"column":4},"end":{"line":43,"column":null}},"5":{"start":{"line":42,"column":6},"end":{"line":42,"column":null}},"6":{"start":{"line":44,"column":20},"end":{"line":44,"column":null}},"7":{"start":{"line":46,"column":4},"end":{"line":53,"column":null}},"8":{"start":{"line":55,"column":4},"end":{"line":55,"column":null}},"9":{"start":{"line":28,"column":13},"end":{"line":28,"column":36}}},"fnMap":{"0":{"name":"(anonymous_0)","decl":{"start":{"line":29,"column":2},"end":{"line":29,"column":null}},"loc":{"start":{"line":32,"column":4},"end":{"line":32,"column":null}},"line":32},"1":{"name":"(anonymous_1)","decl":{"start":{"line":39,"column":8},"end":{"line":39,"column":16}},"loc":{"start":{"line":39,"column":46},"end":{"line":56,"column":null}},"line":39}},"branchMap":{"0":{"loc":{"start":{"line":31,"column":21},"end":{"line":31,"column":null}},"type":"default-arg","locations":[{"start":{"line":31,"column":62},"end":{"line":31,"column":null}}],"line":31},"1":{"loc":{"start":{"line":41,"column":4},"end":{"line":43,"column":null}},"type":"if","locations":[{"start":{"line":41,"column":4},"end":{"line":43,"column":null}},{"start":{},"end":{}}],"line":41}},"s":{"0":7,"1":6,"2":6,"3":2,"4":2,"5":1,"6":1,"7":1,"8":1,"9":7},"f":{"0":6,"1":2},"b":{"0":[6],"1":[1,1]},"meta":{"lastBranch":2,"lastFunction":2,"lastStatement":10,"seen":{"s:28:7:57:Infinity":0,"f:29:2:29:Infinity":0,"b:31:62:31:Infinity":0,"s:30:21:30:Infinity":1,"s:31:21:31:62":2,"f:39:8:39:16":1,"s:40:17:40:Infinity":3,"b:41:4:43:Infinity:undefined:undefined:undefined:undefined":1,"s:41:4:43:Infinity":4,"s:42:6:42:Infinity":5,"s:44:20:44:Infinity":6,"s:46:4:53:Infinity":7,"s:55:4:55:Infinity":8,"s:28:13:28:36":9}}}
,"C:\\Users\\Pablo\\OneDrive\\Documentos\\GitHub\\apinavidad\\src\\application\\use-cases\\ninos\\ListNinosUseCase.ts": {"path":"C:\\Users\\Pablo\\OneDrive\\Documentos\\GitHub\\apinavidad\\src\\application\\use-cases\\ninos\\ListNinosUseCase.ts","statementMap":{"0":{"start":{"line":20,"column":7},"end":{"line":30,"column":null}},"1":{"start":{"line":21,"column":31},"end":{"line":21,"column":63}},"2":{"start":{"line":28,"column":4},"end":{"line":28,"column":null}},"3":{"start":{"line":20,"column":13},"end":{"line":20,"column":30}}},"fnMap":{"0":{"name":"(anonymous_0)","decl":{"start":{"line":21,"column":2},"end":{"line":21,"column":31}},"loc":{"start":{"line":21,"column":63},"end":{"line":21,"column":null}},"line":21},"1":{"name":"(anonymous_1)","decl":{"start":{"line":27,"column":2},"end":{"line":27,"column":10}},"loc":{"start":{"line":27,"column":62},"end":{"line":29,"column":null}},"line":27}},"branchMap":{},"s":{"0":7,"1":5,"2":1,"3":7},"f":{"0":5,"1":1},"b":{},"meta":{"lastBranch":0,"lastFunction":2,"lastStatement":4,"seen":{"s:20:7:30:Infinity":0,"f:21:2:21:31":0,"s:21:31:21:63":1,"f:27:2:27:10":1,"s:28:4:28:Infinity":2,"s:20:13:20:30":3}}}
,"C:\\Users\\Pablo\\OneDrive\\Documentos\\GitHub\\apinavidad\\src\\application\\use-cases\\ninos\\RestaurarNinoUseCase.ts": {"path":"C:\\Users\\Pablo\\OneDrive\\Documentos\\GitHub\\apinavidad\\src\\application\\use-cases\\ninos\\RestaurarNinoUseCase.ts","statementMap":{"0":{"start":{"line":22,"column":7},"end":{"line":51,"column":null}},"1":{"start":{"line":24,"column":21},"end":{"line":24,"column":null}},"2":{"start":{"line":25,"column":21},"end":{"line":25,"column":62}},"3":{"start":{"line":34,"column":17},"end":{"line":34,"column":null}},"4":{"start":{"line":35,"column":4},"end":{"line":37,"column":null}},"5":{"start":{"line":36,"column":6},"end":{"line":36,"column":null}},"6":{"start":{"line":38,"column":21},"end":{"line":38,"column":null}},"7":{"start":{"line":40,"column":4},"end":{"line":47,"column":null}},"8":{"start":{"line":49,"column":4},"end":{"line":49,"column":null}},"9":{"start":{"line":22,"column":13},"end":{"line":22,"column":34}}},"fnMap":{"0":{"name":"(anonymous_0)","decl":{"start":{"line":23,"column":2},"end":{"line":23,"column":null}},"loc":{"start":{"line":26,"column":4},"end":{"line":26,"column":null}},"line":26},"1":{"name":"(anonymous_1)","decl":{"start":{"line":33,"column":8},"end":{"line":33,"column":16}},"loc":{"start":{"line":33,"column":48},"end":{"line":50,"column":null}},"line":33}},"branchMap":{"0":{"loc":{"start":{"line":25,"column":21},"end":{"line":25,"column":null}},"type":"default-arg","locations":[{"start":{"line":25,"column":62},"end":{"line":25,"column":null}}],"line":25},"1":{"loc":{"start":{"line":35,"column":4},"end":{"line":37,"column":null}},"type":"if","locations":[{"start":{"line":35,"column":4},"end":{"line":37,"column":null}},{"start":{},"end":{}}],"line":35}},"s":{"0":7,"1":6,"2":6,"3":2,"4":2,"5":1,"6":1,"7":1,"8":1,"9":7},"f":{"0":6,"1":2},"b":{"0":[6],"1":[1,1]},"meta":{"lastBranch":2,"lastFunction":2,"lastStatement":10,"seen":{"s:22:7:51:Infinity":0,"f:23:2:23:Infinity":0,"b:25:62:25:Infinity":0,"s:24:21:24:Infinity":1,"s:25:21:25:62":2,"f:33:8:33:16":1,"s:34:17:34:Infinity":3,"b:35:4:37:Infinity:undefined:undefined:undefined:undefined":1,"s:35:4:37:Infinity":4,"s:36:6:36:Infinity":5,"s:38:21:38:Infinity":6,"s:40:4:47:Infinity":7,"s:49:4:49:Infinity":8,"s:22:13:22:34":9}}}
,"C:\\Users\\Pablo\\OneDrive\\Documentos\\GitHub\\apinavidad\\src\\application\\use-cases\\ninos\\UpdateNinoUseCase.ts": {"path":"C:\\Users\\Pablo\\OneDrive\\Documentos\\GitHub\\apinavidad\\src\\application\\use-cases\\ninos\\UpdateNinoUseCase.ts","statementMap":{"0":{"start":{"line":25,"column":7},"end":{"line":94,"column":null}},"1":{"start":{"line":27,"column":21},"end":{"line":27,"column":null}},"2":{"start":{"line":28,"column":21},"end":{"line":28,"column":null}},"3":{"start":{"line":29,"column":21},"end":{"line":29,"column":62}},"4":{"start":{"line":38,"column":17},"end":{"line":38,"column":null}},"5":{"start":{"line":39,"column":4},"end":{"line":41,"column":null}},"6":{"start":{"line":40,"column":6},"end":{"line":40,"column":null}},"7":{"start":{"line":42,"column":20},"end":{"line":42,"column":null}},"8":{"start":{"line":45,"column":6},"end":{"line":46,"column":null}},"9":{"start":{"line":48,"column":22},"end":{"line":48,"column":null}},"10":{"start":{"line":49,"column":20},"end":{"line":49,"column":null}},"11":{"start":{"line":50,"column":4},"end":{"line":52,"column":null}},"12":{"start":{"line":51,"column":6},"end":{"line":51,"column":null}},"13":{"start":{"line":54,"column":28},"end":{"line":54,"column":null}},"14":{"start":{"line":55,"column":28},"end":{"line":55,"column":null}},"15":{"start":{"line":56,"column":49},"end":{"line":56,"column":null}},"16":{"start":{"line":58,"column":4},"end":{"line":58,"column":null}},"17":{"start":{"line":59,"column":4},"end":{"line":59,"column":null}},"18":{"start":{"line":61,"column":4},"end":{"line":65,"column":null}},"19":{"start":{"line":62,"column":6},"end":{"line":62,"column":null}},"20":{"start":{"line":64,"column":6},"end":{"line":64,"column":null}},"21":{"start":{"line":66,"column":4},"end":{"line":66,"column":null}},"22":{"start":{"line":66,"column":38},"end":{"line":66,"column":null}},"23":{"start":{"line":67,"column":4},"end":{"line":67,"column":null}},"24":{"start":{"line":67,"column":44},"end":{"line":67,"column":null}},"25":{"start":{"line":68,"column":24},"end":{"line":68,"column":null}},"26":{"start":{"line":70,"column":4},"end":{"line":79,"column":null}},"27":{"start":{"line":71,"column":12},"end":{"line":71,"column":null}},"28":{"start":{"line":72,"column":6},"end":{"line":78,"column":null}},"29":{"start":{"line":73,"column":8},"end":{"line":77,"column":null}},"30":{"start":{"line":81,"column":20},"end":{"line":81,"column":null}},"31":{"start":{"line":83,"column":4},"end":{"line":90,"column":null}},"32":{"start":{"line":92,"column":4},"end":{"line":92,"column":null}},"33":{"start":{"line":25,"column":13},"end":{"line":25,"column":31}}},"fnMap":{"0":{"name":"(anonymous_0)","decl":{"start":{"line":26,"column":2},"end":{"line":26,"column":null}},"loc":{"start":{"line":30,"column":4},"end":{"line":30,"column":null}},"line":30},"1":{"name":"(anonymous_1)","decl":{"start":{"line":37,"column":8},"end":{"line":37,"column":16}},"loc":{"start":{"line":37,"column":43},"end":{"line":93,"column":null}},"line":37}},"branchMap":{"0":{"loc":{"start":{"line":29,"column":21},"end":{"line":29,"column":null}},"type":"default-arg","locations":[{"start":{"line":29,"column":62},"end":{"line":29,"column":null}}],"line":29},"1":{"loc":{"start":{"line":39,"column":4},"end":{"line":41,"column":null}},"type":"if","locations":[{"start":{"line":39,"column":4},"end":{"line":41,"column":null}},{"start":{},"end":{}}],"line":39},"2":{"loc":{"start":{"line":45,"column":6},"end":{"line":46,"column":null}},"type":"binary-expr","locations":[{"start":{"line":45,"column":6},"end":{"line":45,"column":null}},{"start":{"line":46,"column":7},"end":{"line":46,"column":null}}],"line":45},"3":{"loc":{"start":{"line":46,"column":7},"end":{"line":46,"column":null}},"type":"cond-expr","locations":[{"start":{"line":46,"column":35},"end":{"line":46,"column":68}},{"start":{"line":46,"column":68},"end":{"line":46,"column":null}}],"line":46},"4":{"loc":{"start":{"line":46,"column":7},"end":{"line":46,"column":35}},"type":"binary-expr","locations":[{"start":{"line":46,"column":7},"end":{"line":46,"column":22}},{"start":{"line":46,"column":22},"end":{"line":46,"column":35}}],"line":46},"5":{"loc":{"start":{"line":46,"column":68},"end":{"line":46,"column":null}},"type":"binary-expr","locations":[{"start":{"line":46,"column":68},"end":{"line":46,"column":83}},{"start":{"line":46,"column":83},"end":{"line":46,"column":108}},{"start":{"line":46,"column":108},"end":{"line":46,"column":null}}],"line":46},"6":{"loc":{"start":{"line":48,"column":22},"end":{"line":48,"column":null}},"type":"binary-expr","locations":[{"start":{"line":48,"column":22},"end":{"line":48,"column":43}},{"start":{"line":48,"column":43},"end":{"line":48,"column":null}}],"line":48},"7":{"loc":{"start":{"line":49,"column":20},"end":{"line":49,"column":null}},"type":"cond-expr","locations":[{"start":{"line":49,"column":32},"end":{"line":49,"column":83}},{"start":{"line":49,"column":83},"end":{"line":49,"column":null}}],"line":49},"8":{"loc":{"start":{"line":50,"column":4},"end":{"line":52,"column":null}},"type":"if","locations":[{"start":{"line":50,"column":4},"end":{"line":52,"column":null}},{"start":{},"end":{}}],"line":50},"9":{"loc":{"start":{"line":50,"column":8},"end":{"line":50,"column":31}},"type":"binary-expr","locations":[{"start":{"line":50,"column":8},"end":{"line":50,"column":21}},{"start":{"line":50,"column":21},"end":{"line":50,"column":31}}],"line":50},"10":{"loc":{"start":{"line":54,"column":28},"end":{"line":54,"column":null}},"type":"binary-expr","locations":[{"start":{"line":54,"column":28},"end":{"line":54,"column":53}},{"start":{"line":54,"column":53},"end":{"line":54,"column":null}}],"line":54},"11":{"loc":{"start":{"line":55,"column":28},"end":{"line":55,"column":null}},"type":"binary-expr","locations":[{"start":{"line":55,"column":28},"end":{"line":55,"column":56}},{"start":{"line":55,"column":56},"end":{"line":55,"column":81}},{"start":{"line":55,"column":81},"end":{"line":55,"column":null}}],"line":55},"12":{"loc":{"start":{"line":61,"column":4},"end":{"line":65,"column":null}},"type":"if","locations":[{"start":{"line":61,"column":4},"end":{"line":65,"column":null}},{"start":{"line":63,"column":11},"end":{"line":65,"column":null}}],"line":61},"13":{"loc":{"start":{"line":66,"column":4},"end":{"line":66,"column":null}},"type":"if","locations":[{"start":{"line":66,"column":4},"end":{"line":66,"column":null}},{"start":{},"end":{}}],"line":66},"14":{"loc":{"start":{"line":67,"column":4},"end":{"line":67,"column":null}},"type":"if","locations":[{"start":{"line":67,"column":4},"end":{"line":67,"column":null}},{"start":{},"end":{}}],"line":67},"15":{"loc":{"start":{"line":70,"column":4},"end":{"line":79,"column":null}},"type":"if","locations":[{"start":{"line":70,"column":4},"end":{"line":79,"column":null}},{"start":{},"end":{}}],"line":70},"16":{"loc":{"start":{"line":72,"column":6},"end":{"line":78,"column":null}},"type":"if","locations":[{"start":{"line":72,"column":6},"end":{"line":78,"column":null}},{"start":{},"end":{}}],"line":72},"17":{"loc":{"start":{"line":72,"column":10},"end":{"line":72,"column":45}},"type":"binary-expr","locations":[{"start":{"line":72,"column":10},"end":{"line":72,"column":27}},{"start":{"line":72,"column":27},"end":{"line":72,"column":45}}],"line":72}},"s":{"0":7,"1":7,"2":7,"3":7,"4":3,"5":3,"6":1,"7":2,"8":2,"9":3,"10":3,"11":3,"12":0,"13":2,"14":3,"15":3,"16":3,"17":3,"18":3,"19":0,"20":2,"21":2,"22":2,"23":2,"24":2,"25":2,"26":2,"27":1,"28":1,"29":1,"30":2,"31":2,"32":2,"33":7},"f":{"0":7,"1":3},"b":{"0":[7],"1":[1,2],"2":[2,2],"3":[0,2],"4":[2,0],"5":[2,2,2],"6":[3,2],"7":[0,2],"8":[0,3],"9":[3,0],"10":[2,2],"11":[3,1,1],"12":[0,2],"13":[2,0],"14":[2,0],"15":[1,1],"16":[1,0],"17":[1,1]},"meta":{"lastBranch":18,"lastFunction":2,"lastStatement":34,"seen":{"s:25:7:94:Infinity":0,"f:26:2:26:Infinity":0,"b:29:62:29:Infinity":0,"s:27:21:27:Infinity":1,"s:28:21:28:Infinity":2,"s:29:21:29:62":3,"f:37:8:37:16":1,"s:38:17:38:Infinity":4,"b:39:4:41:Infinity:undefined:undefined:undefined:undefined":1,"s:39:4:41:Infinity":5,"s:40:6:40:Infinity":6,"s:42:20:42:Infinity":7,"s:45:6:46:Infinity":8,"b:45:6:45:Infinity:46:7:46:Infinity":2,"b:46:35:46:68:46:68:46:Infinity":3,"b:46:7:46:22:46:22:46:35":4,"b:46:68:46:83:46:83:46:108:46:108:46:Infinity":5,"s:48:22:48:Infinity":9,"b:48:22:48:43:48:43:48:Infinity":6,"s:49:20:49:Infinity":10,"b:49:32:49:83:49:83:49:Infinity":7,"b:50:4:52:Infinity:undefined:undefined:undefined:undefined":8,"s:50:4:52:Infinity":11,"b:50:8:50:21:50:21:50:31":9,"s:51:6:51:Infinity":12,"s:54:28:54:Infinity":13,"b:54:28:54:53:54:53:54:Infinity":10,"s:55:28:55:Infinity":14,"b:55:28:55:56:55:56:55:81:55:81:55:Infinity":11,"s:56:49:56:Infinity":15,"s:58:4:58:Infinity":16,"s:59:4:59:Infinity":17,"b:61:4:65:Infinity:63:11:65:Infinity":12,"s:61:4:65:Infinity":18,"s:62:6:62:Infinity":19,"s:64:6:64:Infinity":20,"b:66:4:66:Infinity:undefined:undefined:undefined:undefined":13,"s:66:4:66:Infinity":21,"s:66:38:66:Infinity":22,"b:67:4:67:Infinity:undefined:undefined:undefined:undefined":14,"s:67:4:67:Infinity":23,"s:67:44:67:Infinity":24,"s:68:24:68:Infinity":25,"b:70:4:79:Infinity:undefined:undefined:undefined:undefined":15,"s:70:4:79:Infinity":26,"s:71:12:71:Infinity":27,"b:72:6:78:Infinity:undefined:undefined:undefined:undefined":16,"s:72:6:78:Infinity":28,"b:72:10:72:27:72:27:72:45":17,"s:73:8:77:Infinity":29,"s:81:20:81:Infinity":30,"s:83:4:90:Infinity":31,"s:92:4:92:Infinity":32,"s:25:13:25:31":33}}}
,"C:\\Users\\Pablo\\OneDrive\\Documentos\\GitHub\\apinavidad\\src\\application\\use-cases\\organizaciones\\CreateOrganizacionUseCase.ts": {"path":"C:\\Users\\Pablo\\OneDrive\\Documentos\\GitHub\\apinavidad\\src\\application\\use-cases\\organizaciones\\CreateOrganizacionUseCase.ts","statementMap":{"0":{"start":{"line":22,"column":7},"end":{"line":51,"column":null}},"1":{"start":{"line":24,"column":21},"end":{"line":24,"column":null}},"2":{"start":{"line":25,"column":21},"end":{"line":25,"column":62}},"3":{"start":{"line":34,"column":20},"end":{"line":34,"column":null}},"4":{"start":{"line":35,"column":4},"end":{"line":49,"column":null}},"5":{"start":{"line":36,"column":6},"end":{"line":46,"column":null}},"6":{"start":{"line":48,"column":6},"end":{"line":48,"column":null}},"7":{"start":{"line":22,"column":13},"end":{"line":22,"column":39}}},"fnMap":{"0":{"name":"(anonymous_0)","decl":{"start":{"line":23,"column":2},"end":{"line":23,"column":null}},"loc":{"start":{"line":26,"column":4},"end":{"line":26,"column":null}},"line":26},"1":{"name":"(anonymous_1)","decl":{"start":{"line":33,"column":2},"end":{"line":33,"column":10}},"loc":{"start":{"line":33,"column":25},"end":{"line":50,"column":null}},"line":33},"2":{"name":"(anonymous_2)","decl":{"start":{"line":35,"column":69},"end":{"line":35,"column":70}},"loc":{"start":{"line":35,"column":82},"end":{"line":49,"column":5}},"line":35}},"branchMap":{"0":{"loc":{"start":{"line":25,"column":21},"end":{"line":25,"column":null}},"type":"default-arg","locations":[{"start":{"line":25,"column":62},"end":{"line":25,"column":null}}],"line":25}},"s":{"0":7,"1":7,"2":7,"3":3,"4":3,"5":2,"6":2,"7":7},"f":{"0":7,"1":3,"2":2},"b":{"0":[7]},"meta":{"lastBranch":1,"lastFunction":3,"lastStatement":8,"seen":{"s:22:7:51:Infinity":0,"f:23:2:23:Infinity":0,"b:25:62:25:Infinity":0,"s:24:21:24:Infinity":1,"s:25:21:25:62":2,"f:33:2:33:10":1,"s:34:20:34:Infinity":3,"s:35:4:49:Infinity":4,"f:35:69:35:70":2,"s:36:6:46:Infinity":5,"s:48:6:48:Infinity":6,"s:22:13:22:39":7}}}
,"C:\\Users\\Pablo\\OneDrive\\Documentos\\GitHub\\apinavidad\\src\\application\\use-cases\\organizaciones\\DeleteOrganizacionUseCase.ts": {"path":"C:\\Users\\Pablo\\OneDrive\\Documentos\\GitHub\\apinavidad\\src\\application\\use-cases\\organizaciones\\DeleteOrganizacionUseCase.ts","statementMap":{"0":{"start":{"line":22,"column":7},"end":{"line":50,"column":null}},"1":{"start":{"line":24,"column":21},"end":{"line":24,"column":null}},"2":{"start":{"line":25,"column":21},"end":{"line":25,"column":62}},"3":{"start":{"line":33,"column":25},"end":{"line":33,"column":null}},"4":{"start":{"line":34,"column":4},"end":{"line":36,"column":null}},"5":{"start":{"line":35,"column":6},"end":{"line":35,"column":null}},"6":{"start":{"line":37,"column":4},"end":{"line":37,"column":null}},"7":{"start":{"line":39,"column":4},"end":{"line":48,"column":null}},"8":{"start":{"line":22,"column":13},"end":{"line":22,"column":39}}},"fnMap":{"0":{"name":"(anonymous_0)","decl":{"start":{"line":23,"column":2},"end":{"line":23,"column":null}},"loc":{"start":{"line":26,"column":4},"end":{"line":26,"column":null}},"line":26},"1":{"name":"(anonymous_1)","decl":{"start":{"line":32,"column":8},"end":{"line":32,"column":16}},"loc":{"start":{"line":32,"column":28},"end":{"line":49,"column":null}},"line":32}},"branchMap":{"0":{"loc":{"start":{"line":25,"column":21},"end":{"line":25,"column":null}},"type":"default-arg","locations":[{"start":{"line":25,"column":62},"end":{"line":25,"column":null}}],"line":25},"1":{"loc":{"start":{"line":34,"column":4},"end":{"line":36,"column":null}},"type":"if","locations":[{"start":{"line":34,"column":4},"end":{"line":36,"column":null}},{"start":{},"end":{}}],"line":34}},"s":{"0":7,"1":7,"2":7,"3":2,"4":2,"5":1,"6":1,"7":1,"8":7},"f":{"0":7,"1":2},"b":{"0":[7],"1":[1,1]},"meta":{"lastBranch":2,"lastFunction":2,"lastStatement":9,"seen":{"s:22:7:50:Infinity":0,"f:23:2:23:Infinity":0,"b:25:62:25:Infinity":0,"s:24:21:24:Infinity":1,"s:25:21:25:62":2,"f:32:8:32:16":1,"s:33:25:33:Infinity":3,"b:34:4:36:Infinity:undefined:undefined:undefined:undefined":1,"s:34:4:36:Infinity":4,"s:35:6:35:Infinity":5,"s:37:4:37:Infinity":6,"s:39:4:48:Infinity":7,"s:22:13:22:39":8}}}
,"C:\\Users\\Pablo\\OneDrive\\Documentos\\GitHub\\apinavidad\\src\\application\\use-cases\\organizaciones\\GetOrganizacionUseCase.ts": {"path":"C:\\Users\\Pablo\\OneDrive\\Documentos\\GitHub\\apinavidad\\src\\application\\use-cases\\organizaciones\\GetOrganizacionUseCase.ts","statementMap":{"0":{"start":{"line":21,"column":7},"end":{"line":36,"column":null}},"1":{"start":{"line":22,"column":31},"end":{"line":22,"column":79}},"2":{"start":{"line":30,"column":25},"end":{"line":30,"column":null}},"3":{"start":{"line":31,"column":4},"end":{"line":33,"column":null}},"4":{"start":{"line":32,"column":6},"end":{"line":32,"column":null}},"5":{"start":{"line":34,"column":4},"end":{"line":34,"column":null}},"6":{"start":{"line":21,"column":13},"end":{"line":21,"column":36}}},"fnMap":{"0":{"name":"(anonymous_0)","decl":{"start":{"line":22,"column":2},"end":{"line":22,"column":31}},"loc":{"start":{"line":22,"column":79},"end":{"line":22,"column":null}},"line":22},"1":{"name":"(anonymous_1)","decl":{"start":{"line":29,"column":8},"end":{"line":29,"column":16}},"loc":{"start":{"line":29,"column":28},"end":{"line":35,"column":null}},"line":29}},"branchMap":{"0":{"loc":{"start":{"line":31,"column":4},"end":{"line":33,"column":null}},"type":"if","locations":[{"start":{"line":31,"column":4},"end":{"line":33,"column":null}},{"start":{},"end":{}}],"line":31}},"s":{"0":7,"1":8,"2":5,"3":5,"4":2,"5":3,"6":7},"f":{"0":8,"1":5},"b":{"0":[2,3]},"meta":{"lastBranch":1,"lastFunction":2,"lastStatement":7,"seen":{"s:21:7:36:Infinity":0,"f:22:2:22:31":0,"s:22:31:22:79":1,"f:29:8:29:16":1,"s:30:25:30:Infinity":2,"b:31:4:33:Infinity:undefined:undefined:undefined:undefined":0,"s:31:4:33:Infinity":3,"s:32:6:32:Infinity":4,"s:34:4:34:Infinity":5,"s:21:13:21:36":6}}}
,"C:\\Users\\Pablo\\OneDrive\\Documentos\\GitHub\\apinavidad\\src\\application\\use-cases\\organizaciones\\ListOrganizacionesUseCase.ts": {"path":"C:\\Users\\Pablo\\OneDrive\\Documentos\\GitHub\\apinavidad\\src\\application\\use-cases\\organizaciones\\ListOrganizacionesUseCase.ts","statementMap":{"0":{"start":{"line":20,"column":7},"end":{"line":31,"column":null}},"1":{"start":{"line":21,"column":31},"end":{"line":21,"column":79}},"2":{"start":{"line":29,"column":4},"end":{"line":29,"column":null}},"3":{"start":{"line":20,"column":13},"end":{"line":20,"column":39}}},"fnMap":{"0":{"name":"(anonymous_0)","decl":{"start":{"line":21,"column":2},"end":{"line":21,"column":31}},"loc":{"start":{"line":21,"column":79},"end":{"line":21,"column":null}},"line":21},"1":{"name":"(anonymous_1)","decl":{"start":{"line":28,"column":2},"end":{"line":28,"column":10}},"loc":{"start":{"line":28,"column":70},"end":{"line":30,"column":null}},"line":28}},"branchMap":{},"s":{"0":6,"1":6,"2":3,"3":6},"f":{"0":6,"1":3},"b":{},"meta":{"lastBranch":0,"lastFunction":2,"lastStatement":4,"seen":{"s:20:7:31:Infinity":0,"f:21:2:21:31":0,"s:21:31:21:79":1,"f:28:2:28:10":1,"s:29:4:29:Infinity":2,"s:20:13:20:39":3}}}
,"C:\\Users\\Pablo\\OneDrive\\Documentos\\GitHub\\apinavidad\\src\\application\\use-cases\\organizaciones\\UpdateOrganizacionUseCase.ts": {"path":"C:\\Users\\Pablo\\OneDrive\\Documentos\\GitHub\\apinavidad\\src\\application\\use-cases\\organizaciones\\UpdateOrganizacionUseCase.ts","statementMap":{"0":{"start":{"line":23,"column":7},"end":{"line":53,"column":null}},"1":{"start":{"line":25,"column":21},"end":{"line":25,"column":null}},"2":{"start":{"line":26,"column":21},"end":{"line":26,"column":62}},"3":{"start":{"line":36,"column":25},"end":{"line":36,"column":null}},"4":{"start":{"line":37,"column":4},"end":{"line":39,"column":null}},"5":{"start":{"line":38,"column":6},"end":{"line":38,"column":null}},"6":{"start":{"line":40,"column":20},"end":{"line":40,"column":null}},"7":{"start":{"line":41,"column":20},"end":{"line":41,"column":null}},"8":{"start":{"line":43,"column":4},"end":{"line":49,"column":null}},"9":{"start":{"line":51,"column":4},"end":{"line":51,"column":null}},"10":{"start":{"line":23,"column":13},"end":{"line":23,"column":39}}},"fnMap":{"0":{"name":"(anonymous_0)","decl":{"start":{"line":24,"column":2},"end":{"line":24,"column":null}},"loc":{"start":{"line":27,"column":4},"end":{"line":27,"column":null}},"line":27},"1":{"name":"(anonymous_1)","decl":{"start":{"line":35,"column":8},"end":{"line":35,"column":16}},"loc":{"start":{"line":35,"column":43},"end":{"line":52,"column":null}},"line":35}},"branchMap":{"0":{"loc":{"start":{"line":26,"column":21},"end":{"line":26,"column":null}},"type":"default-arg","locations":[{"start":{"line":26,"column":62},"end":{"line":26,"column":null}}],"line":26},"1":{"loc":{"start":{"line":37,"column":4},"end":{"line":39,"column":null}},"type":"if","locations":[{"start":{"line":37,"column":4},"end":{"line":39,"column":null}},{"start":{},"end":{}}],"line":37}},"s":{"0":7,"1":8,"2":8,"3":5,"4":5,"5":2,"6":3,"7":3,"8":2,"9":2,"10":7},"f":{"0":8,"1":5},"b":{"0":[8],"1":[2,3]},"meta":{"lastBranch":2,"lastFunction":2,"lastStatement":11,"seen":{"s:23:7:53:Infinity":0,"f:24:2:24:Infinity":0,"b:26:62:26:Infinity":0,"s:25:21:25:Infinity":1,"s:26:21:26:62":2,"f:35:8:35:16":1,"s:36:25:36:Infinity":3,"b:37:4:39:Infinity:undefined:undefined:undefined:undefined":1,"s:37:4:39:Infinity":4,"s:38:6:38:Infinity":5,"s:40:20:40:Infinity":6,"s:41:20:41:Infinity":7,"s:43:4:49:Infinity":8,"s:51:4:51:Infinity":9,"s:23:13:23:39":10}}}
,"C:\\Users\\Pablo\\OneDrive\\Documentos\\GitHub\\apinavidad\\src\\application\\use-cases\\periodos\\ActivatePeriodoUseCase.ts": {"path":"C:\\Users\\Pablo\\OneDrive\\Documentos\\GitHub\\apinavidad\\src\\application\\use-cases\\periodos\\ActivatePeriodoUseCase.ts","statementMap":{"0":{"start":{"line":22,"column":7},"end":{"line":48,"column":null}},"1":{"start":{"line":24,"column":21},"end":{"line":24,"column":null}},"2":{"start":{"line":25,"column":21},"end":{"line":25,"column":62}},"3":{"start":{"line":33,"column":20},"end":{"line":33,"column":null}},"4":{"start":{"line":34,"column":4},"end":{"line":36,"column":null}},"5":{"start":{"line":35,"column":6},"end":{"line":35,"column":null}},"6":{"start":{"line":37,"column":22},"end":{"line":37,"column":null}},"7":{"start":{"line":39,"column":4},"end":{"line":44,"column":null}},"8":{"start":{"line":46,"column":4},"end":{"line":46,"column":null}},"9":{"start":{"line":22,"column":13},"end":{"line":22,"column":36}}},"fnMap":{"0":{"name":"(anonymous_0)","decl":{"start":{"line":23,"column":2},"end":{"line":23,"column":null}},"loc":{"start":{"line":26,"column":4},"end":{"line":26,"column":null}},"line":26},"1":{"name":"(anonymous_1)","decl":{"start":{"line":32,"column":8},"end":{"line":32,"column":16}},"loc":{"start":{"line":32,"column":28},"end":{"line":47,"column":null}},"line":32}},"branchMap":{"0":{"loc":{"start":{"line":25,"column":21},"end":{"line":25,"column":null}},"type":"default-arg","locations":[{"start":{"line":25,"column":62},"end":{"line":25,"column":null}}],"line":25},"1":{"loc":{"start":{"line":34,"column":4},"end":{"line":36,"column":null}},"type":"if","locations":[{"start":{"line":34,"column":4},"end":{"line":36,"column":null}},{"start":{},"end":{}}],"line":34}},"s":{"0":8,"1":7,"2":7,"3":3,"4":3,"5":2,"6":1,"7":1,"8":1,"9":8},"f":{"0":7,"1":3},"b":{"0":[7],"1":[2,1]},"meta":{"lastBranch":2,"lastFunction":2,"lastStatement":10,"seen":{"s:22:7:48:Infinity":0,"f:23:2:23:Infinity":0,"b:25:62:25:Infinity":0,"s:24:21:24:Infinity":1,"s:25:21:25:62":2,"f:32:8:32:16":1,"s:33:20:33:Infinity":3,"b:34:4:36:Infinity:undefined:undefined:undefined:undefined":1,"s:34:4:36:Infinity":4,"s:35:6:35:Infinity":5,"s:37:22:37:Infinity":6,"s:39:4:44:Infinity":7,"s:46:4:46:Infinity":8,"s:22:13:22:36":9}}}
,"C:\\Users\\Pablo\\OneDrive\\Documentos\\GitHub\\apinavidad\\src\\application\\use-cases\\periodos\\ClosePeriodoUseCase.ts": {"path":"C:\\Users\\Pablo\\OneDrive\\Documentos\\GitHub\\apinavidad\\src\\application\\use-cases\\periodos\\ClosePeriodoUseCase.ts","statementMap":{"0":{"start":{"line":22,"column":7},"end":{"line":48,"column":null}},"1":{"start":{"line":24,"column":21},"end":{"line":24,"column":null}},"2":{"start":{"line":25,"column":21},"end":{"line":25,"column":62}},"3":{"start":{"line":33,"column":20},"end":{"line":33,"column":null}},"4":{"start":{"line":34,"column":4},"end":{"line":36,"column":null}},"5":{"start":{"line":35,"column":6},"end":{"line":35,"column":null}},"6":{"start":{"line":37,"column":19},"end":{"line":37,"column":null}},"7":{"start":{"line":39,"column":4},"end":{"line":44,"column":null}},"8":{"start":{"line":46,"column":4},"end":{"line":46,"column":null}},"9":{"start":{"line":22,"column":13},"end":{"line":22,"column":33}}},"fnMap":{"0":{"name":"(anonymous_0)","decl":{"start":{"line":23,"column":2},"end":{"line":23,"column":null}},"loc":{"start":{"line":26,"column":4},"end":{"line":26,"column":null}},"line":26},"1":{"name":"(anonymous_1)","decl":{"start":{"line":32,"column":8},"end":{"line":32,"column":16}},"loc":{"start":{"line":32,"column":28},"end":{"line":47,"column":null}},"line":32}},"branchMap":{"0":{"loc":{"start":{"line":25,"column":21},"end":{"line":25,"column":null}},"type":"default-arg","locations":[{"start":{"line":25,"column":62},"end":{"line":25,"column":null}}],"line":25},"1":{"loc":{"start":{"line":34,"column":4},"end":{"line":36,"column":null}},"type":"if","locations":[{"start":{"line":34,"column":4},"end":{"line":36,"column":null}},{"start":{},"end":{}}],"line":34}},"s":{"0":7,"1":5,"2":5,"3":1,"4":1,"5":0,"6":1,"7":1,"8":1,"9":7},"f":{"0":5,"1":1},"b":{"0":[5],"1":[0,1]},"meta":{"lastBranch":2,"lastFunction":2,"lastStatement":10,"seen":{"s:22:7:48:Infinity":0,"f:23:2:23:Infinity":0,"b:25:62:25:Infinity":0,"s:24:21:24:Infinity":1,"s:25:21:25:62":2,"f:32:8:32:16":1,"s:33:20:33:Infinity":3,"b:34:4:36:Infinity:undefined:undefined:undefined:undefined":1,"s:34:4:36:Infinity":4,"s:35:6:35:Infinity":5,"s:37:19:37:Infinity":6,"s:39:4:44:Infinity":7,"s:46:4:46:Infinity":8,"s:22:13:22:33":9}}}
,"C:\\Users\\Pablo\\OneDrive\\Documentos\\GitHub\\apinavidad\\src\\application\\use-cases\\periodos\\CreatePeriodoUseCase.ts": {"path":"C:\\Users\\Pablo\\OneDrive\\Documentos\\GitHub\\apinavidad\\src\\application\\use-cases\\periodos\\CreatePeriodoUseCase.ts","statementMap":{"0":{"start":{"line":22,"column":7},"end":{"line":49,"column":null}},"1":{"start":{"line":24,"column":21},"end":{"line":24,"column":null}},"2":{"start":{"line":25,"column":21},"end":{"line":25,"column":62}},"3":{"start":{"line":33,"column":20},"end":{"line":33,"column":null}},"4":{"start":{"line":34,"column":4},"end":{"line":47,"column":null}},"5":{"start":{"line":35,"column":6},"end":{"line":44,"column":null}},"6":{"start":{"line":46,"column":6},"end":{"line":46,"column":null}},"7":{"start":{"line":22,"column":13},"end":{"line":22,"column":34}}},"fnMap":{"0":{"name":"(anonymous_0)","decl":{"start":{"line":23,"column":2},"end":{"line":23,"column":null}},"loc":{"start":{"line":26,"column":4},"end":{"line":26,"column":null}},"line":26},"1":{"name":"(anonymous_1)","decl":{"start":{"line":32,"column":2},"end":{"line":32,"column":10}},"loc":{"start":{"line":32,"column":25},"end":{"line":48,"column":null}},"line":32},"2":{"name":"(anonymous_2)","decl":{"start":{"line":34,"column":64},"end":{"line":34,"column":65}},"loc":{"start":{"line":34,"column":77},"end":{"line":47,"column":5}},"line":34}},"branchMap":{"0":{"loc":{"start":{"line":25,"column":21},"end":{"line":25,"column":null}},"type":"default-arg","locations":[{"start":{"line":25,"column":62},"end":{"line":25,"column":null}}],"line":25}},"s":{"0":7,"1":6,"2":6,"3":2,"4":2,"5":1,"6":1,"7":7},"f":{"0":6,"1":2,"2":1},"b":{"0":[6]},"meta":{"lastBranch":1,"lastFunction":3,"lastStatement":8,"seen":{"s:22:7:49:Infinity":0,"f:23:2:23:Infinity":0,"b:25:62:25:Infinity":0,"s:24:21:24:Infinity":1,"s:25:21:25:62":2,"f:32:2:32:10":1,"s:33:20:33:Infinity":3,"s:34:4:47:Infinity":4,"f:34:64:34:65":2,"s:35:6:44:Infinity":5,"s:46:6:46:Infinity":6,"s:22:13:22:34":7}}}
,"C:\\Users\\Pablo\\OneDrive\\Documentos\\GitHub\\apinavidad\\src\\application\\use-cases\\periodos\\ListPeriodosUseCase.ts": {"path":"C:\\Users\\Pablo\\OneDrive\\Documentos\\GitHub\\apinavidad\\src\\application\\use-cases\\periodos\\ListPeriodosUseCase.ts","statementMap":{"0":{"start":{"line":20,"column":7},"end":{"line":30,"column":null}},"1":{"start":{"line":21,"column":31},"end":{"line":21,"column":69}},"2":{"start":{"line":28,"column":4},"end":{"line":28,"column":null}},"3":{"start":{"line":20,"column":13},"end":{"line":20,"column":33}}},"fnMap":{"0":{"name":"(anonymous_0)","decl":{"start":{"line":21,"column":2},"end":{"line":21,"column":31}},"loc":{"start":{"line":21,"column":69},"end":{"line":21,"column":null}},"line":21},"1":{"name":"(anonymous_1)","decl":{"start":{"line":27,"column":2},"end":{"line":27,"column":10}},"loc":{"start":{"line":27,"column":65},"end":{"line":29,"column":null}},"line":27}},"branchMap":{},"s":{"0":7,"1":5,"2":1,"3":7},"f":{"0":5,"1":1},"b":{},"meta":{"lastBranch":0,"lastFunction":2,"lastStatement":4,"seen":{"s:20:7:30:Infinity":0,"f:21:2:21:31":0,"s:21:31:21:69":1,"f:27:2:27:10":1,"s:28:4:28:Infinity":2,"s:20:13:20:33":3}}}
,"C:\\Users\\Pablo\\OneDrive\\Documentos\\GitHub\\apinavidad\\src\\application\\use-cases\\periodos\\OpenPeriodoUseCase.ts": {"path":"C:\\Users\\Pablo\\OneDrive\\Documentos\\GitHub\\apinavidad\\src\\application\\use-cases\\periodos\\OpenPeriodoUseCase.ts","statementMap":{"0":{"start":{"line":22,"column":7},"end":{"line":48,"column":null}},"1":{"start":{"line":24,"column":21},"end":{"line":24,"column":null}},"2":{"start":{"line":25,"column":21},"end":{"line":25,"column":62}},"3":{"start":{"line":33,"column":20},"end":{"line":33,"column":null}},"4":{"start":{"line":34,"column":4},"end":{"line":36,"column":null}},"5":{"start":{"line":35,"column":6},"end":{"line":35,"column":null}},"6":{"start":{"line":37,"column":19},"end":{"line":37,"column":null}},"7":{"start":{"line":39,"column":4},"end":{"line":44,"column":null}},"8":{"start":{"line":46,"column":4},"end":{"line":46,"column":null}},"9":{"start":{"line":22,"column":13},"end":{"line":22,"column":32}}},"fnMap":{"0":{"name":"(anonymous_0)","decl":{"start":{"line":23,"column":2},"end":{"line":23,"column":null}},"loc":{"start":{"line":26,"column":4},"end":{"line":26,"column":null}},"line":26},"1":{"name":"(anonymous_1)","decl":{"start":{"line":32,"column":8},"end":{"line":32,"column":16}},"loc":{"start":{"line":32,"column":28},"end":{"line":47,"column":null}},"line":32}},"branchMap":{"0":{"loc":{"start":{"line":25,"column":21},"end":{"line":25,"column":null}},"type":"default-arg","locations":[{"start":{"line":25,"column":62},"end":{"line":25,"column":null}}],"line":25},"1":{"loc":{"start":{"line":34,"column":4},"end":{"line":36,"column":null}},"type":"if","locations":[{"start":{"line":34,"column":4},"end":{"line":36,"column":null}},{"start":{},"end":{}}],"line":34}},"s":{"0":7,"1":6,"2":6,"3":2,"4":2,"5":1,"6":1,"7":1,"8":1,"9":7},"f":{"0":6,"1":2},"b":{"0":[6],"1":[1,1]},"meta":{"lastBranch":2,"lastFunction":2,"lastStatement":10,"seen":{"s:22:7:48:Infinity":0,"f:23:2:23:Infinity":0,"b:25:62:25:Infinity":0,"s:24:21:24:Infinity":1,"s:25:21:25:62":2,"f:32:8:32:16":1,"s:33:20:33:Infinity":3,"b:34:4:36:Infinity:undefined:undefined:undefined:undefined":1,"s:34:4:36:Infinity":4,"s:35:6:35:Infinity":5,"s:37:19:37:Infinity":6,"s:39:4:44:Infinity":7,"s:46:4:46:Infinity":8,"s:22:13:22:32":9}}}
,"C:\\Users\\Pablo\\OneDrive\\Documentos\\GitHub\\apinavidad\\src\\application\\use-cases\\periodos\\UpdatePeriodoUseCase.ts": {"path":"C:\\Users\\Pablo\\OneDrive\\Documentos\\GitHub\\apinavidad\\src\\application\\use-cases\\periodos\\UpdatePeriodoUseCase.ts","statementMap":{"0":{"start":{"line":23,"column":7},"end":{"line":52,"column":null}},"1":{"start":{"line":25,"column":21},"end":{"line":25,"column":null}},"2":{"start":{"line":26,"column":21},"end":{"line":26,"column":62}},"3":{"start":{"line":35,"column":20},"end":{"line":35,"column":null}},"4":{"start":{"line":36,"column":4},"end":{"line":38,"column":null}},"5":{"start":{"line":37,"column":6},"end":{"line":37,"column":null}},"6":{"start":{"line":39,"column":20},"end":{"line":39,"column":null}},"7":{"start":{"line":40,"column":20},"end":{"line":40,"column":null}},"8":{"start":{"line":42,"column":4},"end":{"line":48,"column":null}},"9":{"start":{"line":50,"column":4},"end":{"line":50,"column":null}},"10":{"start":{"line":23,"column":13},"end":{"line":23,"column":34}}},"fnMap":{"0":{"name":"(anonymous_0)","decl":{"start":{"line":24,"column":2},"end":{"line":24,"column":null}},"loc":{"start":{"line":27,"column":4},"end":{"line":27,"column":null}},"line":27},"1":{"name":"(anonymous_1)","decl":{"start":{"line":34,"column":8},"end":{"line":34,"column":16}},"loc":{"start":{"line":34,"column":43},"end":{"line":51,"column":null}},"line":34}},"branchMap":{"0":{"loc":{"start":{"line":26,"column":21},"end":{"line":26,"column":null}},"type":"default-arg","locations":[{"start":{"line":26,"column":62},"end":{"line":26,"column":null}}],"line":26},"1":{"loc":{"start":{"line":36,"column":4},"end":{"line":38,"column":null}},"type":"if","locations":[{"start":{"line":36,"column":4},"end":{"line":38,"column":null}},{"start":{},"end":{}}],"line":36}},"s":{"0":7,"1":7,"2":7,"3":3,"4":3,"5":1,"6":2,"7":2,"8":1,"9":1,"10":7},"f":{"0":7,"1":3},"b":{"0":[7],"1":[1,2]},"meta":{"lastBranch":2,"lastFunction":2,"lastStatement":11,"seen":{"s:23:7:52:Infinity":0,"f:24:2:24:Infinity":0,"b:26:62:26:Infinity":0,"s:25:21:25:Infinity":1,"s:26:21:26:62":2,"f:34:8:34:16":1,"s:35:20:35:Infinity":3,"b:36:4:38:Infinity:undefined:undefined:undefined:undefined":1,"s:36:4:38:Infinity":4,"s:37:6:37:Infinity":5,"s:39:20:39:Infinity":6,"s:40:20:40:Infinity":7,"s:42:4:48:Infinity":8,"s:50:4:50:Infinity":9,"s:23:13:23:34":10}}}
,"C:\\Users\\Pablo\\OneDrive\\Documentos\\GitHub\\apinavidad\\src\\application\\use-cases\\personas\\CreatePersonaUseCase.ts": {"path":"C:\\Users\\Pablo\\OneDrive\\Documentos\\GitHub\\apinavidad\\src\\application\\use-cases\\personas\\CreatePersonaUseCase.ts","statementMap":{"0":{"start":{"line":22,"column":7},"end":{"line":61,"column":null}},"1":{"start":{"line":24,"column":21},"end":{"line":24,"column":null}},"2":{"start":{"line":25,"column":21},"end":{"line":25,"column":62}},"3":{"start":{"line":34,"column":20},"end":{"line":34,"column":null}},"4":{"start":{"line":35,"column":39},"end":{"line":35,"column":null}},"5":{"start":{"line":36,"column":16},"end":{"line":36,"column":null}},"6":{"start":{"line":38,"column":4},"end":{"line":59,"column":null}},"7":{"start":{"line":46,"column":8},"end":{"line":56,"column":null}},"8":{"start":{"line":58,"column":8},"end":{"line":58,"column":null}},"9":{"start":{"line":22,"column":13},"end":{"line":22,"column":34}}},"fnMap":{"0":{"name":"(anonymous_0)","decl":{"start":{"line":23,"column":2},"end":{"line":23,"column":null}},"loc":{"start":{"line":26,"column":4},"end":{"line":26,"column":null}},"line":26},"1":{"name":"(anonymous_1)","decl":{"start":{"line":33,"column":2},"end":{"line":33,"column":10}},"loc":{"start":{"line":33,"column":25},"end":{"line":60,"column":null}},"line":33},"2":{"name":"(anonymous_2)","decl":{"start":{"line":45,"column":12},"end":{"line":45,"column":13}},"loc":{"start":{"line":45,"column":25},"end":{"line":59,"column":7}},"line":45}},"branchMap":{"0":{"loc":{"start":{"line":25,"column":21},"end":{"line":25,"column":null}},"type":"default-arg","locations":[{"start":{"line":25,"column":62},"end":{"line":25,"column":null}}],"line":25},"1":{"loc":{"start":{"line":35,"column":12},"end":{"line":35,"column":24}},"type":"default-arg","locations":[{"start":{"line":35,"column":20},"end":{"line":35,"column":24}}],"line":35}},"s":{"0":7,"1":7,"2":7,"3":3,"4":3,"5":3,"6":3,"7":2,"8":2,"9":7},"f":{"0":7,"1":3,"2":2},"b":{"0":[7],"1":[3]},"meta":{"lastBranch":2,"lastFunction":3,"lastStatement":10,"seen":{"s:22:7:61:Infinity":0,"f:23:2:23:Infinity":0,"b:25:62:25:Infinity":0,"s:24:21:24:Infinity":1,"s:25:21:25:62":2,"f:33:2:33:10":1,"s:34:20:34:Infinity":3,"s:35:39:35:Infinity":4,"b:35:20:35:24":1,"s:36:16:36:Infinity":5,"s:38:4:59:Infinity":6,"f:45:12:45:13":2,"s:46:8:56:Infinity":7,"s:58:8:58:Infinity":8,"s:22:13:22:34":9}}}
,"C:\\Users\\Pablo\\OneDrive\\Documentos\\GitHub\\apinavidad\\src\\application\\use-cases\\personas\\DeletePersonaUseCase.ts": {"path":"C:\\Users\\Pablo\\OneDrive\\Documentos\\GitHub\\apinavidad\\src\\application\\use-cases\\personas\\DeletePersonaUseCase.ts","statementMap":{"0":{"start":{"line":23,"column":7},"end":{"line":68,"column":null}},"1":{"start":{"line":25,"column":21},"end":{"line":25,"column":null}},"2":{"start":{"line":26,"column":21},"end":{"line":26,"column":62}},"3":{"start":{"line":35,"column":20},"end":{"line":35,"column":null}},"4":{"start":{"line":36,"column":4},"end":{"line":38,"column":null}},"5":{"start":{"line":37,"column":6},"end":{"line":37,"column":null}},"6":{"start":{"line":40,"column":22},"end":{"line":40,"column":null}},"7":{"start":{"line":41,"column":23},"end":{"line":41,"column":null}},"8":{"start":{"line":43,"column":4},"end":{"line":45,"column":null}},"9":{"start":{"line":44,"column":6},"end":{"line":44,"column":null}},"10":{"start":{"line":47,"column":4},"end":{"line":47,"column":null}},"11":{"start":{"line":49,"column":4},"end":{"line":59,"column":null}},"12":{"start":{"line":57,"column":46},"end":{"line":57,"column":54}},"13":{"start":{"line":63,"column":4},"end":{"line":65,"column":null}},"14":{"start":{"line":64,"column":6},"end":{"line":64,"column":null}},"15":{"start":{"line":66,"column":4},"end":{"line":66,"column":null}},"16":{"start":{"line":66,"column":43},"end":{"line":66,"column":52}},"17":{"start":{"line":23,"column":13},"end":{"line":23,"column":34}}},"fnMap":{"0":{"name":"(anonymous_0)","decl":{"start":{"line":24,"column":2},"end":{"line":24,"column":null}},"loc":{"start":{"line":27,"column":4},"end":{"line":27,"column":null}},"line":27},"1":{"name":"(anonymous_1)","decl":{"start":{"line":34,"column":8},"end":{"line":34,"column":16}},"loc":{"start":{"line":34,"column":54},"end":{"line":60,"column":null}},"line":34},"2":{"name":"(anonymous_2)","decl":{"start":{"line":57,"column":36},"end":{"line":57,"column":37}},"loc":{"start":{"line":57,"column":46},"end":{"line":57,"column":54}},"line":57},"3":{"name":"(anonymous_3)","decl":{"start":{"line":62,"column":10},"end":{"line":62,"column":25}},"loc":{"start":{"line":62,"column":57},"end":{"line":67,"column":null}},"line":62},"4":{"name":"(anonymous_4)","decl":{"start":{"line":66,"column":33},"end":{"line":66,"column":34}},"loc":{"start":{"line":66,"column":43},"end":{"line":66,"column":52}},"line":66}},"branchMap":{"0":{"loc":{"start":{"line":26,"column":21},"end":{"line":26,"column":null}},"type":"default-arg","locations":[{"start":{"line":26,"column":62},"end":{"line":26,"column":null}}],"line":26},"1":{"loc":{"start":{"line":36,"column":4},"end":{"line":38,"column":null}},"type":"if","locations":[{"start":{"line":36,"column":4},"end":{"line":38,"column":null}},{"start":{},"end":{}}],"line":36},"2":{"loc":{"start":{"line":43,"column":4},"end":{"line":45,"column":null}},"type":"if","locations":[{"start":{"line":43,"column":4},"end":{"line":45,"column":null}},{"start":{},"end":{}}],"line":43},"3":{"loc":{"start":{"line":63,"column":4},"end":{"line":65,"column":null}},"type":"if","locations":[{"start":{"line":63,"column":4},"end":{"line":65,"column":null}},{"start":{},"end":{}}],"line":63}},"s":{"0":7,"1":8,"2":8,"3":4,"4":4,"5":1,"6":3,"7":3,"8":3,"9":1,"10":2,"11":2,"12":2,"13":6,"14":0,"15":6,"16":6,"17":7},"f":{"0":8,"1":4,"2":2,"3":6,"4":6},"b":{"0":[8],"1":[1,3],"2":[1,2],"3":[0,6]},"meta":{"lastBranch":4,"lastFunction":5,"lastStatement":18,"seen":{"s:23:7:68:Infinity":0,"f:24:2:24:Infinity":0,"b:26:62:26:Infinity":0,"s:25:21:25:Infinity":1,"s:26:21:26:62":2,"f:34:8:34:16":1,"s:35:20:35:Infinity":3,"b:36:4:38:Infinity:undefined:undefined:undefined:undefined":1,"s:36:4:38:Infinity":4,"s:37:6:37:Infinity":5,"s:40:22:40:Infinity":6,"s:41:23:41:Infinity":7,"b:43:4:45:Infinity:undefined:undefined:undefined:undefined":2,"s:43:4:45:Infinity":8,"s:44:6:44:Infinity":9,"s:47:4:47:Infinity":10,"s:49:4:59:Infinity":11,"f:57:36:57:37":2,"s:57:46:57:54":12,"f:62:10:62:25":3,"b:63:4:65:Infinity:undefined:undefined:undefined:undefined":3,"s:63:4:65:Infinity":13,"s:64:6:64:Infinity":14,"s:66:4:66:Infinity":15,"f:66:33:66:34":4,"s:66:43:66:52":16,"s:23:13:23:34":17}}}
,"C:\\Users\\Pablo\\OneDrive\\Documentos\\GitHub\\apinavidad\\src\\application\\use-cases\\personas\\GetPersonaUseCase.ts": {"path":"C:\\Users\\Pablo\\OneDrive\\Documentos\\GitHub\\apinavidad\\src\\application\\use-cases\\personas\\GetPersonaUseCase.ts","statementMap":{"0":{"start":{"line":21,"column":7},"end":{"line":35,"column":null}},"1":{"start":{"line":22,"column":31},"end":{"line":22,"column":69}},"2":{"start":{"line":29,"column":20},"end":{"line":29,"column":null}},"3":{"start":{"line":30,"column":4},"end":{"line":32,"column":null}},"4":{"start":{"line":31,"column":6},"end":{"line":31,"column":null}},"5":{"start":{"line":33,"column":4},"end":{"line":33,"column":null}},"6":{"start":{"line":21,"column":13},"end":{"line":21,"column":31}}},"fnMap":{"0":{"name":"(anonymous_0)","decl":{"start":{"line":22,"column":2},"end":{"line":22,"column":31}},"loc":{"start":{"line":22,"column":69},"end":{"line":22,"column":null}},"line":22},"1":{"name":"(anonymous_1)","decl":{"start":{"line":28,"column":8},"end":{"line":28,"column":16}},"loc":{"start":{"line":28,"column":28},"end":{"line":34,"column":null}},"line":28}},"branchMap":{"0":{"loc":{"start":{"line":30,"column":4},"end":{"line":32,"column":null}},"type":"if","locations":[{"start":{"line":30,"column":4},"end":{"line":32,"column":null}},{"start":{},"end":{}}],"line":30}},"s":{"0":7,"1":8,"2":5,"3":5,"4":2,"5":3,"6":7},"f":{"0":8,"1":5},"b":{"0":[2,3]},"meta":{"lastBranch":1,"lastFunction":2,"lastStatement":7,"seen":{"s:21:7:35:Infinity":0,"f:22:2:22:31":0,"s:22:31:22:69":1,"f:28:8:28:16":1,"s:29:20:29:Infinity":2,"b:30:4:32:Infinity:undefined:undefined:undefined:undefined":0,"s:30:4:32:Infinity":3,"s:31:6:31:Infinity":4,"s:33:4:33:Infinity":5,"s:21:13:21:31":6}}}
,"C:\\Users\\Pablo\\OneDrive\\Documentos\\GitHub\\apinavidad\\src\\application\\use-cases\\personas\\ListPersonasUseCase.ts": {"path":"C:\\Users\\Pablo\\OneDrive\\Documentos\\GitHub\\apinavidad\\src\\application\\use-cases\\personas\\ListPersonasUseCase.ts","statementMap":{"0":{"start":{"line":20,"column":7},"end":{"line":30,"column":null}},"1":{"start":{"line":21,"column":31},"end":{"line":21,"column":69}},"2":{"start":{"line":28,"column":4},"end":{"line":28,"column":null}},"3":{"start":{"line":20,"column":13},"end":{"line":20,"column":33}}},"fnMap":{"0":{"name":"(anonymous_0)","decl":{"start":{"line":21,"column":2},"end":{"line":21,"column":31}},"loc":{"start":{"line":21,"column":69},"end":{"line":21,"column":null}},"line":21},"1":{"name":"(anonymous_1)","decl":{"start":{"line":27,"column":2},"end":{"line":27,"column":10}},"loc":{"start":{"line":27,"column":65},"end":{"line":29,"column":null}},"line":27}},"branchMap":{},"s":{"0":7,"1":8,"2":4,"3":7},"f":{"0":8,"1":4},"b":{},"meta":{"lastBranch":0,"lastFunction":2,"lastStatement":4,"seen":{"s:20:7:30:Infinity":0,"f:21:2:21:31":0,"s:21:31:21:69":1,"f:27:2:27:10":1,"s:28:4:28:Infinity":2,"s:20:13:20:33":3}}}
,"C:\\Users\\Pablo\\OneDrive\\Documentos\\GitHub\\apinavidad\\src\\application\\use-cases\\personas\\UpdatePersonaUseCase.ts": {"path":"C:\\Users\\Pablo\\OneDrive\\Documentos\\GitHub\\apinavidad\\src\\application\\use-cases\\personas\\UpdatePersonaUseCase.ts","statementMap":{"0":{"start":{"line":23,"column":7},"end":{"line":56,"column":null}},"1":{"start":{"line":25,"column":21},"end":{"line":25,"column":null}},"2":{"start":{"line":26,"column":21},"end":{"line":26,"column":62}},"3":{"start":{"line":35,"column":20},"end":{"line":35,"column":null}},"4":{"start":{"line":36,"column":4},"end":{"line":38,"column":null}},"5":{"start":{"line":37,"column":6},"end":{"line":37,"column":null}},"6":{"start":{"line":39,"column":20},"end":{"line":39,"column":null}},"7":{"start":{"line":40,"column":31},"end":{"line":40,"column":null}},"8":{"start":{"line":41,"column":20},"end":{"line":41,"column":null}},"9":{"start":{"line":43,"column":4},"end":{"line":52,"column":null}},"10":{"start":{"line":54,"column":4},"end":{"line":54,"column":null}},"11":{"start":{"line":23,"column":13},"end":{"line":23,"column":34}}},"fnMap":{"0":{"name":"(anonymous_0)","decl":{"start":{"line":24,"column":2},"end":{"line":24,"column":null}},"loc":{"start":{"line":27,"column":4},"end":{"line":27,"column":null}},"line":27},"1":{"name":"(anonymous_1)","decl":{"start":{"line":34,"column":8},"end":{"line":34,"column":16}},"loc":{"start":{"line":34,"column":43},"end":{"line":55,"column":null}},"line":34}},"branchMap":{"0":{"loc":{"start":{"line":26,"column":21},"end":{"line":26,"column":null}},"type":"default-arg","locations":[{"start":{"line":26,"column":62},"end":{"line":26,"column":null}}],"line":26},"1":{"loc":{"start":{"line":36,"column":4},"end":{"line":38,"column":null}},"type":"if","locations":[{"start":{"line":36,"column":4},"end":{"line":38,"column":null}},{"start":{},"end":{}}],"line":36}},"s":{"0":7,"1":8,"2":8,"3":3,"4":3,"5":1,"6":2,"7":2,"8":2,"9":1,"10":1,"11":7},"f":{"0":8,"1":3},"b":{"0":[8],"1":[1,2]},"meta":{"lastBranch":2,"lastFunction":2,"lastStatement":12,"seen":{"s:23:7:56:Infinity":0,"f:24:2:24:Infinity":0,"b:26:62:26:Infinity":0,"s:25:21:25:Infinity":1,"s:26:21:26:62":2,"f:34:8:34:16":1,"s:35:20:35:Infinity":3,"b:36:4:38:Infinity:undefined:undefined:undefined:undefined":1,"s:36:4:38:Infinity":4,"s:37:6:37:Infinity":5,"s:39:20:39:Infinity":6,"s:40:31:40:Infinity":7,"s:41:20:41:Infinity":8,"s:43:4:52:Infinity":9,"s:54:4:54:Infinity":10,"s:23:13:23:34":11}}}
,"C:\\Users\\Pablo\\OneDrive\\Documentos\\GitHub\\apinavidad\\src\\config\\auth.ts": {"path":"C:\\Users\\Pablo\\OneDrive\\Documentos\\GitHub\\apinavidad\\src\\config\\auth.ts","statementMap":{"0":{"start":{"line":20,"column":40},"end":{"line":20,"column":null}},"1":{"start":{"line":21,"column":41},"end":{"line":21,"column":null}},"2":{"start":{"line":23,"column":40},"end":{"line":23,"column":null}},"3":{"start":{"line":24,"column":41},"end":{"line":24,"column":null}},"4":{"start":{"line":26,"column":22},"end":{"line":26,"column":null}},"5":{"start":{"line":27,"column":41},"end":{"line":32,"column":null}},"6":{"start":{"line":34,"column":0},"end":{"line":36,"column":null}},"7":{"start":{"line":35,"column":2},"end":{"line":35,"column":null}},"8":{"start":{"line":43,"column":34},"end":{"line":46,"column":null}},"9":{"start":{"line":43,"column":74},"end":{"line":46,"column":null}}},"fnMap":{"0":{"name":"(anonymous_0)","decl":{"start":{"line":43,"column":34},"end":{"line":43,"column":35}},"loc":{"start":{"line":43,"column":74},"end":{"line":46,"column":null}},"line":43}},"branchMap":{"0":{"loc":{"start":{"line":34,"column":0},"end":{"line":36,"column":null}},"type":"if","locations":[{"start":{"line":34,"column":0},"end":{"line":36,"column":null}},{"start":{},"end":{}}],"line":34}},"s":{"0":10,"1":10,"2":10,"3":10,"4":10,"5":10,"6":10,"7":10,"8":10,"9":6},"f":{"0":6},"b":{"0":[10,0]},"meta":{"lastBranch":1,"lastFunction":1,"lastStatement":10,"seen":{"s:20:40:20:Infinity":0,"s:21:41:21:Infinity":1,"s:23:40:23:Infinity":2,"s:24:41:24:Infinity":3,"s:26:22:26:Infinity":4,"s:27:41:32:Infinity":5,"b:34:0:36:Infinity:undefined:undefined:undefined:undefined":0,"s:34:0:36:Infinity":6,"s:35:2:35:Infinity":7,"s:43:34:46:Infinity":8,"f:43:34:43:35":0,"s:43:74:46:Infinity":9}}}
,"C:\\Users\\Pablo\\OneDrive\\Documentos\\GitHub\\apinavidad\\src\\config\\env.ts": {"path":"C:\\Users\\Pablo\\OneDrive\\Documentos\\GitHub\\apinavidad\\src\\config\\env.ts","statementMap":{"0":{"start":{"line":19,"column":18},"end":{"line":38,"column":null}},"1":{"start":{"line":43,"column":19},"end":{"line":43,"column":null}}},"fnMap":{},"branchMap":{},"s":{"0":57,"1":57},"f":{},"b":{},"meta":{"lastBranch":0,"lastFunction":0,"lastStatement":2,"seen":{"s:19:18:38:Infinity":0,"s:43:19:43:Infinity":1}}}
,"C:\\Users\\Pablo\\OneDrive\\Documentos\\GitHub\\apinavidad\\src\\config\\module-alias.ts": {"path":"C:\\Users\\Pablo\\OneDrive\\Documentos\\GitHub\\apinavidad\\src\\config\\module-alias.ts","statementMap":{"0":{"start":{"line":21,"column":20},"end":{"line":21,"column":null}},"1":{"start":{"line":22,"column":6},"end":{"line":22,"column":null}},"2":{"start":{"line":23,"column":6},"end":{"line":23,"column":null}},"3":{"start":{"line":24,"column":6},"end":{"line":24,"column":null}},"4":{"start":{"line":26,"column":0},"end":{"line":26,"column":null}}},"fnMap":{},"branchMap":{"0":{"loc":{"start":{"line":24,"column":6},"end":{"line":24,"column":null}},"type":"cond-expr","locations":[{"start":{"line":24,"column":43},"end":{"line":24,"column":54}},{"start":{"line":24,"column":54},"end":{"line":24,"column":null}}],"line":24}},"s":{"0":1,"1":1,"2":1,"3":1,"4":1},"f":{},"b":{"0":[1,0]},"meta":{"lastBranch":1,"lastFunction":0,"lastStatement":5,"seen":{"s:21:20:21:Infinity":0,"s:22:6:22:Infinity":1,"s:23:6:23:Infinity":2,"s:24:6:24:Infinity":3,"b:24:43:24:54:24:54:24:Infinity":0,"s:26:0:26:Infinity":4}}}
[...]
,"C:\\Users\\Pablo\\OneDrive\\Documentos\\GitHub\\apinavidad\\src\\modules\\periodos\\periodos.module.ts": {"path":"C:\\Users\\Pablo\\OneDrive\\Documentos\\GitHub\\apinavidad\\src\\modules\\periodos\\periodos.module.ts","statementMap":{"0":{"start":{"line":37,"column":7},"end":{"line":37,"column":null}},"1":{"start":{"line":37,"column":13},"end":{"line":37,"column":28}}},"fnMap":{},"branchMap":{},"s":{"0":6,"1":6},"f":{},"b":{},"meta":{"lastBranch":0,"lastFunction":0,"lastStatement":2,"seen":{"s:37:7:37:Infinity":0,"s:37:13:37:28":1}}}
,"C:\\Users\\Pablo\\OneDrive\\Documentos\\GitHub\\apinavidad\\src\\modules\\personas\\personas.controller.ts": {"path":"C:\\Users\\Pablo\\OneDrive\\Documentos\\GitHub\\apinavidad\\src\\modules\\personas\\personas.controller.ts","statementMap":{"0":{"start":{"line":34,"column":7},"end":{"line":81,"column":null}},"1":{"start":{"line":36,"column":21},"end":{"line":36,"column":null}},"2":{"start":{"line":37,"column":21},"end":{"line":37,"column":null}},"3":{"start":{"line":38,"column":21},"end":{"line":38,"column":null}},"4":{"start":{"line":39,"column":21},"end":{"line":39,"column":null}},"5":{"start":{"line":40,"column":21},"end":{"line":40,"column":null}},"6":{"start":{"line":46,"column":18},"end":{"line":46,"column":null}},"7":{"start":{"line":47,"column":4},"end":{"line":50,"column":null}},"8":{"start":{"line":56,"column":4},"end":{"line":56,"column":null}},"9":{"start":{"line":62,"column":4},"end":{"line":62,"column":null}},"10":{"start":{"line":68,"column":4},"end":{"line":68,"column":null}},"11":{"start":{"line":75,"column":4},"end":{"line":77,"column":null}},"12":{"start":{"line":76,"column":6},"end":{"line":76,"column":null}},"13":{"start":{"line":79,"column":4},"end":{"line":79,"column":null}},"14":{"start":{"line":45,"column":2},"end":{"line":45,"column":8}},"15":{"start":{"line":55,"column":2},"end":{"line":55,"column":10}},"16":{"start":{"line":61,"column":2},"end":{"line":61,"column":11}},"17":{"start":{"line":67,"column":2},"end":{"line":67,"column":10}},"18":{"start":{"line":74,"column":8},"end":{"line":74,"column":16}},"19":{"start":{"line":34,"column":13},"end":{"line":34,"column":32}}},"fnMap":{"0":{"name":"(anonymous_0)","decl":{"start":{"line":35,"column":2},"end":{"line":35,"column":null}},"loc":{"start":{"line":41,"column":4},"end":{"line":41,"column":null}},"line":41},"1":{"name":"(anonymous_1)","decl":{"start":{"line":45,"column":2},"end":{"line":45,"column":8}},"loc":{"start":{"line":45,"column":91},"end":{"line":51,"column":null}},"line":45},"2":{"name":"(anonymous_2)","decl":{"start":{"line":55,"column":2},"end":{"line":55,"column":10}},"loc":{"start":{"line":55,"column":83},"end":{"line":57,"column":null}},"line":55},"3":{"name":"(anonymous_3)","decl":{"start":{"line":61,"column":2},"end":{"line":61,"column":11}},"loc":{"start":{"line":61,"column":49},"end":{"line":63,"column":null}},"line":61},"4":{"name":"(anonymous_4)","decl":{"start":{"line":67,"column":2},"end":{"line":67,"column":10}},"loc":{"start":{"line":67,"column":122},"end":{"line":69,"column":null}},"line":67},"5":{"name":"(anonymous_5)","decl":{"start":{"line":74,"column":8},"end":{"line":74,"column":16}},"loc":{"start":{"line":74,"column":91},"end":{"line":80,"column":null}},"line":74}},"branchMap":{"0":{"loc":{"start":{"line":46,"column":18},"end":{"line":46,"column":null}},"type":"cond-expr","locations":[{"start":{"line":46,"column":35},"end":{"line":46,"column":60}},{"start":{"line":46,"column":60},"end":{"line":46,"column":null}}],"line":46},"1":{"loc":{"start":{"line":48,"column":22},"end":{"line":48,"column":null}},"type":"cond-expr","locations":[{"start":{"line":48,"column":44},"end":{"line":48,"column":56}},{"start":{"line":48,"column":56},"end":{"line":48,"column":null}}],"line":48},"2":{"loc":{"start":{"line":49,"column":14},"end":{"line":49,"column":null}},"type":"binary-expr","locations":[{"start":{"line":49,"column":14},"end":{"line":49,"column":24}},{"start":{"line":49,"column":24},"end":{"line":49,"column":null}}],"line":49},"3":{"loc":{"start":{"line":75,"column":4},"end":{"line":77,"column":null}},"type":"if","locations":[{"start":{"line":75,"column":4},"end":{"line":77,"column":null}},{"start":{},"end":{}}],"line":75}},"s":{"0":7,"1":6,"2":6,"3":6,"4":6,"5":6,"6":5,"7":5,"8":2,"9":3,"10":1,"11":2,"12":0,"13":2,"14":7,"15":7,"16":7,"17":7,"18":7,"19":7},"f":{"0":6,"1":5,"2":2,"3":3,"4":1,"5":2},"b":{"0":[4,1],"1":[1,4],"2":[5,2],"3":[0,2]},"meta":{"lastBranch":4,"lastFunction":6,"lastStatement":20,"seen":{"s:34:7:81:Infinity":0,"f:35:2:35:Infinity":0,"s:36:21:36:Infinity":1,"s:37:21:37:Infinity":2,"s:38:21:38:Infinity":3,"s:39:21:39:Infinity":4,"s:40:21:40:Infinity":5,"f:45:2:45:8":1,"s:46:18:46:Infinity":6,"b:46:35:46:60:46:60:46:Infinity":0,"s:47:4:50:Infinity":7,"b:48:44:48:56:48:56:48:Infinity":1,"b:49:14:49:24:49:24:49:Infinity":2,"f:55:2:55:10":2,"s:56:4:56:Infinity":8,"f:61:2:61:11":3,"s:62:4:62:Infinity":9,"f:67:2:67:10":4,"s:68:4:68:Infinity":10,"f:74:8:74:16":5,"b:75:4:77:Infinity:undefined:undefined:undefined:undefined":3,"s:75:4:77:Infinity":11,"s:76:6:76:Infinity":12,"s:79:4:79:Infinity":13,"s:45:2:45:8":14,"s:55:2:55:10":15,"s:61:2:61:11":16,"s:67:2:67:10":17,"s:74:8:74:16":18,"s:34:13:34:32":19}}}
,"C:\\Users\\Pablo\\OneDrive\\Documentos\\GitHub\\apinavidad\\src\\modules\\personas\\personas.module.ts": {"path":"C:\\Users\\Pablo\\OneDrive\\Documentos\\GitHub\\apinavidad\\src\\modules\\personas\\personas.module.ts","statementMap":{"0":{"start":{"line":35,"column":7},"end":{"line":35,"column":null}},"1":{"start":{"line":35,"column":13},"end":{"line":35,"column":28}}},"fnMap":{},"branchMap":{},"s":{"0":6,"1":6},"f":{},"b":{},"meta":{"lastBranch":0,"lastFunction":0,"lastStatement":2,"seen":{"s:35:7:35:Infinity":0,"s:35:13:35:28":1}}}
,"C:\\Users\\Pablo\\OneDrive\\Documentos\\GitHub\\apinavidad\\src\\modules\\reportes\\reportes.controller.ts": {"path":"C:\\Users\\Pablo\\OneDrive\\Documentos\\GitHub\\apinavidad\\src\\modules\\reportes\\reportes.controller.ts","statementMap":{"0":{"start":{"line":24,"column":7},"end":{"line":105,"column":null}},"1":{"start":{"line":26,"column":21},"end":{"line":26,"column":null}},"2":{"start":{"line":27,"column":21},"end":{"line":27,"column":null}},"3":{"start":{"line":33,"column":18},"end":{"line":33,"column":null}},"4":{"start":{"line":34,"column":4},"end":{"line":34,"column":null}},"5":{"start":{"line":44,"column":17},"end":{"line":44,"column":null}},"6":{"start":{"line":45,"column":4},"end":{"line":45,"column":null}},"7":{"start":{"line":56,"column":17},"end":{"line":56,"column":null}},"8":{"start":{"line":57,"column":16},"end":{"line":57,"column":null}},"9":{"start":{"line":58,"column":4},"end":{"line":58,"column":null}},"10":{"start":{"line":59,"column":4},"end":{"line":59,"column":null}},"11":{"start":{"line":60,"column":4},"end":{"line":60,"column":null}},"12":{"start":{"line":71,"column":17},"end":{"line":71,"column":null}},"13":{"start":{"line":72,"column":17},"end":{"line":72,"column":null}},"14":{"start":{"line":73,"column":4},"end":{"line":73,"column":null}},"15":{"start":{"line":74,"column":4},"end":{"line":74,"column":null}},"16":{"start":{"line":75,"column":4},"end":{"line":75,"column":null}},"17":{"start":{"line":83,"column":18},"end":{"line":87,"column":null}},"18":{"start":{"line":89,"column":4},"end":{"line":97,"column":null}},"19":{"start":{"line":90,"column":12},"end":{"line":90,"column":null}},"20":{"start":{"line":91,"column":36},"end":{"line":91,"column":null}},"21":{"start":{"line":92,"column":6},"end":{"line":96,"column":null}},"22":{"start":{"line":101,"column":4},"end":{"line":101,"column":null}},"23":{"start":{"line":101,"column":16},"end":{"line":101,"column":null}},"24":{"start":{"line":102,"column":19},"end":{"line":102,"column":null}},"25":{"start":{"line":103,"column":4},"end":{"line":103,"column":null}},"26":{"start":{"line":32,"column":8},"end":{"line":32,"column":28}},"27":{"start":{"line":39,"column":8},"end":{"line":39,"column":null}},"28":{"start":{"line":50,"column":8},"end":{"line":50,"column":null}},"29":{"start":{"line":65,"column":8},"end":{"line":65,"column":null}},"30":{"start":{"line":24,"column":13},"end":{"line":24,"column":32}}},"fnMap":{"0":{"name":"(anonymous_0)","decl":{"start":{"line":25,"column":2},"end":{"line":25,"column":null}},"loc":{"start":{"line":28,"column":4},"end":{"line":28,"column":null}},"line":28},"1":{"name":"(anonymous_1)","decl":{"start":{"line":32,"column":8},"end":{"line":32,"column":28}},"loc":{"start":{"line":32,"column":28},"end":{"line":35,"column":null}},"line":32},"2":{"name":"(anonymous_2)","decl":{"start":{"line":39,"column":8},"end":{"line":39,"column":null}},"loc":{"start":{"line":43,"column":4},"end":{"line":46,"column":null}},"line":43},"3":{"name":"(anonymous_3)","decl":{"start":{"line":50,"column":8},"end":{"line":50,"column":null}},"loc":{"start":{"line":55,"column":4},"end":{"line":61,"column":null}},"line":55},"4":{"name":"(anonymous_4)","decl":{"start":{"line":65,"column":8},"end":{"line":65,"column":null}},"loc":{"start":{"line":70,"column":4},"end":{"line":76,"column":null}},"line":70},"5":{"name":"(anonymous_5)","decl":{"start":{"line":78,"column":16},"end":{"line":78,"column":null}},"loc":{"start":{"line":82,"column":4},"end":{"line":98,"column":null}},"line":82},"6":{"name":"(anonymous_6)","decl":{"start":{"line":89,"column":21},"end":{"line":89,"column":22}},"loc":{"start":{"line":89,"column":31},"end":{"line":97,"column":5}},"line":89},"7":{"name":"(anonymous_7)","decl":{"start":{"line":100,"column":10},"end":{"line":100,"column":19}},"loc":{"start":{"line":100,"column":35},"end":{"line":104,"column":null}},"line":100}},"branchMap":{"0":{"loc":{"start":{"line":86,"column":14},"end":{"line":86,"column":null}},"type":"binary-expr","locations":[{"start":{"line":86,"column":14},"end":{"line":86,"column":24}},{"start":{"line":86,"column":24},"end":{"line":86,"column":null}}],"line":86},"1":{"loc":{"start":{"line":91,"column":36},"end":{"line":91,"column":null}},"type":"cond-expr","locations":[{"start":{"line":91,"column":60},"end":{"line":91,"column":100}},{"start":{"line":91,"column":100},"end":{"line":91,"column":null}}],"line":91},"2":{"loc":{"start":{"line":101,"column":4},"end":{"line":101,"column":null}},"type":"if","locations":[{"start":{"line":101,"column":4},"end":{"line":101,"column":null}},{"start":{},"end":{}}],"line":101},"3":{"loc":{"start":{"line":103,"column":11},"end":{"line":103,"column":null}},"type":"cond-expr","locations":[{"start":{"line":103,"column":34},"end":{"line":103,"column":46}},{"start":{"line":103,"column":46},"end":{"line":103,"column":null}}],"line":103}},"s":{"0":7,"1":6,"2":6,"3":2,"4":2,"5":2,"6":2,"7":0,"8":0,"9":0,"10":0,"11":0,"12":0,"13":0,"14":0,"15":0,"16":0,"17":2,"18":2,"19":2,"20":2,"21":2,"22":4,"23":0,"24":4,"25":4,"26":7,"27":7,"28":7,"29":7,"30":7},"f":{"0":6,"1":2,"2":2,"3":0,"4":0,"5":2,"6":2,"7":4},"b":{"0":[2,0],"1":[2,0],"2":[0,4],"3":[1,3]},"meta":{"lastBranch":4,"lastFunction":8,"lastStatement":31,"seen":{"s:24:7:105:Infinity":0,"f:25:2:25:Infinity":0,"s:26:21:26:Infinity":1,"s:27:21:27:Infinity":2,"f:32:8:32:28":1,"s:33:18:33:Infinity":3,"s:34:4:34:Infinity":4,"f:39:8:39:Infinity":2,"s:44:17:44:Infinity":5,"s:45:4:45:Infinity":6,"f:50:8:50:Infinity":3,"s:56:17:56:Infinity":7,"s:57:16:57:Infinity":8,"s:58:4:58:Infinity":9,"s:59:4:59:Infinity":10,"s:60:4:60:Infinity":11,"f:65:8:65:Infinity":4,"s:71:17:71:Infinity":12,"s:72:17:72:Infinity":13,"s:73:4:73:Infinity":14,"s:74:4:74:Infinity":15,"s:75:4:75:Infinity":16,"f:78:16:78:Infinity":5,"s:83:18:87:Infinity":17,"b:86:14:86:24:86:24:86:Infinity":0,"s:89:4:97:Infinity":18,"f:89:21:89:22":6,"s:90:12:90:Infinity":19,"s:91:36:91:Infinity":20,"b:91:60:91:100:91:100:91:Infinity":1,"s:92:6:96:Infinity":21,"f:100:10:100:19":7,"b:101:4:101:Infinity:undefined:undefined:undefined:undefined":2,"s:101:4:101:Infinity":22,"s:101:16:101:Infinity":23,"s:102:19:102:Infinity":24,"s:103:4:103:Infinity":25,"b:103:34:103:46:103:46:103:Infinity":3,"s:32:8:32:28":26,"s:39:8:39:Infinity":27,"s:50:8:50:Infinity":28,"s:65:8:65:Infinity":29,"s:24:13:24:32":30}}}
,"C:\\Users\\Pablo\\OneDrive\\Documentos\\GitHub\\apinavidad\\src\\modules\\reportes\\reportes.module.ts": {"path":"C:\\Users\\Pablo\\OneDrive\\Documentos\\GitHub\\apinavidad\\src\\modules\\reportes\\reportes.module.ts","statementMap":{"0":{"start":{"line":20,"column":7},"end":{"line":20,"column":null}},"1":{"start":{"line":20,"column":13},"end":{"line":20,"column":28}}},"fnMap":{},"branchMap":{},"s":{"0":6,"1":6},"f":{},"b":{},"meta":{"lastBranch":0,"lastFunction":0,"lastStatement":2,"seen":{"s:20:7:20:Infinity":0,"s:20:13:20:28":1}}}
,"C:\\Users\\Pablo\\OneDrive\\Documentos\\GitHub\\apinavidad\\src\\modules\\shared\\health.controller.ts": {"path":"C:\\Users\\Pablo\\OneDrive\\Documentos\\GitHub\\apinavidad\\src\\modules\\shared\\health.controller.ts","statementMap":{"0":{"start":{"line":20,"column":7},"end":{"line":26,"column":null}},"1":{"start":{"line":24,"column":4},"end":{"line":24,"column":null}},"2":{"start":{"line":23,"column":2},"end":{"line":23,"column":11}},"3":{"start":{"line":20,"column":13},"end":{"line":20,"column":30}}},"fnMap":{"0":{"name":"(anonymous_0)","decl":{"start":{"line":23,"column":2},"end":{"line":23,"column":11}},"loc":{"start":{"line":23,"column":11},"end":{"line":25,"column":null}},"line":23}},"branchMap":{},"s":{"0":6,"1":1,"2":6,"3":6},"f":{"0":1},"b":{},"meta":{"lastBranch":0,"lastFunction":1,"lastStatement":4,"seen":{"s:20:7:26:Infinity":0,"f:23:2:23:11":0,"s:24:4:24:Infinity":1,"s:23:2:23:11":2,"s:20:13:20:30":3}}}
,"C:\\Users\\Pablo\\OneDrive\\Documentos\\GitHub\\apinavidad\\src\\modules\\shared\\pipes\\zod-validation.pipe.ts": {"path":"C:\\Users\\Pablo\\OneDrive\\Documentos\\GitHub\\apinavidad\\src\\modules\\shared\\pipes\\zod-validation.pipe.ts","statementMap":{"0":{"start":{"line":12,"column":7},"end":{"line":23,"column":null}},"1":{"start":{"line":13,"column":31},"end":{"line":13,"column":50}},"2":{"start":{"line":16,"column":19},"end":{"line":16,"column":null}},"3":{"start":{"line":17,"column":4},"end":{"line":20,"column":null}},"4":{"start":{"line":18,"column":25},"end":{"line":18,"column":null}},"5":{"start":{"line":19,"column":6},"end":{"line":19,"column":null}},"6":{"start":{"line":21,"column":4},"end":{"line":21,"column":null}},"7":{"start":{"line":12,"column":13},"end":{"line":12,"column":56}}},"fnMap":{"0":{"name":"(anonymous_0)","decl":{"start":{"line":13,"column":2},"end":{"line":13,"column":31}},"loc":{"start":{"line":13,"column":50},"end":{"line":13,"column":null}},"line":13},"1":{"name":"(anonymous_1)","decl":{"start":{"line":15,"column":2},"end":{"line":15,"column":12}},"loc":{"start":{"line":15,"column":28},"end":{"line":22,"column":null}},"line":15}},"branchMap":{"0":{"loc":{"start":{"line":17,"column":4},"end":{"line":20,"column":null}},"type":"if","locations":[{"start":{"line":17,"column":4},"end":{"line":20,"column":null}},{"start":{},"end":{}}],"line":17},"1":{"loc":{"start":{"line":19,"column":36},"end":{"line":19,"column":76}},"type":"binary-expr","locations":[{"start":{"line":19,"column":36},"end":{"line":19,"column":59}},{"start":{"line":19,"column":59},"end":{"line":19,"column":76}}],"line":19}},"s":{"0":12,"1":85,"2":16,"3":16,"4":1,"5":1,"6":15,"7":12},"f":{"0":85,"1":16},"b":{"0":[1,15],"1":[1,0]},"meta":{"lastBranch":2,"lastFunction":2,"lastStatement":8,"seen":{"s:12:7:23:Infinity":0,"f:13:2:13:31":0,"s:13:31:13:50":1,"f:15:2:15:12":1,"s:16:19:16:Infinity":2,"b:17:4:20:Infinity:undefined:undefined:undefined:undefined":0,"s:17:4:20:Infinity":3,"s:18:25:18:Infinity":4,"s:19:6:19:Infinity":5,"b:19:36:19:59:19:59:19:76":1,"s:21:4:21:Infinity":6,"s:12:13:12:56":7}}}
,"C:\\Users\\Pablo\\OneDrive\\Documentos\\GitHub\\apinavidad\\src\\shared\\logger.ts": {"path":"C:\\Users\\Pablo\\OneDrive\\Documentos\\GitHub\\apinavidad\\src\\shared\\logger.ts","statementMap":{"0":{"start":{"line":17,"column":34},"end":{"line":30,"column":null}},"1":{"start":{"line":17,"column":79},"end":{"line":30,"column":null}},"2":{"start":{"line":32,"column":13},"end":{"line":32,"column":null}}},"fnMap":{"0":{"name":"(anonymous_0)","decl":{"start":{"line":17,"column":34},"end":{"line":17,"column":35}},"loc":{"start":{"line":17,"column":79},"end":{"line":30,"column":null}},"line":17}},"branchMap":{"0":{"loc":{"start":{"line":19,"column":6},"end":{"line":29,"column":null}},"type":"cond-expr","locations":[{"start":{"line":20,"column":6},"end":{"line":28,"column":null}},{"start":{"line":29,"column":6},"end":{"line":29,"column":null}}],"line":19}},"s":{"0":1,"1":3,"2":1},"f":{"0":3},"b":{"0":[1,2]},"meta":{"lastBranch":1,"lastFunction":1,"lastStatement":3,"seen":{"s:17:34:30:Infinity":0,"f:17:34:17:35":0,"s:17:79:30:Infinity":1,"b:20:6:28:Infinity:29:6:29:Infinity":0,"s:32:13:32:Infinity":2}}}
,"C:\\Users\\Pablo\\OneDrive\\Documentos\\GitHub\\apinavidad\\src\\shared\\errors\\AppError.ts": {"path":"C:\\Users\\Pablo\\OneDrive\\Documentos\\GitHub\\apinavidad\\src\\shared\\errors\\AppError.ts","statementMap":{"0":{"start":{"line":14,"column":4},"end":{"line":14,"column":null}},"1":{"start":{"line":10,"column":20},"end":{"line":10,"column":null}},"2":{"start":{"line":11,"column":20},"end":{"line":11,"column":33}},"3":{"start":{"line":12,"column":20},"end":{"line":12,"column":null}}},"fnMap":{"0":{"name":"(anonymous_0)","decl":{"start":{"line":9,"column":2},"end":{"line":9,"column":null}},"loc":{"start":{"line":13,"column":4},"end":{"line":15,"column":null}},"line":13}},"branchMap":{"0":{"loc":{"start":{"line":11,"column":20},"end":{"line":11,"column":null}},"type":"default-arg","locations":[{"start":{"line":11,"column":33},"end":{"line":11,"column":null}}],"line":11}},"s":{"0":27,"1":27,"2":27,"3":27},"f":{"0":27},"b":{"0":[27]},"meta":{"lastBranch":1,"lastFunction":1,"lastStatement":4,"seen":{"f:9:2:9:Infinity":0,"b:11:33:11:Infinity":0,"s:14:4:14:Infinity":0,"s:10:20:10:Infinity":1,"s:11:20:11:33":2,"s:12:20:12:Infinity":3}}}
}
